Running process 192
Running process 193
Running process 194
Running process 195
Running process 196
Running process 197
Running process 198
Running process 199
Process ID: 192
Starting processing of 39 files...
Process ID: 198
Starting processing of 39 files...
Process ID: 199
Starting processing of 39 files...
Process ID: 194
Starting processing of 39 files...
Process ID: 196
Starting processing of 39 files...
Process ID: 197
Starting processing of 39 files...
Process ID: 193
Starting processing of 39 files...
Process ID: 195
Starting processing of 39 files...
JIT compiling flood fill routine from sources... (can take a while on the first run)
Finished JIT compiling
Processed 0/39 files [proc: 197]
JIT compiling flood fill routine from sources... (can take a while on the first run)
Finished JIT compiling
Processed 0/39 files [proc: 198]
JIT compiling flood fill routine from sources... (can take a while on the first run)
Finished JIT compiling
Processed 0/39 files [proc: 199]
JIT compiling flood fill routine from sources... (can take a while on the first run)
Finished JIT compiling
Processed 0/39 files [proc: 193]
JIT compiling flood fill routine from sources... (can take a while on the first run)
Finished JIT compiling
Processed 0/39 files [proc: 194]
JIT compiling flood fill routine from sources... (can take a while on the first run)
Finished JIT compiling
Processed 0/39 files [proc: 196]
JIT compiling flood fill routine from sources... (can take a while on the first run)
Finished JIT compiling
Processed 0/39 files [proc: 195]
JIT compiling flood fill routine from sources... (can take a while on the first run)
Finished JIT compiling
Processed 0/39 files [proc: 192]
All done!
All done!
All done!
All done!
All done!
All done!
All done!
All done!
