Running process 24
Running process 25
Running process 26
Running process 27
Running process 28
Running process 29
Running process 30
Running process 31
Process ID: 26
Starting processing of 39 files...
Process ID: 25
Starting processing of 39 files...
Process ID: 27
Starting processing of 39 files...
Process ID: 24
Starting processing of 40 files...
Process ID: 30
Starting processing of 39 files...
Process ID: 29
Starting processing of 39 files...
Process ID: 28
Starting processing of 39 files...
Process ID: 31
Starting processing of 39 files...
JIT compiling flood fill routine from sources... (can take a while on the first run)
Finished JIT compiling
Processed 0/39 files [proc: 25]
JIT compiling flood fill routine from sources... (can take a while on the first run)
Finished JIT compiling
Processed 0/40 files [proc: 24]
JIT compiling flood fill routine from sources... (can take a while on the first run)
Finished JIT compiling
Processed 0/39 files [proc: 29]
JIT compiling flood fill routine from sources... (can take a while on the first run)
Finished JIT compiling
Processed 0/39 files [proc: 28]
JIT compiling flood fill routine from sources... (can take a while on the first run)
Finished JIT compiling
Processed 0/39 files [proc: 31]
JIT compiling flood fill routine from sources... (can take a while on the first run)
Finished JIT compiling
Processed 0/39 files [proc: 27]
JIT compiling flood fill routine from sources... (can take a while on the first run)
Finished JIT compiling
Processed 0/39 files [proc: 26]
JIT compiling flood fill routine from sources... (can take a while on the first run)
Finished JIT compiling
Processed 0/39 files [proc: 30]
All done!
All done!
All done!
All done!
All done!
All done!
All done!
All done!
