Running process 0
Running process 1
Running process 2
Running process 3
Running process 4
Running process 5
Running process 6
Running process 7
Process ID: 0
Starting processing of 40 files...
Process ID: 5
Starting processing of 40 files...
Process ID: 7
Starting processing of 40 files...
Process ID: 1
Starting processing of 40 files...
Process ID: 4
Starting processing of 40 files...
Process ID: 6
Starting processing of 40 files...
Process ID: 2
Starting processing of 40 files...
Process ID: 3
Starting processing of 40 files...
JIT compiling flood fill routine from sources... (can take a while on the first run)
JIT compiling flood fill routine from sources... (can take a while on the first run)
Finished JIT compiling
Processed 0/40 files [proc: 3]
Finished JIT compiling
Processed 0/40 files [proc: 6]
JIT compiling flood fill routine from sources... (can take a while on the first run)
Finished JIT compiling
Processed 0/40 files [proc: 5]
JIT compiling flood fill routine from sources... (can take a while on the first run)
Finished JIT compiling
Processed 0/40 files [proc: 2]
JIT compiling flood fill routine from sources... (can take a while on the first run)
Finished JIT compiling
Processed 0/40 files [proc: 0]
JIT compiling flood fill routine from sources... (can take a while on the first run)
Finished JIT compiling
Processed 0/40 files [proc: 1]
JIT compiling flood fill routine from sources... (can take a while on the first run)
JIT compiling flood fill routine from sources... (can take a while on the first run)
Finished JIT compiling
Processed 0/40 files [proc: 7]
Finished JIT compiling
Processed 0/40 files [proc: 4]
All done!
All done!
All done!
All done!
All done!
All done!
All done!
All done!
