Running process 240
Running process 241
Running process 242
Running process 243
Running process 244
Running process 245
Running process 246
Running process 247
Process ID: 245
Starting processing of 39 files...
Process ID: 243
Starting processing of 39 files...
Process ID: 244
Starting processing of 39 files...
Process ID: 240
Starting processing of 39 files...
Process ID: 242
Starting processing of 39 files...
Process ID: 247
Starting processing of 39 files...
Process ID: 241
Starting processing of 39 files...
Process ID: 246
Starting processing of 39 files...
JIT compiling flood fill routine from sources... (can take a while on the first run)
JIT compiling flood fill routine from sources... (can take a while on the first run)
Finished JIT compiling
Processed 0/39 files [proc: 241]
Finished JIT compiling
Processed 0/39 files [proc: 243]
JIT compiling flood fill routine from sources... (can take a while on the first run)
Finished JIT compiling
Processed 0/39 files [proc: 245]
JIT compiling flood fill routine from sources... (can take a while on the first run)
Finished JIT compiling
Processed 0/39 files [proc: 246]
JIT compiling flood fill routine from sources... (can take a while on the first run)
Finished JIT compiling
Processed 0/39 files [proc: 247]
JIT compiling flood fill routine from sources... (can take a while on the first run)
Finished JIT compiling
Processed 0/39 files [proc: 242]
JIT compiling flood fill routine from sources... (can take a while on the first run)
Finished JIT compiling
Processed 0/39 files [proc: 244]
JIT compiling flood fill routine from sources... (can take a while on the first run)
Finished JIT compiling
Processed 0/39 files [proc: 240]
All done!
All done!
All done!
All done!
All done!
All done!
All done!
All done!
