Running process 56
Running process 57
Running process 58
Running process 59
Running process 60
Running process 61
Running process 62
Running process 63
Process ID: 61
Starting processing of 39 files...
Process ID: 62
Starting processing of 39 files...
Process ID: 63
Starting processing of 39 files...
Process ID: 59
Starting processing of 39 files...
Process ID: 58
Starting processing of 39 files...
Process ID: 57
Starting processing of 39 files...
Process ID: 60
Starting processing of 39 files...
Process ID: 56
Starting processing of 39 files...
JIT compiling flood fill routine from sources... (can take a while on the first run)
Finished JIT compiling
Processed 0/39 files [proc: 60]
JIT compiling flood fill routine from sources... (can take a while on the first run)
Finished JIT compiling
Processed 0/39 files [proc: 62]
JIT compiling flood fill routine from sources... (can take a while on the first run)
Finished JIT compiling
Processed 0/39 files [proc: 57]
JIT compiling flood fill routine from sources... (can take a while on the first run)
Finished JIT compiling
Processed 0/39 files [proc: 61]
JIT compiling flood fill routine from sources... (can take a while on the first run)
Finished JIT compiling
Processed 0/39 files [proc: 63]
JIT compiling flood fill routine from sources... (can take a while on the first run)
Finished JIT compiling
Processed 0/39 files [proc: 56]
JIT compiling flood fill routine from sources... (can take a while on the first run)
Finished JIT compiling
Processed 0/39 files [proc: 58]
JIT compiling flood fill routine from sources... (can take a while on the first run)
Finished JIT compiling
Processed 0/39 files [proc: 59]
All done!
All done!
All done!
All done!
All done!
All done!
All done!
All done!
