Running process 168
Running process 169
Running process 170
Running process 171
Running process 172
Running process 173
Running process 174
Running process 175
Process ID: 172
Starting processing of 39 files...
Process ID: 170
Starting processing of 39 files...
Process ID: 175
Starting processing of 39 files...
Process ID: 169
Starting processing of 39 files...
Process ID: 173
Starting processing of 39 files...
Process ID: 174
Starting processing of 39 files...
Process ID: 168
Starting processing of 39 files...
Process ID: 171
Starting processing of 39 files...
JIT compiling flood fill routine from sources... (can take a while on the first run)
Finished JIT compiling
Processed 0/39 files [proc: 171]
JIT compiling flood fill routine from sources... (can take a while on the first run)
Finished JIT compiling
Processed 0/39 files [proc: 170]
JIT compiling flood fill routine from sources... (can take a while on the first run)
Finished JIT compiling
Processed 0/39 files [proc: 173]
JIT compiling flood fill routine from sources... (can take a while on the first run)
Finished JIT compiling
Processed 0/39 files [proc: 175]
JIT compiling flood fill routine from sources... (can take a while on the first run)
Finished JIT compiling
Processed 0/39 files [proc: 169]
JIT compiling flood fill routine from sources... (can take a while on the first run)
JIT compiling flood fill routine from sources... (can take a while on the first run)
Finished JIT compiling
Processed 0/39 files [proc: 172]
Finished JIT compiling
Processed 0/39 files [proc: 174]
JIT compiling flood fill routine from sources... (can take a while on the first run)
Finished JIT compiling
Processed 0/39 files [proc: 168]
All done!
All done!
All done!
All done!
All done!
All done!
All done!
All done!
