Running process 152
Running process 153
Running process 154
Running process 155
Running process 156
Running process 157
Running process 158
Running process 159
Process ID: 159
Starting processing of 39 files...
Process ID: 156
Starting processing of 39 files...
Process ID: 154
Starting processing of 39 files...
Process ID: 153
Starting processing of 39 files...
Process ID: 158
Starting processing of 39 files...
Process ID: 152
Starting processing of 39 files...
Process ID: 155
Starting processing of 39 files...
Process ID: 157
Starting processing of 39 files...
JIT compiling flood fill routine from sources... (can take a while on the first run)
Finished JIT compiling
Processed 0/39 files [proc: 157]
JIT compiling flood fill routine from sources... (can take a while on the first run)
Finished JIT compiling
Processed 0/39 files [proc: 153]
JIT compiling flood fill routine from sources... (can take a while on the first run)
Finished JIT compiling
Processed 0/39 files [proc: 154]
JIT compiling flood fill routine from sources... (can take a while on the first run)
Finished JIT compiling
Processed 0/39 files [proc: 156]
JIT compiling flood fill routine from sources... (can take a while on the first run)
Finished JIT compiling
Processed 0/39 files [proc: 152]
JIT compiling flood fill routine from sources... (can take a while on the first run)
Finished JIT compiling
Processed 0/39 files [proc: 159]
JIT compiling flood fill routine from sources... (can take a while on the first run)
Finished JIT compiling
Processed 0/39 files [proc: 158]
JIT compiling flood fill routine from sources... (can take a while on the first run)
Finished JIT compiling
Processed 0/39 files [proc: 155]
All done!
All done!
All done!
All done!
All done!
All done!
All done!
All done!
