Running process 8
Running process 9
Running process 10
Running process 11
Running process 12
Running process 13
Running process 14
Running process 15
Process ID: 13
Starting processing of 40 files...
Process ID: 14
Starting processing of 40 files...
Process ID: 11
Starting processing of 40 files...
Process ID: 10
Starting processing of 40 files...
Process ID: 15
Starting processing of 40 files...
Process ID: 9
Starting processing of 40 files...
Process ID: 12
Starting processing of 40 files...
Process ID: 8
Starting processing of 40 files...
JIT compiling flood fill routine from sources... (can take a while on the first run)
JIT compiling flood fill routine from sources... (can take a while on the first run)
Finished JIT compiling
Processed 0/40 files [proc: 14]
Finished JIT compiling
Processed 0/40 files [proc: 9]
JIT compiling flood fill routine from sources... (can take a while on the first run)
Finished JIT compiling
Processed 0/40 files [proc: 8]
JIT compiling flood fill routine from sources... (can take a while on the first run)
Finished JIT compiling
Processed 0/40 files [proc: 12]
JIT compiling flood fill routine from sources... (can take a while on the first run)
Finished JIT compiling
Processed 0/40 files [proc: 10]
JIT compiling flood fill routine from sources... (can take a while on the first run)
JIT compiling flood fill routine from sources... (can take a while on the first run)
Finished JIT compiling
Processed 0/40 files [proc: 15]
JIT compiling flood fill routine from sources... (can take a while on the first run)
Finished JIT compiling
Processed 0/40 files [proc: 11]
Finished JIT compiling
Processed 0/40 files [proc: 13]
All done!
All done!
All done!
All done!
All done!
All done!
All done!
All done!
