Running process 208
Running process 209
Running process 210
Running process 211
Running process 212
Running process 213
Running process 214
Running process 215
Process ID: 215
Starting processing of 39 files...
Process ID: 212
Starting processing of 39 files...
Process ID: 211
Starting processing of 39 files...
Process ID: 213
Starting processing of 39 files...
Process ID: 209
Starting processing of 39 files...
Process ID: 208
Starting processing of 39 files...
Process ID: 214
Starting processing of 39 files...
Process ID: 210
Starting processing of 39 files...
JIT compiling flood fill routine from sources... (can take a while on the first run)
Finished JIT compiling
Processed 0/39 files [proc: 214]
JIT compiling flood fill routine from sources... (can take a while on the first run)
Finished JIT compiling
Processed 0/39 files [proc: 212]
JIT compiling flood fill routine from sources... (can take a while on the first run)
Finished JIT compiling
Processed 0/39 files [proc: 208]
JIT compiling flood fill routine from sources... (can take a while on the first run)
JIT compiling flood fill routine from sources... (can take a while on the first run)
Finished JIT compiling
Processed 0/39 files [proc: 215]
Finished JIT compiling
Processed 0/39 files [proc: 209]
JIT compiling flood fill routine from sources... (can take a while on the first run)
Finished JIT compiling
Processed 0/39 files [proc: 210]
JIT compiling flood fill routine from sources... (can take a while on the first run)
Finished JIT compiling
Processed 0/39 files [proc: 213]
JIT compiling flood fill routine from sources... (can take a while on the first run)
Finished JIT compiling
Processed 0/39 files [proc: 211]
All done!
All done!
All done!
All done!
All done!
All done!
All done!
All done!
