Running process 96
Running process 97
Running process 98
Running process 99
Running process 100
Running process 101
Running process 102
Running process 103
Process ID: 103
Starting processing of 39 files...
Process ID: 98
Starting processing of 39 files...
Process ID: 100
Starting processing of 39 files...
Process ID: 96
Starting processing of 39 files...
Process ID: 97
Starting processing of 39 files...
Process ID: 102
Starting processing of 39 files...
Process ID: 99
Starting processing of 39 files...
Process ID: 101
Starting processing of 39 files...
JIT compiling flood fill routine from sources... (can take a while on the first run)
Finished JIT compiling
Processed 0/39 files [proc: 100]
JIT compiling flood fill routine from sources... (can take a while on the first run)
Finished JIT compiling
Processed 0/39 files [proc: 98]
JIT compiling flood fill routine from sources... (can take a while on the first run)
Finished JIT compiling
Processed 0/39 files [proc: 97]
JIT compiling flood fill routine from sources... (can take a while on the first run)
Finished JIT compiling
Processed 0/39 files [proc: 99]
JIT compiling flood fill routine from sources... (can take a while on the first run)
Finished JIT compiling
Processed 0/39 files [proc: 102]
JIT compiling flood fill routine from sources... (can take a while on the first run)
Finished JIT compiling
Processed 0/39 files [proc: 96]
JIT compiling flood fill routine from sources... (can take a while on the first run)
Finished JIT compiling
Processed 0/39 files [proc: 101]
JIT compiling flood fill routine from sources... (can take a while on the first run)
Finished JIT compiling
Processed 0/39 files [proc: 103]
All done!
All done!
All done!
All done!
All done!
All done!
All done!
All done!
