Running process 136
Running process 137
Running process 138
Running process 139
Running process 140
Running process 141
Running process 142
Running process 143
Process ID: 136
Starting processing of 39 files...
Process ID: 142
Starting processing of 39 files...
Process ID: 143
Starting processing of 39 files...
Process ID: 137
Starting processing of 39 files...
Process ID: 138
Starting processing of 39 files...
Process ID: 140
Starting processing of 39 files...
Process ID: 141
Starting processing of 39 files...
Process ID: 139
Starting processing of 39 files...
JIT compiling flood fill routine from sources... (can take a while on the first run)
Finished JIT compiling
Processed 0/39 files [proc: 142]
JIT compiling flood fill routine from sources... (can take a while on the first run)
Finished JIT compiling
Processed 0/39 files [proc: 136]
JIT compiling flood fill routine from sources... (can take a while on the first run)
Finished JIT compiling
Processed 0/39 files [proc: 143]
JIT compiling flood fill routine from sources... (can take a while on the first run)
Finished JIT compiling
Processed 0/39 files [proc: 139]
JIT compiling flood fill routine from sources... (can take a while on the first run)
Finished JIT compiling
Processed 0/39 files [proc: 137]
JIT compiling flood fill routine from sources... (can take a while on the first run)
Finished JIT compiling
Processed 0/39 files [proc: 140]
JIT compiling flood fill routine from sources... (can take a while on the first run)
Finished JIT compiling
Processed 0/39 files [proc: 138]
JIT compiling flood fill routine from sources... (can take a while on the first run)
Finished JIT compiling
Processed 0/39 files [proc: 141]
All done!
All done!
All done!
All done!
All done!
All done!
All done!
All done!
