Running process 248
Running process 249
Running process 250
Running process 251
Running process 252
Running process 253
Running process 254
Running process 255
Process ID: 250
Starting processing of 39 files...
Process ID: 251
Starting processing of 39 files...
Process ID: 252
Starting processing of 39 files...
Process ID: 249
Starting processing of 39 files...
Process ID: 255
Starting processing of 39 files...
Process ID: 248
Starting processing of 39 files...
Process ID: 253
Starting processing of 39 files...
Process ID: 254
Starting processing of 39 files...
JIT compiling flood fill routine from sources... (can take a while on the first run)
Finished JIT compiling
Processed 0/39 files [proc: 254]
JIT compiling flood fill routine from sources... (can take a while on the first run)
Finished JIT compiling
Processed 0/39 files [proc: 251]
JIT compiling flood fill routine from sources... (can take a while on the first run)
Finished JIT compiling
Processed 0/39 files [proc: 252]
JIT compiling flood fill routine from sources... (can take a while on the first run)
Finished JIT compiling
Processed 0/39 files [proc: 253]
JIT compiling flood fill routine from sources... (can take a while on the first run)
Finished JIT compiling
Processed 0/39 files [proc: 255]
JIT compiling flood fill routine from sources... (can take a while on the first run)
Finished JIT compiling
Processed 0/39 files [proc: 250]
JIT compiling flood fill routine from sources... (can take a while on the first run)
JIT compiling flood fill routine from sources... (can take a while on the first run)
Finished JIT compiling
Processed 0/39 files [proc: 249]
Finished JIT compiling
Processed 0/39 files [proc: 248]
All done!
All done!
All done!
All done!
All done!
All done!
All done!
All done!
