Running process 216
Running process 217
Running process 218
Running process 219
Running process 220
Running process 221
Running process 222
Running process 223
Process ID: 216
Starting processing of 39 files...
Process ID: 221
Starting processing of 39 files...
Process ID: 217
Starting processing of 39 files...
Process ID: 223
Starting processing of 39 files...
Process ID: 219
Starting processing of 39 files...
Process ID: 218
Starting processing of 39 files...
Process ID: 222
Starting processing of 39 files...
Process ID: 220
Starting processing of 39 files...
JIT compiling flood fill routine from sources... (can take a while on the first run)
Finished JIT compiling
Processed 0/39 files [proc: 221]
JIT compiling flood fill routine from sources... (can take a while on the first run)
Finished JIT compiling
Processed 0/39 files [proc: 223]
JIT compiling flood fill routine from sources... (can take a while on the first run)
Finished JIT compiling
Processed 0/39 files [proc: 220]
JIT compiling flood fill routine from sources... (can take a while on the first run)
Finished JIT compiling
Processed 0/39 files [proc: 218]
JIT compiling flood fill routine from sources... (can take a while on the first run)
Finished JIT compiling
Processed 0/39 files [proc: 219]
JIT compiling flood fill routine from sources... (can take a while on the first run)
Finished JIT compiling
Processed 0/39 files [proc: 222]
JIT compiling flood fill routine from sources... (can take a while on the first run)
Finished JIT compiling
Processed 0/39 files [proc: 216]
JIT compiling flood fill routine from sources... (can take a while on the first run)
Finished JIT compiling
Processed 0/39 files [proc: 217]
All done!
All done!
All done!
All done!
All done!
All done!
All done!
All done!
