Running process 16
Running process 17
Running process 18
Running process 19
Running process 20
Running process 21
Running process 22
Running process 23
Process ID: 16
Starting processing of 40 files...
Process ID: 18
Starting processing of 40 files...
Process ID: 23
Starting processing of 40 files...
Process ID: 19
Starting processing of 40 files...
Process ID: 17
Starting processing of 40 files...
Process ID: 21
Starting processing of 40 files...
Process ID: 22
Starting processing of 40 files...
Process ID: 20
Starting processing of 40 files...
JIT compiling flood fill routine from sources... (can take a while on the first run)
Finished JIT compiling
Processed 0/40 files [proc: 18]
JIT compiling flood fill routine from sources... (can take a while on the first run)
Finished JIT compiling
Processed 0/40 files [proc: 17]
JIT compiling flood fill routine from sources... (can take a while on the first run)
Finished JIT compiling
Processed 0/40 files [proc: 19]
JIT compiling flood fill routine from sources... (can take a while on the first run)
Finished JIT compiling
Processed 0/40 files [proc: 20]
JIT compiling flood fill routine from sources... (can take a while on the first run)
Finished JIT compiling
Processed 0/40 files [proc: 22]
JIT compiling flood fill routine from sources... (can take a while on the first run)
Finished JIT compiling
Processed 0/40 files [proc: 23]
JIT compiling flood fill routine from sources... (can take a while on the first run)
Finished JIT compiling
Processed 0/40 files [proc: 21]
JIT compiling flood fill routine from sources... (can take a while on the first run)
Finished JIT compiling
Processed 0/40 files [proc: 16]
All done!
All done!
All done!
All done!
All done!
All done!
All done!
All done!
