Running process 72
Running process 73
Running process 74
Running process 75
Running process 76
Running process 77
Running process 78
Running process 79
Process ID: 74
Starting processing of 39 files...
Process ID: 72
Starting processing of 39 files...
Process ID: 78
Starting processing of 39 files...
Process ID: 73
Starting processing of 39 files...
Process ID: 76
Starting processing of 39 files...
Process ID: 79
Starting processing of 39 files...
Process ID: 77
Starting processing of 39 files...
Process ID: 75
Starting processing of 39 files...
JIT compiling flood fill routine from sources... (can take a while on the first run)
Finished JIT compiling
Processed 0/39 files [proc: 78]
JIT compiling flood fill routine from sources... (can take a while on the first run)
Finished JIT compiling
Processed 0/39 files [proc: 74]
JIT compiling flood fill routine from sources... (can take a while on the first run)
Finished JIT compiling
Processed 0/39 files [proc: 77]
JIT compiling flood fill routine from sources... (can take a while on the first run)
Finished JIT compiling
Processed 0/39 files [proc: 73]
JIT compiling flood fill routine from sources... (can take a while on the first run)
Finished JIT compiling
Processed 0/39 files [proc: 79]
JIT compiling flood fill routine from sources... (can take a while on the first run)
Finished JIT compiling
Processed 0/39 files [proc: 76]
JIT compiling flood fill routine from sources... (can take a while on the first run)
Finished JIT compiling
Processed 0/39 files [proc: 75]
JIT compiling flood fill routine from sources... (can take a while on the first run)
Finished JIT compiling
Processed 0/39 files [proc: 72]
All done!
All done!
All done!
All done!
All done!
All done!
All done!
All done!
