master_addr is only used for static rdzv_backend and when rdzv_endpoint is not specified.
WARNING:torch.distributed.run:
*****************************************
Setting OMP_NUM_THREADS environment variable for each process to be 1 in default, to avoid your system being overloaded, please further tune the variable for optimal performance in your application as needed. 
*****************************************
| distributed init (rank 1): env://, gpu 1
| distributed init (rank 0): env://, gpu 0
| distributed init (rank 6): env://, gpu 6
| distributed init (rank 7): env://, gpu 7
| distributed init (rank 5): env://, gpu 5
| distributed init (rank 4): env://, gpu 4
| distributed init (rank 3): env://, gpu 3
| distributed init (rank 2): env://, gpu 2
[01:45:32.040757] Input args:
 {
    "accum_iter": 2,
    "ae": "kl_d512_m512_l8",
    "ae_pth": "output/graph_edit/ae/ae_m512.pth",
    "alt_ae_embeds": null,
    "batch_size": 16,
    "blr": 0.0001,
    "clip_grad": 3.0,
    "data_path": "/ibex/user/slimhy/ShapeWalk/",
    "data_type": "release",
    "dataset": "graphedits",
    "debug_mode": false,
    "debug_with_forward": false,
    "device": "cuda",
    "dist_backend": "nccl",
    "dist_eval": true,
    "dist_on_itp": false,
    "dist_url": "env://",
    "distributed": true,
    "epochs": 200,
    "eval": false,
    "exp_name": "ldm_scratch__ft__alt_lr__no_ca__deep_proj",
    "fetch_keys": false,
    "ft_bert": false,
    "gpu": 0,
    "intensity_loss": false,
    "is_diff": true,
    "is_direct": false,
    "is_mlp": false,
    "is_nrl_listener": false,
    "layer_decay": 0.75,
    "local_rank": -1,
    "log_dir": "output/graph_edit/dm/ldm_scratch__ft__alt_lr__no_ca__deep_proj",
    "lr": null,
    "max_edge_level": 1,
    "min_lr": 1e-08,
    "model": "kl_d512_m512_l8_d24_no_ca_edm__deep_proj",
    "n_replicas": 1,
    "num_workers": 8,
    "output_dir": "output/graph_edit/dm/ldm_scratch__ft__alt_lr__no_ca__deep_proj",
    "pin_mem": true,
    "plateau_scheduler": false,
    "point_cloud_size": 2048,
    "rank": 0,
    "resume": "output/graph_edit/dm/ldm_scratch__ft__alt_lr__no_ca__deep_proj/checkpoint-99.pth",
    "resume_full_weights": true,
    "resume_mismatch": false,
    "resume_weights": false,
    "save_every_n": 5,
    "seed": 0,
    "start_epoch": 0,
    "text_model_name": "bert-base-uncased",
    "use_adam": false,
    "use_clip": false,
    "use_embeds": true,
    "valid_step": 5,
    "wandb_id": null,
    "warmup_epochs": 20,
    "weight_decay": 0.05,
    "world_size": 8
}
[01:45:32.042098] Job dir: /ibex/user/slimhy/Shape2VecSet/code
[01:45:32.043797] |Train| size = [9882]
[01:45:32.044152] |Valid| size = [4160]
[01:45:33.277505] Model = EDMTextCondNoCA(
  (edm_model): EDMConcatAll(
    (model): LatentArrayTransformer(
      (proj_in): Linear(in_features=24, out_features=512, bias=False)
      (transformer_blocks): ModuleList(
        (0-23): 24 x BasicTransformerBlock(
          (attn1): CrossAttention(
            (to_q): Linear(in_features=512, out_features=512, bias=False)
            (to_k): Linear(in_features=512, out_features=512, bias=False)
            (to_v): Linear(in_features=512, out_features=512, bias=False)
            (to_out): Sequential(
              (0): Linear(in_features=512, out_features=512, bias=True)
              (1): Dropout(p=0.0, inplace=False)
            )
          )
          (ff): FeedForward(
            (net): Sequential(
              (0): GEGLU(
                (proj): Linear(in_features=512, out_features=4096, bias=True)
              )
              (1): Dropout(p=0.0, inplace=False)
              (2): Linear(in_features=2048, out_features=512, bias=True)
            )
          )
          (attn2): CrossAttention(
            (to_q): Linear(in_features=512, out_features=512, bias=False)
            (to_k): Linear(in_features=512, out_features=512, bias=False)
            (to_v): Linear(in_features=512, out_features=512, bias=False)
            (to_out): Sequential(
              (0): Linear(in_features=512, out_features=512, bias=True)
              (1): Dropout(p=0.0, inplace=False)
            )
          )
          (norm1): AdaLayerNorm(
            (silu): SiLU()
            (linear): Linear(in_features=512, out_features=1024, bias=True)
            (layernorm): LayerNorm((512,), eps=1e-05, elementwise_affine=False)
          )
          (norm2): AdaLayerNorm(
            (silu): SiLU()
            (linear): Linear(in_features=512, out_features=1024, bias=True)
            (layernorm): LayerNorm((512,), eps=1e-05, elementwise_affine=False)
          )
          (norm3): AdaLayerNorm(
            (silu): SiLU()
            (linear): Linear(in_features=512, out_features=1024, bias=True)
            (layernorm): LayerNorm((512,), eps=1e-05, elementwise_affine=False)
          )
          (ls1): Identity()
          (drop_path1): Identity()
          (ls2): Identity()
          (drop_path2): Identity()
          (ls3): Identity()
          (drop_path3): Identity()
        )
      )
      (norm): LayerNorm((512,), eps=1e-05, elementwise_affine=True)
      (proj_out): Linear(in_features=512, out_features=8, bias=False)
      (map_noise): PositionalEmbedding()
      (map_layer0): Linear(in_features=256, out_features=512, bias=True)
      (map_layer1): Linear(in_features=512, out_features=512, bias=True)
    )
    (category_emb): Embedding(55, 512)
  )
  (linear_proj): Sequential(
    (0): Linear(in_features=768, out_features=768, bias=True)
    (1): GELU(approximate='none')
    (2): Linear(in_features=768, out_features=512, bias=True)
    (3): GELU(approximate='none')
    (4): Linear(in_features=512, out_features=512, bias=True)
  )
)
[01:45:33.278065] Params (M): 165.47
wandb: Currently logged in as: habib-slim (shapewalk). Use `wandb login --relogin` to force relogin
wandb: wandb version 0.16.2 is available!  To upgrade, please run:
wandb:  $ pip install wandb --upgrade
wandb: Tracking run with wandb version 0.15.12
wandb: Run data is saved locally in /ibex/user/slimhy/Shape2VecSet/wandb/run-20240129_014536-n74jbtq0
wandb: Run `wandb offline` to turn off syncing.
wandb: Syncing run ldm_scratch__ft__alt_lr__no_ca__deep_proj__ht6cnq50
wandb: ⭐️ View project at https://wandb.ai/shapewalk/shape2vecset
wandb: 🚀 View run at https://wandb.ai/shapewalk/shape2vecset/runs/n74jbtq0
[01:45:44.439538] Model params:
 {
    "accum_iter": 2,
    "base_blr": 0.0001,
    "batch_size": 16,
    "clip_grad": 3.0,
    "dist_eval": true,
    "eff_batch_size": 256,
    "epochs": 200,
    "eval": false,
    "layer_decay": 0.75,
    "lr": 0.0001,
    "max_edge_level": 1,
    "min_lr": 1e-08,
    "model": "kl_d512_m512_l8_d24_no_ca_edm__deep_proj",
    "resume": "output/graph_edit/dm/ldm_scratch__ft__alt_lr__no_ca__deep_proj/checkpoint-99.pth",
    "resume_full_weights": true,
    "start_epoch": 0,
    "weight_decay": 0.05
}
[01:45:48.474335] Resume checkpoint output/graph_edit/dm/ldm_scratch__ft__alt_lr__no_ca__deep_proj/checkpoint-99.pth
[01:45:49.551960] With optim & sched!
[01:45:49.558977] Loaded full EDM wrapper + DM weights from checkpoint.
[01:45:49.559565] Start training for 200 epochs
[01:45:54.157122] Epoch: [100]  [  0/617]  eta: 0:47:05  lr: 0.000059  loss: 0.6345 (0.6345)  time: 4.5796  data: 0.9071  max mem: 17682
[01:46:28.672905] Epoch: [100]  [ 50/617]  eta: 0:07:14  lr: 0.000059  loss: 0.6436 (0.6476)  time: 0.6771  data: 0.0002  max mem: 18309
[01:47:02.971577] Epoch: [100]  [100/617]  eta: 0:06:15  lr: 0.000059  loss: 0.6501 (0.6460)  time: 0.6796  data: 0.0002  max mem: 18309
[01:47:36.996322] Epoch: [100]  [150/617]  eta: 0:05:32  lr: 0.000058  loss: 0.6561 (0.6477)  time: 0.6806  data: 0.0002  max mem: 18309
[01:48:11.054951] Epoch: [100]  [200/617]  eta: 0:04:53  lr: 0.000058  loss: 0.6515 (0.6483)  time: 0.6807  data: 0.0002  max mem: 18309
[01:48:45.138454] Epoch: [100]  [250/617]  eta: 0:04:16  lr: 0.000058  loss: 0.6613 (0.6487)  time: 0.6818  data: 0.0002  max mem: 18309
[01:49:19.249260] Epoch: [100]  [300/617]  eta: 0:03:40  lr: 0.000058  loss: 0.6501 (0.6482)  time: 0.6820  data: 0.0002  max mem: 18309
[01:49:53.351840] Epoch: [100]  [350/617]  eta: 0:03:05  lr: 0.000058  loss: 0.6579 (0.6487)  time: 0.6820  data: 0.0002  max mem: 18309
[01:50:27.477244] Epoch: [100]  [400/617]  eta: 0:02:30  lr: 0.000058  loss: 0.6500 (0.6494)  time: 0.6824  data: 0.0002  max mem: 18309
[01:51:01.590524] Epoch: [100]  [450/617]  eta: 0:01:55  lr: 0.000058  loss: 0.6312 (0.6485)  time: 0.6821  data: 0.0002  max mem: 18309
[01:51:35.909244] Epoch: [100]  [500/617]  eta: 0:01:20  lr: 0.000058  loss: 0.6442 (0.6483)  time: 0.6826  data: 0.0002  max mem: 18309
[01:52:10.052572] Epoch: [100]  [550/617]  eta: 0:00:46  lr: 0.000058  loss: 0.6427 (0.6481)  time: 0.6830  data: 0.0002  max mem: 18309
[01:52:44.188567] Epoch: [100]  [600/617]  eta: 0:00:11  lr: 0.000058  loss: 0.6442 (0.6480)  time: 0.6827  data: 0.0002  max mem: 18309
[01:52:55.100257] Epoch: [100]  [616/617]  eta: 0:00:00  lr: 0.000058  loss: 0.6439 (0.6481)  time: 0.6822  data: 0.0001  max mem: 18309
[01:52:55.314594] Epoch: [100] Total time: 0:07:05 (0.6900 s / it)
[01:52:55.343849] Averaged stats: lr: 0.000058  loss: 0.6439 (0.6457)
[01:52:58.711727] Test:  [ 0/33]  eta: 0:00:23  loss: 0.6156 (0.6156)  time: 0.7016  data: 0.4633  max mem: 18309
[01:53:05.709672] Test:  [32/33]  eta: 0:00:00  loss: 0.6438 (0.6437)  time: 0.2164  data: 0.0001  max mem: 18309
[01:53:05.822275] Test: Total time: 0:00:07 (0.2368 s / it)
[01:53:05.824048] * loss 0.645
[01:53:05.825489] loss on 4160 validation shape pairs: 0.645
[01:53:07.095171] Epoch: [101]  [  0/617]  eta: 0:12:58  lr: 0.000058  loss: 0.6770 (0.6770)  time: 1.2616  data: 0.5016  max mem: 18309
[01:53:41.185925] Epoch: [101]  [ 50/617]  eta: 0:06:32  lr: 0.000058  loss: 0.6457 (0.6422)  time: 0.6820  data: 0.0002  max mem: 18309
[01:54:15.299009] Epoch: [101]  [100/617]  eta: 0:05:55  lr: 0.000058  loss: 0.6502 (0.6448)  time: 0.6824  data: 0.0002  max mem: 18309
[01:54:49.423547] Epoch: [101]  [150/617]  eta: 0:05:20  lr: 0.000058  loss: 0.6339 (0.6421)  time: 0.6825  data: 0.0002  max mem: 18309
[01:55:23.638414] Epoch: [101]  [200/617]  eta: 0:04:45  lr: 0.000058  loss: 0.6369 (0.6424)  time: 0.6879  data: 0.0002  max mem: 18309
[01:55:58.125551] Epoch: [101]  [250/617]  eta: 0:04:11  lr: 0.000057  loss: 0.6390 (0.6427)  time: 0.6936  data: 0.0002  max mem: 18309
[01:56:32.364133] Epoch: [101]  [300/617]  eta: 0:03:37  lr: 0.000057  loss: 0.6218 (0.6426)  time: 0.6826  data: 0.0002  max mem: 18309
[01:57:06.511978] Epoch: [101]  [350/617]  eta: 0:03:03  lr: 0.000057  loss: 0.6480 (0.6424)  time: 0.6826  data: 0.0001  max mem: 18309
[01:57:40.646196] Epoch: [101]  [400/617]  eta: 0:02:28  lr: 0.000057  loss: 0.6496 (0.6432)  time: 0.6831  data: 0.0002  max mem: 18309
[01:58:14.770497] Epoch: [101]  [450/617]  eta: 0:01:54  lr: 0.000057  loss: 0.6458 (0.6435)  time: 0.6820  data: 0.0002  max mem: 18309
[01:58:48.898960] Epoch: [101]  [500/617]  eta: 0:01:20  lr: 0.000057  loss: 0.6473 (0.6442)  time: 0.6825  data: 0.0002  max mem: 18309
[01:59:23.033636] Epoch: [101]  [550/617]  eta: 0:00:45  lr: 0.000057  loss: 0.6379 (0.6448)  time: 0.6823  data: 0.0002  max mem: 18309
[01:59:57.252174] Epoch: [101]  [600/617]  eta: 0:00:11  lr: 0.000057  loss: 0.6416 (0.6452)  time: 0.6869  data: 0.0002  max mem: 18309
[02:00:08.234901] Epoch: [101]  [616/617]  eta: 0:00:00  lr: 0.000057  loss: 0.6512 (0.6456)  time: 0.6855  data: 0.0002  max mem: 18309
[02:00:08.511456] Epoch: [101] Total time: 0:07:02 (0.6851 s / it)
[02:00:08.513248] Averaged stats: lr: 0.000057  loss: 0.6512 (0.6461)
[02:00:09.784832] Epoch: [102]  [  0/617]  eta: 0:12:58  lr: 0.000057  loss: 0.6730 (0.6730)  time: 1.2624  data: 0.3594  max mem: 18309
[02:00:44.206353] Epoch: [102]  [ 50/617]  eta: 0:06:36  lr: 0.000057  loss: 0.6461 (0.6462)  time: 0.6822  data: 0.0002  max mem: 18309
[02:01:18.359448] Epoch: [102]  [100/617]  eta: 0:05:57  lr: 0.000057  loss: 0.6244 (0.6425)  time: 0.6833  data: 0.0002  max mem: 18309
[02:01:52.473793] Epoch: [102]  [150/617]  eta: 0:05:21  lr: 0.000057  loss: 0.6469 (0.6431)  time: 0.6822  data: 0.0002  max mem: 18309
[02:02:26.629279] Epoch: [102]  [200/617]  eta: 0:04:46  lr: 0.000057  loss: 0.6388 (0.6440)  time: 0.6833  data: 0.0002  max mem: 18309
[02:03:00.762647] Epoch: [102]  [250/617]  eta: 0:04:11  lr: 0.000057  loss: 0.6484 (0.6450)  time: 0.6829  data: 0.0002  max mem: 18309
[02:03:34.925651] Epoch: [102]  [300/617]  eta: 0:03:37  lr: 0.000057  loss: 0.6446 (0.6459)  time: 0.6836  data: 0.0002  max mem: 18309
[02:04:09.123471] Epoch: [102]  [350/617]  eta: 0:03:03  lr: 0.000056  loss: 0.6218 (0.6455)  time: 0.6855  data: 0.0002  max mem: 18309
[02:04:43.383065] Epoch: [102]  [400/617]  eta: 0:02:28  lr: 0.000056  loss: 0.6584 (0.6454)  time: 0.6840  data: 0.0002  max mem: 18309
[02:05:17.730242] Epoch: [102]  [450/617]  eta: 0:01:54  lr: 0.000056  loss: 0.6610 (0.6460)  time: 0.6828  data: 0.0002  max mem: 18309
[02:05:51.887711] Epoch: [102]  [500/617]  eta: 0:01:20  lr: 0.000056  loss: 0.6343 (0.6460)  time: 0.6835  data: 0.0002  max mem: 18309
[02:06:26.012769] Epoch: [102]  [550/617]  eta: 0:00:45  lr: 0.000056  loss: 0.6504 (0.6460)  time: 0.6824  data: 0.0002  max mem: 18309
[02:07:00.167548] Epoch: [102]  [600/617]  eta: 0:00:11  lr: 0.000056  loss: 0.6584 (0.6464)  time: 0.6833  data: 0.0002  max mem: 18309
[02:07:11.075415] Epoch: [102]  [616/617]  eta: 0:00:00  lr: 0.000056  loss: 0.6369 (0.6460)  time: 0.6819  data: 0.0002  max mem: 18309
[02:07:11.257696] Epoch: [102] Total time: 0:07:02 (0.6851 s / it)
[02:07:11.302018] Averaged stats: lr: 0.000056  loss: 0.6369 (0.6447)
[02:07:12.589424] Epoch: [103]  [  0/617]  eta: 0:13:08  lr: 0.000056  loss: 0.6448 (0.6448)  time: 1.2784  data: 0.3597  max mem: 18309
[02:07:46.706309] Epoch: [103]  [ 50/617]  eta: 0:06:33  lr: 0.000056  loss: 0.6640 (0.6479)  time: 0.6821  data: 0.0002  max mem: 18309
[02:08:20.830604] Epoch: [103]  [100/617]  eta: 0:05:55  lr: 0.000056  loss: 0.6309 (0.6460)  time: 0.6824  data: 0.0002  max mem: 18309
[02:08:55.233805] Epoch: [103]  [150/617]  eta: 0:05:21  lr: 0.000056  loss: 0.6452 (0.6459)  time: 0.6869  data: 0.0002  max mem: 18309
[02:09:29.595831] Epoch: [103]  [200/617]  eta: 0:04:46  lr: 0.000056  loss: 0.6389 (0.6444)  time: 0.6877  data: 0.0002  max mem: 18309
[02:10:03.729116] Epoch: [103]  [250/617]  eta: 0:04:12  lr: 0.000056  loss: 0.6577 (0.6445)  time: 0.6828  data: 0.0002  max mem: 18309
[02:10:37.865243] Epoch: [103]  [300/617]  eta: 0:03:37  lr: 0.000056  loss: 0.6424 (0.6443)  time: 0.6825  data: 0.0002  max mem: 18309
[02:11:11.992748] Epoch: [103]  [350/617]  eta: 0:03:03  lr: 0.000056  loss: 0.6558 (0.6451)  time: 0.6827  data: 0.0002  max mem: 18309
[02:11:46.115345] Epoch: [103]  [400/617]  eta: 0:02:28  lr: 0.000056  loss: 0.6607 (0.6461)  time: 0.6821  data: 0.0001  max mem: 18309
[02:12:20.252056] Epoch: [103]  [450/617]  eta: 0:01:54  lr: 0.000055  loss: 0.6530 (0.6463)  time: 0.6830  data: 0.0002  max mem: 18309
[02:12:54.397252] Epoch: [103]  [500/617]  eta: 0:01:20  lr: 0.000055  loss: 0.6420 (0.6463)  time: 0.6825  data: 0.0002  max mem: 18309
[02:13:28.893156] Epoch: [103]  [550/617]  eta: 0:00:45  lr: 0.000055  loss: 0.6520 (0.6462)  time: 0.6874  data: 0.0002  max mem: 18309
[02:14:03.231971] Epoch: [103]  [600/617]  eta: 0:00:11  lr: 0.000055  loss: 0.6327 (0.6462)  time: 0.6895  data: 0.0002  max mem: 18309
[02:14:14.140795] Epoch: [103]  [616/617]  eta: 0:00:00  lr: 0.000055  loss: 0.6591 (0.6462)  time: 0.6820  data: 0.0001  max mem: 18309
[02:14:14.324087] Epoch: [103] Total time: 0:07:03 (0.6856 s / it)
[02:14:14.356159] Averaged stats: lr: 0.000055  loss: 0.6591 (0.6448)
[02:14:15.629548] Epoch: [104]  [  0/617]  eta: 0:12:59  lr: 0.000055  loss: 0.6747 (0.6747)  time: 1.2636  data: 0.3629  max mem: 18309
[02:14:49.757400] Epoch: [104]  [ 50/617]  eta: 0:06:33  lr: 0.000055  loss: 0.6459 (0.6488)  time: 0.6828  data: 0.0002  max mem: 18309
[02:15:23.876170] Epoch: [104]  [100/617]  eta: 0:05:55  lr: 0.000055  loss: 0.6444 (0.6494)  time: 0.6823  data: 0.0002  max mem: 18309
[02:15:58.031076] Epoch: [104]  [150/617]  eta: 0:05:20  lr: 0.000055  loss: 0.6469 (0.6481)  time: 0.6832  data: 0.0002  max mem: 18309
[02:16:32.161727] Epoch: [104]  [200/617]  eta: 0:04:45  lr: 0.000055  loss: 0.6404 (0.6471)  time: 0.6825  data: 0.0002  max mem: 18309
[02:17:06.310324] Epoch: [104]  [250/617]  eta: 0:04:11  lr: 0.000055  loss: 0.6437 (0.6475)  time: 0.6834  data: 0.0002  max mem: 18309
[02:17:40.804253] Epoch: [104]  [300/617]  eta: 0:03:37  lr: 0.000055  loss: 0.6449 (0.6470)  time: 0.7000  data: 0.0002  max mem: 18309
[02:18:15.136311] Epoch: [104]  [350/617]  eta: 0:03:03  lr: 0.000055  loss: 0.6444 (0.6470)  time: 0.6833  data: 0.0002  max mem: 18309
[02:18:49.406821] Epoch: [104]  [400/617]  eta: 0:02:28  lr: 0.000055  loss: 0.6341 (0.6466)  time: 0.6832  data: 0.0002  max mem: 18309
[02:19:23.573450] Epoch: [104]  [450/617]  eta: 0:01:54  lr: 0.000055  loss: 0.6400 (0.6466)  time: 0.6833  data: 0.0002  max mem: 18309
[02:19:57.723834] Epoch: [104]  [500/617]  eta: 0:01:20  lr: 0.000055  loss: 0.6340 (0.6454)  time: 0.6829  data: 0.0002  max mem: 18309
[02:20:31.878546] Epoch: [104]  [550/617]  eta: 0:00:45  lr: 0.000054  loss: 0.6347 (0.6456)  time: 0.6831  data: 0.0002  max mem: 18309
[02:21:06.024596] Epoch: [104]  [600/617]  eta: 0:00:11  lr: 0.000054  loss: 0.6465 (0.6459)  time: 0.6831  data: 0.0002  max mem: 18309
[02:21:16.943020] Epoch: [104]  [616/617]  eta: 0:00:00  lr: 0.000054  loss: 0.6289 (0.6455)  time: 0.6825  data: 0.0001  max mem: 18309
[02:21:17.123408] Epoch: [104] Total time: 0:07:02 (0.6852 s / it)
[02:21:17.173213] Averaged stats: lr: 0.000054  loss: 0.6289 (0.6445)
[02:21:18.457243] Epoch: [105]  [  0/617]  eta: 0:13:06  lr: 0.000054  loss: 0.6199 (0.6199)  time: 1.2749  data: 0.3611  max mem: 18309
[02:21:52.603041] Epoch: [105]  [ 50/617]  eta: 0:06:33  lr: 0.000054  loss: 0.6439 (0.6473)  time: 0.6827  data: 0.0002  max mem: 18309
[02:22:27.039129] Epoch: [105]  [100/617]  eta: 0:05:57  lr: 0.000054  loss: 0.6491 (0.6466)  time: 0.6824  data: 0.0002  max mem: 18309
[02:23:01.248338] Epoch: [105]  [150/617]  eta: 0:05:21  lr: 0.000054  loss: 0.6605 (0.6470)  time: 0.6826  data: 0.0001  max mem: 18309
[02:23:35.395074] Epoch: [105]  [200/617]  eta: 0:04:46  lr: 0.000054  loss: 0.6456 (0.6474)  time: 0.6830  data: 0.0001  max mem: 18309
[02:24:09.563890] Epoch: [105]  [250/617]  eta: 0:04:12  lr: 0.000054  loss: 0.6352 (0.6466)  time: 0.6832  data: 0.0002  max mem: 18309
[02:24:43.714719] Epoch: [105]  [300/617]  eta: 0:03:37  lr: 0.000054  loss: 0.6526 (0.6462)  time: 0.6829  data: 0.0002  max mem: 18309
[02:25:17.885950] Epoch: [105]  [350/617]  eta: 0:03:03  lr: 0.000054  loss: 0.6469 (0.6463)  time: 0.6832  data: 0.0002  max mem: 18309
[02:25:52.037920] Epoch: [105]  [400/617]  eta: 0:02:28  lr: 0.000054  loss: 0.6474 (0.6462)  time: 0.6830  data: 0.0002  max mem: 18309
[02:26:26.198395] Epoch: [105]  [450/617]  eta: 0:01:54  lr: 0.000054  loss: 0.6411 (0.6454)  time: 0.6828  data: 0.0002  max mem: 18309
[02:27:00.608054] Epoch: [105]  [500/617]  eta: 0:01:20  lr: 0.000054  loss: 0.6387 (0.6449)  time: 0.6861  data: 0.0002  max mem: 18309
[02:27:34.796394] Epoch: [105]  [550/617]  eta: 0:00:45  lr: 0.000054  loss: 0.6381 (0.6448)  time: 0.6831  data: 0.0002  max mem: 18309
[02:28:08.961727] Epoch: [105]  [600/617]  eta: 0:00:11  lr: 0.000054  loss: 0.6407 (0.6445)  time: 0.6835  data: 0.0002  max mem: 18309
[02:28:19.892664] Epoch: [105]  [616/617]  eta: 0:00:00  lr: 0.000053  loss: 0.6476 (0.6447)  time: 0.6832  data: 0.0002  max mem: 18309
[02:28:20.071659] Epoch: [105] Total time: 0:07:02 (0.6854 s / it)
[02:28:20.118345] Averaged stats: lr: 0.000053  loss: 0.6476 (0.6451)
[02:28:23.302120] Test:  [ 0/33]  eta: 0:00:18  loss: 0.6438 (0.6438)  time: 0.5654  data: 0.3315  max mem: 18309
[02:28:30.303026] Test:  [32/33]  eta: 0:00:00  loss: 0.6407 (0.6397)  time: 0.2168  data: 0.0001  max mem: 18309
[02:28:30.374846] Test: Total time: 0:00:07 (0.2315 s / it)
[02:28:30.376743] * loss 0.645
[02:28:30.377618] loss on 4160 validation shape pairs: 0.645
[02:28:31.644408] Epoch: [106]  [  0/617]  eta: 0:12:58  lr: 0.000053  loss: 0.6427 (0.6427)  time: 1.2609  data: 0.3562  max mem: 18309
[02:29:05.773153] Epoch: [106]  [ 50/617]  eta: 0:06:33  lr: 0.000053  loss: 0.6471 (0.6464)  time: 0.6828  data: 0.0002  max mem: 18309
[02:29:39.925333] Epoch: [106]  [100/617]  eta: 0:05:55  lr: 0.000053  loss: 0.6426 (0.6456)  time: 0.6829  data: 0.0002  max mem: 18309
[02:30:14.070888] Epoch: [106]  [150/617]  eta: 0:05:20  lr: 0.000053  loss: 0.6439 (0.6458)  time: 0.6828  data: 0.0002  max mem: 18309
[02:30:48.229810] Epoch: [106]  [200/617]  eta: 0:04:45  lr: 0.000053  loss: 0.6467 (0.6447)  time: 0.6830  data: 0.0002  max mem: 18309
[02:31:23.047929] Epoch: [106]  [250/617]  eta: 0:04:12  lr: 0.000053  loss: 0.6360 (0.6431)  time: 0.6913  data: 0.0002  max mem: 18309
[02:31:57.185250] Epoch: [106]  [300/617]  eta: 0:03:37  lr: 0.000053  loss: 0.6459 (0.6444)  time: 0.6824  data: 0.0002  max mem: 18309
[02:32:31.328545] Epoch: [106]  [350/617]  eta: 0:03:03  lr: 0.000053  loss: 0.6339 (0.6449)  time: 0.6829  data: 0.0002  max mem: 18309
[02:33:05.485013] Epoch: [106]  [400/617]  eta: 0:02:28  lr: 0.000053  loss: 0.6401 (0.6449)  time: 0.6828  data: 0.0002  max mem: 18309
[02:33:39.624877] Epoch: [106]  [450/617]  eta: 0:01:54  lr: 0.000053  loss: 0.6427 (0.6447)  time: 0.6827  data: 0.0002  max mem: 18309
[02:34:13.782015] Epoch: [106]  [500/617]  eta: 0:01:20  lr: 0.000053  loss: 0.6442 (0.6456)  time: 0.6829  data: 0.0002  max mem: 18309
[02:34:47.932650] Epoch: [106]  [550/617]  eta: 0:00:45  lr: 0.000053  loss: 0.6365 (0.6449)  time: 0.6828  data: 0.0002  max mem: 18309
[02:35:22.132907] Epoch: [106]  [600/617]  eta: 0:00:11  lr: 0.000053  loss: 0.6431 (0.6453)  time: 0.6854  data: 0.0002  max mem: 18309
[02:35:33.241375] Epoch: [106]  [616/617]  eta: 0:00:00  lr: 0.000053  loss: 0.6471 (0.6453)  time: 0.6918  data: 0.0002  max mem: 18309
[02:35:33.432127] Epoch: [106] Total time: 0:07:03 (0.6857 s / it)
[02:35:33.473430] Averaged stats: lr: 0.000053  loss: 0.6471 (0.6451)
[02:35:34.749717] Epoch: [107]  [  0/617]  eta: 0:13:01  lr: 0.000053  loss: 0.6551 (0.6551)  time: 1.2667  data: 0.3592  max mem: 18309
[02:36:09.131254] Epoch: [107]  [ 50/617]  eta: 0:06:36  lr: 0.000053  loss: 0.6475 (0.6493)  time: 0.6834  data: 0.0002  max mem: 18309
[02:36:43.352948] Epoch: [107]  [100/617]  eta: 0:05:57  lr: 0.000052  loss: 0.6283 (0.6516)  time: 0.6828  data: 0.0002  max mem: 18309
[02:37:17.515923] Epoch: [107]  [150/617]  eta: 0:05:21  lr: 0.000052  loss: 0.6354 (0.6494)  time: 0.6837  data: 0.0002  max mem: 18309
[02:37:51.651761] Epoch: [107]  [200/617]  eta: 0:04:46  lr: 0.000052  loss: 0.6294 (0.6481)  time: 0.6827  data: 0.0002  max mem: 18309
[02:38:25.805423] Epoch: [107]  [250/617]  eta: 0:04:11  lr: 0.000052  loss: 0.6503 (0.6485)  time: 0.6832  data: 0.0002  max mem: 18309
[02:38:59.962312] Epoch: [107]  [300/617]  eta: 0:03:37  lr: 0.000052  loss: 0.6413 (0.6481)  time: 0.6831  data: 0.0002  max mem: 18309
[02:39:34.121503] Epoch: [107]  [350/617]  eta: 0:03:03  lr: 0.000052  loss: 0.6457 (0.6475)  time: 0.6836  data: 0.0002  max mem: 18309
[02:40:08.435240] Epoch: [107]  [400/617]  eta: 0:02:28  lr: 0.000052  loss: 0.6451 (0.6472)  time: 0.6833  data: 0.0002  max mem: 18309
[02:40:42.797905] Epoch: [107]  [450/617]  eta: 0:01:54  lr: 0.000052  loss: 0.6479 (0.6471)  time: 0.6828  data: 0.0002  max mem: 18309
[02:41:16.977168] Epoch: [107]  [500/617]  eta: 0:01:20  lr: 0.000052  loss: 0.6358 (0.6464)  time: 0.6828  data: 0.0002  max mem: 18309
[02:41:51.144033] Epoch: [107]  [550/617]  eta: 0:00:45  lr: 0.000052  loss: 0.6318 (0.6455)  time: 0.6836  data: 0.0002  max mem: 18309
[02:42:25.329048] Epoch: [107]  [600/617]  eta: 0:00:11  lr: 0.000052  loss: 0.6455 (0.6453)  time: 0.6840  data: 0.0002  max mem: 18309
[02:42:36.255295] Epoch: [107]  [616/617]  eta: 0:00:00  lr: 0.000052  loss: 0.6489 (0.6454)  time: 0.6829  data: 0.0002  max mem: 18309
[02:42:36.430289] Epoch: [107] Total time: 0:07:02 (0.6855 s / it)
[02:42:36.460739] Averaged stats: lr: 0.000052  loss: 0.6489 (0.6441)
[02:42:37.746702] Epoch: [108]  [  0/617]  eta: 0:13:07  lr: 0.000052  loss: 0.7131 (0.7131)  time: 1.2765  data: 0.3656  max mem: 18309
[02:43:11.904630] Epoch: [108]  [ 50/617]  eta: 0:06:33  lr: 0.000052  loss: 0.6402 (0.6482)  time: 0.6828  data: 0.0002  max mem: 18309
[02:43:46.029483] Epoch: [108]  [100/617]  eta: 0:05:56  lr: 0.000052  loss: 0.6500 (0.6444)  time: 0.6826  data: 0.0002  max mem: 18309
[02:44:20.444816] Epoch: [108]  [150/617]  eta: 0:05:21  lr: 0.000052  loss: 0.6309 (0.6443)  time: 0.6884  data: 0.0001  max mem: 18309
[02:44:54.651550] Epoch: [108]  [200/617]  eta: 0:04:46  lr: 0.000051  loss: 0.6404 (0.6442)  time: 0.6857  data: 0.0002  max mem: 18309
[02:45:28.937138] Epoch: [108]  [250/617]  eta: 0:04:12  lr: 0.000051  loss: 0.6657 (0.6456)  time: 0.6858  data: 0.0002  max mem: 18309
[02:46:03.086626] Epoch: [108]  [300/617]  eta: 0:03:37  lr: 0.000051  loss: 0.6464 (0.6447)  time: 0.6829  data: 0.0002  max mem: 18309
[02:46:37.230652] Epoch: [108]  [350/617]  eta: 0:03:03  lr: 0.000051  loss: 0.6457 (0.6456)  time: 0.6826  data: 0.0002  max mem: 18309
[02:47:11.381660] Epoch: [108]  [400/617]  eta: 0:02:28  lr: 0.000051  loss: 0.6400 (0.6457)  time: 0.6832  data: 0.0002  max mem: 18309
[02:47:45.531073] Epoch: [108]  [450/617]  eta: 0:01:54  lr: 0.000051  loss: 0.6462 (0.6460)  time: 0.6828  data: 0.0002  max mem: 18309
[02:48:19.677749] Epoch: [108]  [500/617]  eta: 0:01:20  lr: 0.000051  loss: 0.6448 (0.6465)  time: 0.6830  data: 0.0001  max mem: 18309
[02:48:54.071584] Epoch: [108]  [550/617]  eta: 0:00:45  lr: 0.000051  loss: 0.6390 (0.6466)  time: 0.6855  data: 0.0002  max mem: 18309
[02:49:28.267184] Epoch: [108]  [600/617]  eta: 0:00:11  lr: 0.000051  loss: 0.6521 (0.6467)  time: 0.6831  data: 0.0002  max mem: 18309
[02:49:39.196511] Epoch: [108]  [616/617]  eta: 0:00:00  lr: 0.000051  loss: 0.6512 (0.6468)  time: 0.6831  data: 0.0002  max mem: 18309
[02:49:39.377074] Epoch: [108] Total time: 0:07:02 (0.6854 s / it)
[02:49:39.408226] Averaged stats: lr: 0.000051  loss: 0.6512 (0.6452)
[02:49:40.684160] Epoch: [109]  [  0/617]  eta: 0:13:00  lr: 0.000051  loss: 0.6271 (0.6271)  time: 1.2648  data: 0.3614  max mem: 18309
[02:50:14.886854] Epoch: [109]  [ 50/617]  eta: 0:06:34  lr: 0.000051  loss: 0.6334 (0.6393)  time: 0.6831  data: 0.0002  max mem: 18309
[02:50:49.032804] Epoch: [109]  [100/617]  eta: 0:05:56  lr: 0.000051  loss: 0.6397 (0.6408)  time: 0.6831  data: 0.0002  max mem: 18309
[02:51:23.169460] Epoch: [109]  [150/617]  eta: 0:05:20  lr: 0.000051  loss: 0.6388 (0.6437)  time: 0.6828  data: 0.0002  max mem: 18309
[02:51:57.315879] Epoch: [109]  [200/617]  eta: 0:04:46  lr: 0.000051  loss: 0.6464 (0.6451)  time: 0.6828  data: 0.0002  max mem: 18309
[02:52:31.524364] Epoch: [109]  [250/617]  eta: 0:04:11  lr: 0.000051  loss: 0.6325 (0.6445)  time: 0.6864  data: 0.0002  max mem: 18309
[02:53:05.673323] Epoch: [109]  [300/617]  eta: 0:03:37  lr: 0.000050  loss: 0.6338 (0.6441)  time: 0.6824  data: 0.0002  max mem: 18309
[02:53:39.978712] Epoch: [109]  [350/617]  eta: 0:03:02  lr: 0.000050  loss: 0.6573 (0.6444)  time: 0.6878  data: 0.0002  max mem: 18309
[02:54:14.176201] Epoch: [109]  [400/617]  eta: 0:02:28  lr: 0.000050  loss: 0.6572 (0.6449)  time: 0.6823  data: 0.0002  max mem: 18309
[02:54:48.360914] Epoch: [109]  [450/617]  eta: 0:01:54  lr: 0.000050  loss: 0.6387 (0.6443)  time: 0.6830  data: 0.0002  max mem: 18309
[02:55:22.503128] Epoch: [109]  [500/617]  eta: 0:01:20  lr: 0.000050  loss: 0.6228 (0.6441)  time: 0.6823  data: 0.0002  max mem: 18309
[02:55:56.643701] Epoch: [109]  [550/617]  eta: 0:00:45  lr: 0.000050  loss: 0.6331 (0.6446)  time: 0.6828  data: 0.0002  max mem: 18309
[02:56:30.786311] Epoch: [109]  [600/617]  eta: 0:00:11  lr: 0.000050  loss: 0.6363 (0.6444)  time: 0.6826  data: 0.0003  max mem: 18309
[02:56:41.701575] Epoch: [109]  [616/617]  eta: 0:00:00  lr: 0.000050  loss: 0.6355 (0.6442)  time: 0.6822  data: 0.0002  max mem: 18309
[02:56:41.883384] Epoch: [109] Total time: 0:07:02 (0.6847 s / it)
[02:56:41.928760] Averaged stats: lr: 0.000050  loss: 0.6355 (0.6448)
[02:56:43.271929] Epoch: [110]  [  0/617]  eta: 0:13:42  lr: 0.000050  loss: 0.6343 (0.6343)  time: 1.3338  data: 0.3690  max mem: 18309
[02:57:17.665285] Epoch: [110]  [ 50/617]  eta: 0:06:37  lr: 0.000050  loss: 0.6418 (0.6384)  time: 0.6893  data: 0.0002  max mem: 18309
[02:57:51.873185] Epoch: [110]  [100/617]  eta: 0:05:57  lr: 0.000050  loss: 0.6476 (0.6401)  time: 0.6825  data: 0.0001  max mem: 18309
[02:58:26.268028] Epoch: [110]  [150/617]  eta: 0:05:22  lr: 0.000050  loss: 0.6466 (0.6414)  time: 0.6836  data: 0.0002  max mem: 18309
[02:59:00.539624] Epoch: [110]  [200/617]  eta: 0:04:47  lr: 0.000050  loss: 0.6339 (0.6401)  time: 0.6836  data: 0.0002  max mem: 18309
[02:59:34.703060] Epoch: [110]  [250/617]  eta: 0:04:12  lr: 0.000050  loss: 0.6313 (0.6398)  time: 0.6836  data: 0.0002  max mem: 18309
[03:00:08.864419] Epoch: [110]  [300/617]  eta: 0:03:37  lr: 0.000050  loss: 0.6408 (0.6410)  time: 0.6834  data: 0.0002  max mem: 18309
[03:00:43.051950] Epoch: [110]  [350/617]  eta: 0:03:03  lr: 0.000050  loss: 0.6566 (0.6413)  time: 0.6844  data: 0.0002  max mem: 18309
[03:01:17.257881] Epoch: [110]  [400/617]  eta: 0:02:28  lr: 0.000049  loss: 0.6453 (0.6418)  time: 0.6854  data: 0.0002  max mem: 18309
[03:01:51.413880] Epoch: [110]  [450/617]  eta: 0:01:54  lr: 0.000049  loss: 0.6555 (0.6425)  time: 0.6837  data: 0.0002  max mem: 18309
[03:02:25.574507] Epoch: [110]  [500/617]  eta: 0:01:20  lr: 0.000049  loss: 0.6452 (0.6430)  time: 0.6831  data: 0.0002  max mem: 18309
[03:02:59.810745] Epoch: [110]  [550/617]  eta: 0:00:45  lr: 0.000049  loss: 0.6437 (0.6430)  time: 0.6833  data: 0.0002  max mem: 18309
[03:03:33.991494] Epoch: [110]  [600/617]  eta: 0:00:11  lr: 0.000049  loss: 0.6415 (0.6435)  time: 0.6831  data: 0.0002  max mem: 18309
[03:03:44.914137] Epoch: [110]  [616/617]  eta: 0:00:00  lr: 0.000049  loss: 0.6530 (0.6436)  time: 0.6826  data: 0.0002  max mem: 18309
[03:03:45.104611] Epoch: [110] Total time: 0:07:03 (0.6858 s / it)
[03:03:45.153557] Averaged stats: lr: 0.000049  loss: 0.6530 (0.6443)
[03:03:48.336038] Test:  [ 0/33]  eta: 0:00:18  loss: 0.6654 (0.6654)  time: 0.5706  data: 0.3346  max mem: 18309
[03:03:55.340277] Test:  [32/33]  eta: 0:00:00  loss: 0.6425 (0.6403)  time: 0.2169  data: 0.0001  max mem: 18309
[03:03:55.405517] Test: Total time: 0:00:07 (0.2315 s / it)
[03:03:55.407053] * loss 0.646
[03:03:55.407860] loss on 4160 validation shape pairs: 0.646
[03:03:56.672401] Epoch: [111]  [  0/617]  eta: 0:12:55  lr: 0.000049  loss: 0.6314 (0.6314)  time: 1.2573  data: 0.3594  max mem: 18309
[03:04:30.798863] Epoch: [111]  [ 50/617]  eta: 0:06:33  lr: 0.000049  loss: 0.6397 (0.6439)  time: 0.6824  data: 0.0001  max mem: 18309
[03:05:04.955051] Epoch: [111]  [100/617]  eta: 0:05:55  lr: 0.000049  loss: 0.6560 (0.6425)  time: 0.6829  data: 0.0002  max mem: 18309
[03:05:39.118239] Epoch: [111]  [150/617]  eta: 0:05:20  lr: 0.000049  loss: 0.6400 (0.6424)  time: 0.6827  data: 0.0002  max mem: 18309
[03:06:13.609422] Epoch: [111]  [200/617]  eta: 0:04:46  lr: 0.000049  loss: 0.6345 (0.6423)  time: 0.6891  data: 0.0002  max mem: 18309
[03:06:47.754079] Epoch: [111]  [250/617]  eta: 0:04:11  lr: 0.000049  loss: 0.6312 (0.6435)  time: 0.6830  data: 0.0002  max mem: 18309
[03:07:21.954632] Epoch: [111]  [300/617]  eta: 0:03:37  lr: 0.000049  loss: 0.6400 (0.6433)  time: 0.6831  data: 0.0002  max mem: 18309
[03:07:56.174181] Epoch: [111]  [350/617]  eta: 0:03:03  lr: 0.000049  loss: 0.6503 (0.6441)  time: 0.6824  data: 0.0002  max mem: 18309
[03:08:30.330149] Epoch: [111]  [400/617]  eta: 0:02:28  lr: 0.000049  loss: 0.6371 (0.6431)  time: 0.6835  data: 0.0002  max mem: 18309
[03:09:04.487746] Epoch: [111]  [450/617]  eta: 0:01:54  lr: 0.000048  loss: 0.6396 (0.6429)  time: 0.6832  data: 0.0002  max mem: 18309
[03:09:38.647355] Epoch: [111]  [500/617]  eta: 0:01:20  lr: 0.000048  loss: 0.6425 (0.6433)  time: 0.6836  data: 0.0002  max mem: 18309
[03:10:12.791888] Epoch: [111]  [550/617]  eta: 0:00:45  lr: 0.000048  loss: 0.6580 (0.6442)  time: 0.6830  data: 0.0002  max mem: 18309
[03:10:47.173146] Epoch: [111]  [600/617]  eta: 0:00:11  lr: 0.000048  loss: 0.6494 (0.6442)  time: 0.6874  data: 0.0002  max mem: 18309
[03:10:58.090774] Epoch: [111]  [616/617]  eta: 0:00:00  lr: 0.000048  loss: 0.6437 (0.6441)  time: 0.6826  data: 0.0002  max mem: 18309
[03:10:58.260375] Epoch: [111] Total time: 0:07:02 (0.6853 s / it)
[03:10:58.327475] Averaged stats: lr: 0.000048  loss: 0.6437 (0.6442)
[03:10:59.697906] Epoch: [112]  [  0/617]  eta: 0:13:59  lr: 0.000048  loss: 0.6884 (0.6884)  time: 1.3612  data: 0.3644  max mem: 18309
[03:11:33.826709] Epoch: [112]  [ 50/617]  eta: 0:06:34  lr: 0.000048  loss: 0.6296 (0.6405)  time: 0.6824  data: 0.0002  max mem: 18309
[03:12:08.176734] Epoch: [112]  [100/617]  eta: 0:05:57  lr: 0.000048  loss: 0.6532 (0.6434)  time: 0.6823  data: 0.0002  max mem: 18309
[03:12:42.314523] Epoch: [112]  [150/617]  eta: 0:05:21  lr: 0.000048  loss: 0.6450 (0.6434)  time: 0.6834  data: 0.0002  max mem: 18309
[03:13:16.465284] Epoch: [112]  [200/617]  eta: 0:04:46  lr: 0.000048  loss: 0.6309 (0.6438)  time: 0.6822  data: 0.0002  max mem: 18309
[03:13:50.608288] Epoch: [112]  [250/617]  eta: 0:04:11  lr: 0.000048  loss: 0.6317 (0.6431)  time: 0.6827  data: 0.0002  max mem: 18309
[03:14:24.758272] Epoch: [112]  [300/617]  eta: 0:03:37  lr: 0.000048  loss: 0.6600 (0.6440)  time: 0.6827  data: 0.0002  max mem: 18309
[03:14:59.004566] Epoch: [112]  [350/617]  eta: 0:03:03  lr: 0.000048  loss: 0.6391 (0.6435)  time: 0.6827  data: 0.0002  max mem: 18309
[03:15:33.319588] Epoch: [112]  [400/617]  eta: 0:02:28  lr: 0.000048  loss: 0.6487 (0.6434)  time: 0.6821  data: 0.0002  max mem: 18309
[03:16:07.490986] Epoch: [112]  [450/617]  eta: 0:01:54  lr: 0.000048  loss: 0.6451 (0.6432)  time: 0.6828  data: 0.0002  max mem: 18309
[03:16:41.678254] Epoch: [112]  [500/617]  eta: 0:01:20  lr: 0.000048  loss: 0.6502 (0.6439)  time: 0.6826  data: 0.0002  max mem: 18309
[03:17:15.827752] Epoch: [112]  [550/617]  eta: 0:00:45  lr: 0.000047  loss: 0.6448 (0.6443)  time: 0.6834  data: 0.0002  max mem: 18309
[03:17:49.977483] Epoch: [112]  [600/617]  eta: 0:00:11  lr: 0.000047  loss: 0.6534 (0.6444)  time: 0.6830  data: 0.0002  max mem: 18309
[03:18:00.885717] Epoch: [112]  [616/617]  eta: 0:00:00  lr: 0.000047  loss: 0.6430 (0.6444)  time: 0.6819  data: 0.0002  max mem: 18309
[03:18:01.052319] Epoch: [112] Total time: 0:07:02 (0.6851 s / it)
[03:18:01.126789] Averaged stats: lr: 0.000047  loss: 0.6430 (0.6440)
[03:18:02.406340] Epoch: [113]  [  0/617]  eta: 0:13:02  lr: 0.000047  loss: 0.6067 (0.6067)  time: 1.2680  data: 0.3748  max mem: 18309
[03:18:36.573055] Epoch: [113]  [ 50/617]  eta: 0:06:33  lr: 0.000047  loss: 0.6458 (0.6478)  time: 0.6837  data: 0.0002  max mem: 18309
[03:19:10.734766] Epoch: [113]  [100/617]  eta: 0:05:56  lr: 0.000047  loss: 0.6459 (0.6487)  time: 0.6832  data: 0.0002  max mem: 18309
[03:19:45.005457] Epoch: [113]  [150/617]  eta: 0:05:21  lr: 0.000047  loss: 0.6540 (0.6495)  time: 0.6835  data: 0.0002  max mem: 18309
[03:20:19.217583] Epoch: [113]  [200/617]  eta: 0:04:46  lr: 0.000047  loss: 0.6418 (0.6496)  time: 0.6855  data: 0.0002  max mem: 18309
[03:20:53.421088] Epoch: [113]  [250/617]  eta: 0:04:11  lr: 0.000047  loss: 0.6524 (0.6494)  time: 0.6834  data: 0.0002  max mem: 18309
[03:21:27.561688] Epoch: [113]  [300/617]  eta: 0:03:37  lr: 0.000047  loss: 0.6405 (0.6483)  time: 0.6825  data: 0.0002  max mem: 18309
[03:22:01.712342] Epoch: [113]  [350/617]  eta: 0:03:02  lr: 0.000047  loss: 0.6351 (0.6468)  time: 0.6837  data: 0.0002  max mem: 18309
[03:22:35.864033] Epoch: [113]  [400/617]  eta: 0:02:28  lr: 0.000047  loss: 0.6372 (0.6461)  time: 0.6831  data: 0.0002  max mem: 18309
[03:23:10.022729] Epoch: [113]  [450/617]  eta: 0:01:54  lr: 0.000047  loss: 0.6292 (0.6456)  time: 0.6834  data: 0.0002  max mem: 18309
[03:23:44.356129] Epoch: [113]  [500/617]  eta: 0:01:20  lr: 0.000047  loss: 0.6245 (0.6446)  time: 0.6894  data: 0.0002  max mem: 18309
[03:24:18.605487] Epoch: [113]  [550/617]  eta: 0:00:45  lr: 0.000047  loss: 0.6329 (0.6442)  time: 0.6840  data: 0.0002  max mem: 18309
[03:24:52.883626] Epoch: [113]  [600/617]  eta: 0:00:11  lr: 0.000047  loss: 0.6402 (0.6441)  time: 0.6854  data: 0.0002  max mem: 18309
[03:25:03.933691] Epoch: [113]  [616/617]  eta: 0:00:00  lr: 0.000047  loss: 0.6378 (0.6439)  time: 0.6889  data: 0.0002  max mem: 18309
[03:25:04.099060] Epoch: [113] Total time: 0:07:02 (0.6855 s / it)
[03:25:04.166797] Averaged stats: lr: 0.000047  loss: 0.6378 (0.6438)
[03:25:05.438400] Epoch: [114]  [  0/617]  eta: 0:12:58  lr: 0.000047  loss: 0.6493 (0.6493)  time: 1.2624  data: 0.3694  max mem: 18309
[03:25:39.573656] Epoch: [114]  [ 50/617]  eta: 0:06:33  lr: 0.000046  loss: 0.6399 (0.6430)  time: 0.6826  data: 0.0002  max mem: 18309
[03:26:13.721036] Epoch: [114]  [100/617]  eta: 0:05:55  lr: 0.000046  loss: 0.6688 (0.6467)  time: 0.6827  data: 0.0002  max mem: 18309
[03:26:47.862502] Epoch: [114]  [150/617]  eta: 0:05:20  lr: 0.000046  loss: 0.6373 (0.6446)  time: 0.6823  data: 0.0002  max mem: 18309
[03:27:22.003991] Epoch: [114]  [200/617]  eta: 0:04:45  lr: 0.000046  loss: 0.6355 (0.6443)  time: 0.6829  data: 0.0002  max mem: 18309
[03:27:56.339713] Epoch: [114]  [250/617]  eta: 0:04:11  lr: 0.000046  loss: 0.6418 (0.6433)  time: 0.6878  data: 0.0002  max mem: 18309
[03:28:30.550816] Epoch: [114]  [300/617]  eta: 0:03:37  lr: 0.000046  loss: 0.6390 (0.6427)  time: 0.6830  data: 0.0002  max mem: 18309
[03:29:04.719562] Epoch: [114]  [350/617]  eta: 0:03:02  lr: 0.000046  loss: 0.6472 (0.6434)  time: 0.6832  data: 0.0002  max mem: 18309
[03:29:39.021713] Epoch: [114]  [400/617]  eta: 0:02:28  lr: 0.000046  loss: 0.6409 (0.6435)  time: 0.6851  data: 0.0002  max mem: 18309
[03:30:13.168770] Epoch: [114]  [450/617]  eta: 0:01:54  lr: 0.000046  loss: 0.6409 (0.6432)  time: 0.6824  data: 0.0002  max mem: 18309
[03:30:47.318160] Epoch: [114]  [500/617]  eta: 0:01:20  lr: 0.000046  loss: 0.6452 (0.6438)  time: 0.6832  data: 0.0002  max mem: 18309
[03:31:21.472611] Epoch: [114]  [550/617]  eta: 0:00:45  lr: 0.000046  loss: 0.6302 (0.6432)  time: 0.6830  data: 0.0002  max mem: 18309
[03:31:55.623134] Epoch: [114]  [600/617]  eta: 0:00:11  lr: 0.000046  loss: 0.6346 (0.6432)  time: 0.6826  data: 0.0002  max mem: 18309
[03:32:06.602974] Epoch: [114]  [616/617]  eta: 0:00:00  lr: 0.000046  loss: 0.6446 (0.6433)  time: 0.6855  data: 0.0002  max mem: 18309
[03:32:06.764172] Epoch: [114] Total time: 0:07:02 (0.6849 s / it)
[03:32:06.821988] Averaged stats: lr: 0.000046  loss: 0.6446 (0.6441)
[03:32:08.141368] Epoch: [115]  [  0/617]  eta: 0:13:28  lr: 0.000046  loss: 0.6005 (0.6005)  time: 1.3098  data: 0.3727  max mem: 18309
[03:32:42.481100] Epoch: [115]  [ 50/617]  eta: 0:06:36  lr: 0.000046  loss: 0.6584 (0.6418)  time: 0.6880  data: 0.0002  max mem: 18309
[03:33:16.610585] Epoch: [115]  [100/617]  eta: 0:05:57  lr: 0.000046  loss: 0.6460 (0.6451)  time: 0.6825  data: 0.0001  max mem: 18309
[03:33:50.797951] Epoch: [115]  [150/617]  eta: 0:05:21  lr: 0.000045  loss: 0.6396 (0.6462)  time: 0.6855  data: 0.0002  max mem: 18309
[03:34:24.952978] Epoch: [115]  [200/617]  eta: 0:04:46  lr: 0.000045  loss: 0.6225 (0.6444)  time: 0.6831  data: 0.0002  max mem: 18309
[03:34:59.099410] Epoch: [115]  [250/617]  eta: 0:04:11  lr: 0.000045  loss: 0.6445 (0.6436)  time: 0.6831  data: 0.0002  max mem: 18309
[03:35:33.265610] Epoch: [115]  [300/617]  eta: 0:03:37  lr: 0.000045  loss: 0.6406 (0.6433)  time: 0.6837  data: 0.0002  max mem: 18309
[03:36:07.406229] Epoch: [115]  [350/617]  eta: 0:03:02  lr: 0.000045  loss: 0.6363 (0.6425)  time: 0.6830  data: 0.0002  max mem: 18309
[03:36:41.664707] Epoch: [115]  [400/617]  eta: 0:02:28  lr: 0.000045  loss: 0.6404 (0.6426)  time: 0.6887  data: 0.0002  max mem: 18309
[03:37:15.809037] Epoch: [115]  [450/617]  eta: 0:01:54  lr: 0.000045  loss: 0.6494 (0.6437)  time: 0.6828  data: 0.0001  max mem: 18309
[03:37:49.952042] Epoch: [115]  [500/617]  eta: 0:01:20  lr: 0.000045  loss: 0.6440 (0.6434)  time: 0.6827  data: 0.0002  max mem: 18309
[03:38:24.295090] Epoch: [115]  [550/617]  eta: 0:00:45  lr: 0.000045  loss: 0.6402 (0.6438)  time: 0.6869  data: 0.0002  max mem: 18309
[03:38:58.447788] Epoch: [115]  [600/617]  eta: 0:00:11  lr: 0.000045  loss: 0.6422 (0.6439)  time: 0.6830  data: 0.0002  max mem: 18309
[03:39:09.360067] Epoch: [115]  [616/617]  eta: 0:00:00  lr: 0.000045  loss: 0.6450 (0.6440)  time: 0.6821  data: 0.0002  max mem: 18309
[03:39:09.529927] Epoch: [115] Total time: 0:07:02 (0.6851 s / it)
[03:39:09.569326] Averaged stats: lr: 0.000045  loss: 0.6450 (0.6438)
[03:39:12.732663] Test:  [ 0/33]  eta: 0:00:19  loss: 0.6715 (0.6715)  time: 0.5804  data: 0.3422  max mem: 18309
[03:39:19.737560] Test:  [32/33]  eta: 0:00:00  loss: 0.6370 (0.6420)  time: 0.2167  data: 0.0001  max mem: 18309
[03:39:19.803949] Test: Total time: 0:00:07 (0.2319 s / it)
[03:39:19.805622] * loss 0.643
[03:39:19.806443] loss on 4160 validation shape pairs: 0.643
[03:39:21.083647] Epoch: [116]  [  0/617]  eta: 0:13:04  lr: 0.000045  loss: 0.6295 (0.6295)  time: 1.2713  data: 0.3634  max mem: 18309
[03:39:55.195376] Epoch: [116]  [ 50/617]  eta: 0:06:33  lr: 0.000045  loss: 0.6339 (0.6378)  time: 0.6826  data: 0.0002  max mem: 18309
[03:40:29.320746] Epoch: [116]  [100/617]  eta: 0:05:55  lr: 0.000045  loss: 0.6377 (0.6398)  time: 0.6821  data: 0.0002  max mem: 18309
[03:41:03.718984] Epoch: [116]  [150/617]  eta: 0:05:21  lr: 0.000045  loss: 0.6362 (0.6398)  time: 0.6924  data: 0.0002  max mem: 18309
[03:41:37.964492] Epoch: [116]  [200/617]  eta: 0:04:46  lr: 0.000044  loss: 0.6321 (0.6392)  time: 0.6828  data: 0.0002  max mem: 18309
[03:42:12.126042] Epoch: [116]  [250/617]  eta: 0:04:11  lr: 0.000044  loss: 0.6324 (0.6404)  time: 0.6839  data: 0.0002  max mem: 18309
[03:42:46.370620] Epoch: [116]  [300/617]  eta: 0:03:37  lr: 0.000044  loss: 0.6338 (0.6402)  time: 0.6856  data: 0.0002  max mem: 18309
[03:43:20.523767] Epoch: [116]  [350/617]  eta: 0:03:03  lr: 0.000044  loss: 0.6331 (0.6405)  time: 0.6831  data: 0.0002  max mem: 18309
[03:43:54.642579] Epoch: [116]  [400/617]  eta: 0:02:28  lr: 0.000044  loss: 0.6409 (0.6407)  time: 0.6822  data: 0.0002  max mem: 18309
[03:44:28.788771] Epoch: [116]  [450/617]  eta: 0:01:54  lr: 0.000044  loss: 0.6456 (0.6416)  time: 0.6833  data: 0.0002  max mem: 18309
[03:45:03.025186] Epoch: [116]  [500/617]  eta: 0:01:20  lr: 0.000044  loss: 0.6556 (0.6424)  time: 0.6831  data: 0.0002  max mem: 18309
[03:45:37.338604] Epoch: [116]  [550/617]  eta: 0:00:45  lr: 0.000044  loss: 0.6300 (0.6421)  time: 0.6828  data: 0.0002  max mem: 18309
[03:46:11.480784] Epoch: [116]  [600/617]  eta: 0:00:11  lr: 0.000044  loss: 0.6482 (0.6429)  time: 0.6829  data: 0.0002  max mem: 18309
[03:46:22.394170] Epoch: [116]  [616/617]  eta: 0:00:00  lr: 0.000044  loss: 0.6414 (0.6429)  time: 0.6821  data: 0.0002  max mem: 18309
[03:46:22.583792] Epoch: [116] Total time: 0:07:02 (0.6852 s / it)
[03:46:22.642891] Averaged stats: lr: 0.000044  loss: 0.6414 (0.6439)
[03:46:23.928037] Epoch: [117]  [  0/617]  eta: 0:13:07  lr: 0.000044  loss: 0.6482 (0.6482)  time: 1.2760  data: 0.3653  max mem: 18309
[03:46:58.300348] Epoch: [117]  [ 50/617]  eta: 0:06:36  lr: 0.000044  loss: 0.6664 (0.6427)  time: 0.6883  data: 0.0002  max mem: 18309
[03:47:32.639927] Epoch: [117]  [100/617]  eta: 0:05:58  lr: 0.000044  loss: 0.6420 (0.6381)  time: 0.6827  data: 0.0002  max mem: 18309
[03:48:06.788492] Epoch: [117]  [150/617]  eta: 0:05:22  lr: 0.000044  loss: 0.6422 (0.6403)  time: 0.6825  data: 0.0002  max mem: 18309
[03:48:40.940139] Epoch: [117]  [200/617]  eta: 0:04:46  lr: 0.000044  loss: 0.6509 (0.6417)  time: 0.6830  data: 0.0002  max mem: 18309
[03:49:15.087756] Epoch: [117]  [250/617]  eta: 0:04:12  lr: 0.000044  loss: 0.6471 (0.6425)  time: 0.6828  data: 0.0001  max mem: 18309
[03:49:49.405938] Epoch: [117]  [300/617]  eta: 0:03:37  lr: 0.000043  loss: 0.6432 (0.6433)  time: 0.6825  data: 0.0002  max mem: 18309
[03:50:23.609736] Epoch: [117]  [350/617]  eta: 0:03:03  lr: 0.000043  loss: 0.6205 (0.6424)  time: 0.6827  data: 0.0002  max mem: 18309
[03:50:57.757123] Epoch: [117]  [400/617]  eta: 0:02:28  lr: 0.000043  loss: 0.6431 (0.6430)  time: 0.6830  data: 0.0002  max mem: 18309
[03:51:32.087189] Epoch: [117]  [450/617]  eta: 0:01:54  lr: 0.000043  loss: 0.6357 (0.6428)  time: 0.6918  data: 0.0002  max mem: 18309
[03:52:06.237075] Epoch: [117]  [500/617]  eta: 0:01:20  lr: 0.000043  loss: 0.6488 (0.6435)  time: 0.6830  data: 0.0002  max mem: 18309
[03:52:40.378405] Epoch: [117]  [550/617]  eta: 0:00:45  lr: 0.000043  loss: 0.6364 (0.6431)  time: 0.6829  data: 0.0002  max mem: 18309
[03:53:14.544553] Epoch: [117]  [600/617]  eta: 0:00:11  lr: 0.000043  loss: 0.6261 (0.6425)  time: 0.6835  data: 0.0002  max mem: 18309
[03:53:25.458420] Epoch: [117]  [616/617]  eta: 0:00:00  lr: 0.000043  loss: 0.6307 (0.6426)  time: 0.6825  data: 0.0002  max mem: 18309
[03:53:25.637878] Epoch: [117] Total time: 0:07:02 (0.6856 s / it)
[03:53:25.670391] Averaged stats: lr: 0.000043  loss: 0.6307 (0.6428)
[03:53:26.948400] Epoch: [118]  [  0/617]  eta: 0:13:02  lr: 0.000043  loss: 0.6682 (0.6682)  time: 1.2689  data: 0.3661  max mem: 18309
[03:54:01.179819] Epoch: [118]  [ 50/617]  eta: 0:06:34  lr: 0.000043  loss: 0.6576 (0.6487)  time: 0.6882  data: 0.0002  max mem: 18309
[03:54:35.382247] Epoch: [118]  [100/617]  eta: 0:05:56  lr: 0.000043  loss: 0.6350 (0.6446)  time: 0.6858  data: 0.0002  max mem: 18309
[03:55:09.508975] Epoch: [118]  [150/617]  eta: 0:05:21  lr: 0.000043  loss: 0.6362 (0.6434)  time: 0.6828  data: 0.0002  max mem: 18309
[03:55:43.803584] Epoch: [118]  [200/617]  eta: 0:04:46  lr: 0.000043  loss: 0.6394 (0.6437)  time: 0.6907  data: 0.0002  max mem: 18309
[03:56:18.044186] Epoch: [118]  [250/617]  eta: 0:04:12  lr: 0.000043  loss: 0.6546 (0.6444)  time: 0.6824  data: 0.0002  max mem: 18309
[03:56:52.182845] Epoch: [118]  [300/617]  eta: 0:03:37  lr: 0.000043  loss: 0.6491 (0.6445)  time: 0.6827  data: 0.0002  max mem: 18309
[03:57:26.308957] Epoch: [118]  [350/617]  eta: 0:03:03  lr: 0.000043  loss: 0.6422 (0.6447)  time: 0.6825  data: 0.0002  max mem: 18309
[03:58:00.540702] Epoch: [118]  [400/617]  eta: 0:02:28  lr: 0.000042  loss: 0.6341 (0.6444)  time: 0.6875  data: 0.0002  max mem: 18309
[03:58:34.756286] Epoch: [118]  [450/617]  eta: 0:01:54  lr: 0.000042  loss: 0.6551 (0.6444)  time: 0.6823  data: 0.0001  max mem: 18309
[03:59:08.989544] Epoch: [118]  [500/617]  eta: 0:01:20  lr: 0.000042  loss: 0.6255 (0.6439)  time: 0.6827  data: 0.0002  max mem: 18309
[03:59:43.131018] Epoch: [118]  [550/617]  eta: 0:00:45  lr: 0.000042  loss: 0.6341 (0.6437)  time: 0.6832  data: 0.0002  max mem: 18309
[04:00:17.461667] Epoch: [118]  [600/617]  eta: 0:00:11  lr: 0.000042  loss: 0.6484 (0.6436)  time: 0.6915  data: 0.0002  max mem: 18309
[04:00:28.374630] Epoch: [118]  [616/617]  eta: 0:00:00  lr: 0.000042  loss: 0.6498 (0.6437)  time: 0.6819  data: 0.0002  max mem: 18309
[04:00:28.554279] Epoch: [118] Total time: 0:07:02 (0.6854 s / it)
[04:00:28.598980] Averaged stats: lr: 0.000042  loss: 0.6498 (0.6439)
[04:00:29.873674] Epoch: [119]  [  0/617]  eta: 0:13:00  lr: 0.000042  loss: 0.6332 (0.6332)  time: 1.2644  data: 0.3606  max mem: 18309
[04:01:04.077764] Epoch: [119]  [ 50/617]  eta: 0:06:34  lr: 0.000042  loss: 0.6367 (0.6364)  time: 0.6829  data: 0.0001  max mem: 18309
[04:01:38.221769] Epoch: [119]  [100/617]  eta: 0:05:56  lr: 0.000042  loss: 0.6419 (0.6403)  time: 0.6828  data: 0.0002  max mem: 18309
[04:02:12.450898] Epoch: [119]  [150/617]  eta: 0:05:21  lr: 0.000042  loss: 0.6331 (0.6402)  time: 0.6874  data: 0.0002  max mem: 18309
[04:02:46.773831] Epoch: [119]  [200/617]  eta: 0:04:46  lr: 0.000042  loss: 0.6371 (0.6412)  time: 0.6880  data: 0.0002  max mem: 18309
[04:03:21.022670] Epoch: [119]  [250/617]  eta: 0:04:12  lr: 0.000042  loss: 0.6509 (0.6421)  time: 0.6829  data: 0.0002  max mem: 18309
[04:03:55.172248] Epoch: [119]  [300/617]  eta: 0:03:37  lr: 0.000042  loss: 0.6453 (0.6420)  time: 0.6833  data: 0.0002  max mem: 18309
[04:04:29.369582] Epoch: [119]  [350/617]  eta: 0:03:03  lr: 0.000042  loss: 0.6339 (0.6420)  time: 0.6855  data: 0.0002  max mem: 18309
[04:05:03.633923] Epoch: [119]  [400/617]  eta: 0:02:28  lr: 0.000042  loss: 0.6380 (0.6421)  time: 0.6832  data: 0.0001  max mem: 18309
[04:05:37.786985] Epoch: [119]  [450/617]  eta: 0:01:54  lr: 0.000042  loss: 0.6447 (0.6429)  time: 0.6832  data: 0.0002  max mem: 18309
[04:06:11.915090] Epoch: [119]  [500/617]  eta: 0:01:20  lr: 0.000041  loss: 0.6485 (0.6436)  time: 0.6826  data: 0.0002  max mem: 18309
[04:06:46.076408] Epoch: [119]  [550/617]  eta: 0:00:45  lr: 0.000041  loss: 0.6316 (0.6433)  time: 0.6834  data: 0.0002  max mem: 18309
[04:07:20.325715] Epoch: [119]  [600/617]  eta: 0:00:11  lr: 0.000041  loss: 0.6483 (0.6434)  time: 0.6833  data: 0.0002  max mem: 18309
[04:07:31.271864] Epoch: [119]  [616/617]  eta: 0:00:00  lr: 0.000041  loss: 0.6445 (0.6433)  time: 0.6838  data: 0.0002  max mem: 18309
[04:07:31.459010] Epoch: [119] Total time: 0:07:02 (0.6853 s / it)
[04:07:31.504763] Averaged stats: lr: 0.000041  loss: 0.6445 (0.6436)
[04:07:32.780686] Epoch: [120]  [  0/617]  eta: 0:13:01  lr: 0.000041  loss: 0.6564 (0.6564)  time: 1.2659  data: 0.3671  max mem: 18309
[04:08:06.932376] Epoch: [120]  [ 50/617]  eta: 0:06:33  lr: 0.000041  loss: 0.6287 (0.6415)  time: 0.6828  data: 0.0002  max mem: 18309
[04:08:41.071172] Epoch: [120]  [100/617]  eta: 0:05:56  lr: 0.000041  loss: 0.6304 (0.6396)  time: 0.6830  data: 0.0002  max mem: 18309
[04:09:15.298556] Epoch: [120]  [150/617]  eta: 0:05:20  lr: 0.000041  loss: 0.6470 (0.6411)  time: 0.6825  data: 0.0002  max mem: 18309
[04:09:49.537717] Epoch: [120]  [200/617]  eta: 0:04:46  lr: 0.000041  loss: 0.6439 (0.6416)  time: 0.6826  data: 0.0002  max mem: 18309
[04:10:23.684678] Epoch: [120]  [250/617]  eta: 0:04:11  lr: 0.000041  loss: 0.6327 (0.6420)  time: 0.6826  data: 0.0002  max mem: 18309
[04:10:57.819913] Epoch: [120]  [300/617]  eta: 0:03:37  lr: 0.000041  loss: 0.6447 (0.6426)  time: 0.6826  data: 0.0001  max mem: 18309
[04:11:32.031440] Epoch: [120]  [350/617]  eta: 0:03:02  lr: 0.000041  loss: 0.6418 (0.6435)  time: 0.6822  data: 0.0002  max mem: 18309
[04:12:06.269050] Epoch: [120]  [400/617]  eta: 0:02:28  lr: 0.000041  loss: 0.6541 (0.6444)  time: 0.6827  data: 0.0002  max mem: 18309
[04:12:40.405723] Epoch: [120]  [450/617]  eta: 0:01:54  lr: 0.000041  loss: 0.6443 (0.6444)  time: 0.6822  data: 0.0002  max mem: 18309
[04:13:14.524127] Epoch: [120]  [500/617]  eta: 0:01:20  lr: 0.000041  loss: 0.6395 (0.6441)  time: 0.6824  data: 0.0002  max mem: 18309
[04:13:48.866388] Epoch: [120]  [550/617]  eta: 0:00:45  lr: 0.000041  loss: 0.6316 (0.6437)  time: 0.6868  data: 0.0002  max mem: 18309
[04:14:23.002880] Epoch: [120]  [600/617]  eta: 0:00:11  lr: 0.000040  loss: 0.6438 (0.6439)  time: 0.6827  data: 0.0002  max mem: 18309
[04:14:33.922883] Epoch: [120]  [616/617]  eta: 0:00:00  lr: 0.000040  loss: 0.6418 (0.6439)  time: 0.6824  data: 0.0002  max mem: 18309
[04:14:34.111156] Epoch: [120] Total time: 0:07:02 (0.6849 s / it)
[04:14:34.159442] Averaged stats: lr: 0.000040  loss: 0.6418 (0.6437)
[04:14:37.321349] Test:  [ 0/33]  eta: 0:00:18  loss: 0.6932 (0.6932)  time: 0.5718  data: 0.3373  max mem: 18309
[04:14:44.314441] Test:  [32/33]  eta: 0:00:00  loss: 0.6464 (0.6473)  time: 0.2166  data: 0.0001  max mem: 18309
[04:14:44.378797] Test: Total time: 0:00:07 (0.2312 s / it)
[04:14:44.381192] * loss 0.646
[04:14:44.382132] loss on 4160 validation shape pairs: 0.646
[04:14:45.648654] Epoch: [121]  [  0/617]  eta: 0:12:57  lr: 0.000040  loss: 0.6382 (0.6382)  time: 1.2607  data: 0.3637  max mem: 18309
[04:15:19.730815] Epoch: [121]  [ 50/617]  eta: 0:06:32  lr: 0.000040  loss: 0.6455 (0.6405)  time: 0.6819  data: 0.0002  max mem: 18309
[04:15:54.085734] Epoch: [121]  [100/617]  eta: 0:05:56  lr: 0.000040  loss: 0.6324 (0.6417)  time: 0.6825  data: 0.0002  max mem: 18309
[04:16:28.267895] Epoch: [121]  [150/617]  eta: 0:05:21  lr: 0.000040  loss: 0.6408 (0.6419)  time: 0.6824  data: 0.0002  max mem: 18309
[04:17:02.504659] Epoch: [121]  [200/617]  eta: 0:04:46  lr: 0.000040  loss: 0.6540 (0.6432)  time: 0.6823  data: 0.0001  max mem: 18309
[04:17:36.641111] Epoch: [121]  [250/617]  eta: 0:04:11  lr: 0.000040  loss: 0.6550 (0.6445)  time: 0.6834  data: 0.0002  max mem: 18309
[04:18:11.073051] Epoch: [121]  [300/617]  eta: 0:03:37  lr: 0.000040  loss: 0.6404 (0.6446)  time: 0.6864  data: 0.0002  max mem: 18309
[04:18:45.233495] Epoch: [121]  [350/617]  eta: 0:03:03  lr: 0.000040  loss: 0.6461 (0.6449)  time: 0.6834  data: 0.0002  max mem: 18309
[04:19:19.406295] Epoch: [121]  [400/617]  eta: 0:02:28  lr: 0.000040  loss: 0.6267 (0.6435)  time: 0.6834  data: 0.0002  max mem: 18309
[04:19:53.611461] Epoch: [121]  [450/617]  eta: 0:01:54  lr: 0.000040  loss: 0.6479 (0.6435)  time: 0.6853  data: 0.0002  max mem: 18309
[04:20:27.967717] Epoch: [121]  [500/617]  eta: 0:01:20  lr: 0.000040  loss: 0.6291 (0.6427)  time: 0.6873  data: 0.0001  max mem: 18309
[04:21:02.110694] Epoch: [121]  [550/617]  eta: 0:00:45  lr: 0.000040  loss: 0.6455 (0.6426)  time: 0.6830  data: 0.0001  max mem: 18309
[04:21:36.273050] Epoch: [121]  [600/617]  eta: 0:00:11  lr: 0.000040  loss: 0.6447 (0.6425)  time: 0.6834  data: 0.0002  max mem: 18309
[04:21:47.197440] Epoch: [121]  [616/617]  eta: 0:00:00  lr: 0.000040  loss: 0.6370 (0.6426)  time: 0.6829  data: 0.0002  max mem: 18309
[04:21:47.369230] Epoch: [121] Total time: 0:07:02 (0.6855 s / it)
[04:21:47.406210] Averaged stats: lr: 0.000040  loss: 0.6370 (0.6429)
[04:21:48.681380] Epoch: [122]  [  0/617]  eta: 0:13:01  lr: 0.000040  loss: 0.6543 (0.6543)  time: 1.2659  data: 0.3681  max mem: 18309
[04:22:22.816041] Epoch: [122]  [ 50/617]  eta: 0:06:33  lr: 0.000040  loss: 0.6533 (0.6469)  time: 0.6829  data: 0.0002  max mem: 18309
[04:22:57.123325] Epoch: [122]  [100/617]  eta: 0:05:56  lr: 0.000039  loss: 0.6392 (0.6449)  time: 0.6822  data: 0.0002  max mem: 18309
[04:23:31.371816] Epoch: [122]  [150/617]  eta: 0:05:21  lr: 0.000039  loss: 0.6433 (0.6438)  time: 0.6828  data: 0.0002  max mem: 18309
[04:24:05.509971] Epoch: [122]  [200/617]  eta: 0:04:46  lr: 0.000039  loss: 0.6370 (0.6444)  time: 0.6827  data: 0.0002  max mem: 18309
[04:24:39.872597] Epoch: [122]  [250/617]  eta: 0:04:12  lr: 0.000039  loss: 0.6246 (0.6441)  time: 0.6867  data: 0.0002  max mem: 18309
[04:25:14.006672] Epoch: [122]  [300/617]  eta: 0:03:37  lr: 0.000039  loss: 0.6280 (0.6431)  time: 0.6825  data: 0.0002  max mem: 18309
[04:25:48.259809] Epoch: [122]  [350/617]  eta: 0:03:03  lr: 0.000039  loss: 0.6330 (0.6433)  time: 0.6833  data: 0.0002  max mem: 18309
[04:26:22.398323] Epoch: [122]  [400/617]  eta: 0:02:28  lr: 0.000039  loss: 0.6262 (0.6429)  time: 0.6828  data: 0.0002  max mem: 18309
[04:26:56.595078] Epoch: [122]  [450/617]  eta: 0:01:54  lr: 0.000039  loss: 0.6517 (0.6425)  time: 0.6832  data: 0.0002  max mem: 18309
[04:27:30.903343] Epoch: [122]  [500/617]  eta: 0:01:20  lr: 0.000039  loss: 0.6394 (0.6433)  time: 0.6826  data: 0.0002  max mem: 18309
[04:28:05.047664] Epoch: [122]  [550/617]  eta: 0:00:45  lr: 0.000039  loss: 0.6396 (0.6428)  time: 0.6829  data: 0.0002  max mem: 18309
[04:28:39.285507] Epoch: [122]  [600/617]  eta: 0:00:11  lr: 0.000039  loss: 0.6461 (0.6426)  time: 0.6879  data: 0.0002  max mem: 18309
[04:28:50.204223] Epoch: [122]  [616/617]  eta: 0:00:00  lr: 0.000039  loss: 0.6338 (0.6422)  time: 0.6824  data: 0.0002  max mem: 18309
[04:28:50.383660] Epoch: [122] Total time: 0:07:02 (0.6855 s / it)
[04:28:50.419782] Averaged stats: lr: 0.000039  loss: 0.6338 (0.6421)
[04:28:51.697269] Epoch: [123]  [  0/617]  eta: 0:13:01  lr: 0.000039  loss: 0.5672 (0.5672)  time: 1.2671  data: 0.3626  max mem: 18309
[04:29:25.896390] Epoch: [123]  [ 50/617]  eta: 0:06:34  lr: 0.000039  loss: 0.6378 (0.6437)  time: 0.6823  data: 0.0002  max mem: 18309
[04:30:00.024319] Epoch: [123]  [100/617]  eta: 0:05:56  lr: 0.000039  loss: 0.6291 (0.6421)  time: 0.6826  data: 0.0001  max mem: 18309
[04:30:34.171016] Epoch: [123]  [150/617]  eta: 0:05:20  lr: 0.000039  loss: 0.6483 (0.6428)  time: 0.6826  data: 0.0002  max mem: 18309
[04:31:08.374689] Epoch: [123]  [200/617]  eta: 0:04:46  lr: 0.000038  loss: 0.6359 (0.6433)  time: 0.6861  data: 0.0002  max mem: 18309
[04:31:42.590382] Epoch: [123]  [250/617]  eta: 0:04:11  lr: 0.000038  loss: 0.6370 (0.6440)  time: 0.6862  data: 0.0002  max mem: 18309
[04:32:16.819591] Epoch: [123]  [300/617]  eta: 0:03:37  lr: 0.000038  loss: 0.6343 (0.6443)  time: 0.6830  data: 0.0002  max mem: 18309
[04:32:50.971907] Epoch: [123]  [350/617]  eta: 0:03:02  lr: 0.000038  loss: 0.6347 (0.6440)  time: 0.6828  data: 0.0002  max mem: 18309
[04:33:25.263082] Epoch: [123]  [400/617]  eta: 0:02:28  lr: 0.000038  loss: 0.6428 (0.6437)  time: 0.6854  data: 0.0002  max mem: 18309
[04:33:59.501012] Epoch: [123]  [450/617]  eta: 0:01:54  lr: 0.000038  loss: 0.6404 (0.6441)  time: 0.6846  data: 0.0002  max mem: 18309
[04:34:33.634329] Epoch: [123]  [500/617]  eta: 0:01:20  lr: 0.000038  loss: 0.6485 (0.6438)  time: 0.6826  data: 0.0002  max mem: 18309
[04:35:07.783237] Epoch: [123]  [550/617]  eta: 0:00:45  lr: 0.000038  loss: 0.6410 (0.6440)  time: 0.6826  data: 0.0002  max mem: 18309
[04:35:41.916888] Epoch: [123]  [600/617]  eta: 0:00:11  lr: 0.000038  loss: 0.6388 (0.6441)  time: 0.6824  data: 0.0002  max mem: 18309
[04:35:52.833433] Epoch: [123]  [616/617]  eta: 0:00:00  lr: 0.000038  loss: 0.6541 (0.6445)  time: 0.6823  data: 0.0002  max mem: 18309
[04:35:53.017858] Epoch: [123] Total time: 0:07:02 (0.6849 s / it)
[04:35:53.064736] Averaged stats: lr: 0.000038  loss: 0.6541 (0.6435)
[04:35:54.340705] Epoch: [124]  [  0/617]  eta: 0:13:01  lr: 0.000038  loss: 0.6659 (0.6659)  time: 1.2670  data: 0.3609  max mem: 18309
[04:36:28.747677] Epoch: [124]  [ 50/617]  eta: 0:06:36  lr: 0.000038  loss: 0.6505 (0.6470)  time: 0.6829  data: 0.0002  max mem: 18309
[04:37:02.918013] Epoch: [124]  [100/617]  eta: 0:05:57  lr: 0.000038  loss: 0.6371 (0.6432)  time: 0.6836  data: 0.0002  max mem: 18309
[04:37:37.115380] Epoch: [124]  [150/617]  eta: 0:05:21  lr: 0.000038  loss: 0.6473 (0.6448)  time: 0.6860  data: 0.0002  max mem: 18309
[04:38:11.447385] Epoch: [124]  [200/617]  eta: 0:04:47  lr: 0.000038  loss: 0.6371 (0.6444)  time: 0.6882  data: 0.0002  max mem: 18309
[04:38:45.578351] Epoch: [124]  [250/617]  eta: 0:04:12  lr: 0.000038  loss: 0.6427 (0.6442)  time: 0.6820  data: 0.0002  max mem: 18309
[04:39:19.723517] Epoch: [124]  [300/617]  eta: 0:03:37  lr: 0.000037  loss: 0.6380 (0.6432)  time: 0.6832  data: 0.0002  max mem: 18309
[04:39:53.858012] Epoch: [124]  [350/617]  eta: 0:03:03  lr: 0.000037  loss: 0.6290 (0.6422)  time: 0.6828  data: 0.0002  max mem: 18309
[04:40:28.107199] Epoch: [124]  [400/617]  eta: 0:02:28  lr: 0.000037  loss: 0.6297 (0.6423)  time: 0.6880  data: 0.0002  max mem: 18309
[04:41:02.321174] Epoch: [124]  [450/617]  eta: 0:01:54  lr: 0.000037  loss: 0.6378 (0.6424)  time: 0.6830  data: 0.0002  max mem: 18309
[04:41:36.470887] Epoch: [124]  [500/617]  eta: 0:01:20  lr: 0.000037  loss: 0.6428 (0.6432)  time: 0.6833  data: 0.0002  max mem: 18309
[04:42:10.795218] Epoch: [124]  [550/617]  eta: 0:00:45  lr: 0.000037  loss: 0.6372 (0.6427)  time: 0.6920  data: 0.0002  max mem: 18309
[04:42:45.033837] Epoch: [124]  [600/617]  eta: 0:00:11  lr: 0.000037  loss: 0.6439 (0.6436)  time: 0.6831  data: 0.0002  max mem: 18309
[04:42:55.949029] Epoch: [124]  [616/617]  eta: 0:00:00  lr: 0.000037  loss: 0.6460 (0.6437)  time: 0.6821  data: 0.0002  max mem: 18309
[04:42:56.128011] Epoch: [124] Total time: 0:07:03 (0.6857 s / it)
[04:42:56.160313] Averaged stats: lr: 0.000037  loss: 0.6460 (0.6427)
[04:42:57.445340] Epoch: [125]  [  0/617]  eta: 0:13:07  lr: 0.000037  loss: 0.6786 (0.6786)  time: 1.2760  data: 0.3676  max mem: 18309
[04:43:31.585772] Epoch: [125]  [ 50/617]  eta: 0:06:33  lr: 0.000037  loss: 0.6350 (0.6449)  time: 0.6827  data: 0.0002  max mem: 18309
[04:44:05.720896] Epoch: [125]  [100/617]  eta: 0:05:55  lr: 0.000037  loss: 0.6468 (0.6460)  time: 0.6824  data: 0.0002  max mem: 18309
[04:44:40.016637] Epoch: [125]  [150/617]  eta: 0:05:21  lr: 0.000037  loss: 0.6373 (0.6457)  time: 0.6859  data: 0.0001  max mem: 18309
[04:45:14.250466] Epoch: [125]  [200/617]  eta: 0:04:46  lr: 0.000037  loss: 0.6405 (0.6443)  time: 0.6824  data: 0.0002  max mem: 18309
[04:45:48.386165] Epoch: [125]  [250/617]  eta: 0:04:11  lr: 0.000037  loss: 0.6344 (0.6428)  time: 0.6829  data: 0.0002  max mem: 18309
[04:46:22.526095] Epoch: [125]  [300/617]  eta: 0:03:37  lr: 0.000037  loss: 0.6423 (0.6421)  time: 0.6829  data: 0.0002  max mem: 18309
[04:46:56.838604] Epoch: [125]  [350/617]  eta: 0:03:03  lr: 0.000037  loss: 0.6537 (0.6426)  time: 0.6879  data: 0.0002  max mem: 18309
[04:47:30.991446] Epoch: [125]  [400/617]  eta: 0:02:28  lr: 0.000037  loss: 0.6467 (0.6427)  time: 0.6831  data: 0.0002  max mem: 18309
[04:48:05.131205] Epoch: [125]  [450/617]  eta: 0:01:54  lr: 0.000036  loss: 0.6403 (0.6428)  time: 0.6828  data: 0.0002  max mem: 18309
[04:48:39.275660] Epoch: [125]  [500/617]  eta: 0:01:20  lr: 0.000036  loss: 0.6473 (0.6435)  time: 0.6826  data: 0.0001  max mem: 18309
[04:49:13.515085] Epoch: [125]  [550/617]  eta: 0:00:45  lr: 0.000036  loss: 0.6394 (0.6435)  time: 0.6877  data: 0.0002  max mem: 18309
[04:49:47.721329] Epoch: [125]  [600/617]  eta: 0:00:11  lr: 0.000036  loss: 0.6384 (0.6430)  time: 0.6821  data: 0.0002  max mem: 18309
[04:49:58.632300] Epoch: [125]  [616/617]  eta: 0:00:00  lr: 0.000036  loss: 0.6341 (0.6427)  time: 0.6820  data: 0.0002  max mem: 18309
[04:49:58.827662] Epoch: [125] Total time: 0:07:02 (0.6850 s / it)
[04:49:58.881133] Averaged stats: lr: 0.000036  loss: 0.6341 (0.6426)
[04:50:02.013048] Test:  [ 0/33]  eta: 0:00:18  loss: 0.6518 (0.6518)  time: 0.5599  data: 0.3367  max mem: 18309
[04:50:09.016110] Test:  [32/33]  eta: 0:00:00  loss: 0.6502 (0.6428)  time: 0.2169  data: 0.0001  max mem: 18309
[04:50:09.080105] Test: Total time: 0:00:07 (0.2311 s / it)
[04:50:09.083720] * loss 0.642
[04:50:09.085646] loss on 4160 validation shape pairs: 0.642
[04:50:10.359938] Epoch: [126]  [  0/617]  eta: 0:13:02  lr: 0.000036  loss: 0.5949 (0.5949)  time: 1.2685  data: 0.3595  max mem: 18309
[04:50:44.486792] Epoch: [126]  [ 50/617]  eta: 0:06:33  lr: 0.000036  loss: 0.6405 (0.6442)  time: 0.6827  data: 0.0002  max mem: 18309
[04:51:18.736192] Epoch: [126]  [100/617]  eta: 0:05:56  lr: 0.000036  loss: 0.6558 (0.6477)  time: 0.6827  data: 0.0002  max mem: 18309
[04:51:52.980287] Epoch: [126]  [150/617]  eta: 0:05:21  lr: 0.000036  loss: 0.6415 (0.6458)  time: 0.6875  data: 0.0002  max mem: 18309
[04:52:27.121225] Epoch: [126]  [200/617]  eta: 0:04:46  lr: 0.000036  loss: 0.6299 (0.6446)  time: 0.6828  data: 0.0002  max mem: 18309
[04:53:01.281339] Epoch: [126]  [250/617]  eta: 0:04:11  lr: 0.000036  loss: 0.6357 (0.6450)  time: 0.6827  data: 0.0002  max mem: 18309
[04:53:35.443937] Epoch: [126]  [300/617]  eta: 0:03:37  lr: 0.000036  loss: 0.6590 (0.6459)  time: 0.6834  data: 0.0002  max mem: 18309
[04:54:09.731106] Epoch: [126]  [350/617]  eta: 0:03:03  lr: 0.000036  loss: 0.6544 (0.6468)  time: 0.6851  data: 0.0002  max mem: 18309
[04:54:43.869046] Epoch: [126]  [400/617]  eta: 0:02:28  lr: 0.000036  loss: 0.6425 (0.6465)  time: 0.6828  data: 0.0002  max mem: 18309
[04:55:18.065407] Epoch: [126]  [450/617]  eta: 0:01:54  lr: 0.000036  loss: 0.6399 (0.6462)  time: 0.6851  data: 0.0002  max mem: 18309
[04:55:52.259440] Epoch: [126]  [500/617]  eta: 0:01:20  lr: 0.000036  loss: 0.6331 (0.6456)  time: 0.6828  data: 0.0002  max mem: 18309
[04:56:26.417952] Epoch: [126]  [550/617]  eta: 0:00:45  lr: 0.000035  loss: 0.6281 (0.6449)  time: 0.6828  data: 0.0002  max mem: 18309
[04:57:00.554396] Epoch: [126]  [600/617]  eta: 0:00:11  lr: 0.000035  loss: 0.6308 (0.6445)  time: 0.6829  data: 0.0002  max mem: 18309
[04:57:11.481323] Epoch: [126]  [616/617]  eta: 0:00:00  lr: 0.000035  loss: 0.6486 (0.6445)  time: 0.6827  data: 0.0002  max mem: 18309
[04:57:11.670347] Epoch: [126] Total time: 0:07:02 (0.6849 s / it)
[04:57:11.691913] Averaged stats: lr: 0.000035  loss: 0.6486 (0.6430)
[04:57:12.973244] Epoch: [127]  [  0/617]  eta: 0:13:02  lr: 0.000035  loss: 0.6266 (0.6266)  time: 1.2684  data: 0.3676  max mem: 18309
[04:57:47.101086] Epoch: [127]  [ 50/617]  eta: 0:06:33  lr: 0.000035  loss: 0.6289 (0.6373)  time: 0.6831  data: 0.0002  max mem: 18309
[04:58:21.611919] Epoch: [127]  [100/617]  eta: 0:05:57  lr: 0.000035  loss: 0.6418 (0.6388)  time: 0.6913  data: 0.0002  max mem: 18309
[04:58:55.737798] Epoch: [127]  [150/617]  eta: 0:05:21  lr: 0.000035  loss: 0.6484 (0.6407)  time: 0.6829  data: 0.0002  max mem: 18309
[04:59:29.877919] Epoch: [127]  [200/617]  eta: 0:04:46  lr: 0.000035  loss: 0.6437 (0.6418)  time: 0.6826  data: 0.0002  max mem: 18309
[05:00:04.125908] Epoch: [127]  [250/617]  eta: 0:04:12  lr: 0.000035  loss: 0.6367 (0.6418)  time: 0.6887  data: 0.0002  max mem: 18309
[05:00:38.443624] Epoch: [127]  [300/617]  eta: 0:03:37  lr: 0.000035  loss: 0.6362 (0.6415)  time: 0.6882  data: 0.0002  max mem: 18309
[05:01:12.599748] Epoch: [127]  [350/617]  eta: 0:03:03  lr: 0.000035  loss: 0.6366 (0.6408)  time: 0.6832  data: 0.0002  max mem: 18309
[05:01:46.757231] Epoch: [127]  [400/617]  eta: 0:02:28  lr: 0.000035  loss: 0.6399 (0.6419)  time: 0.6830  data: 0.0002  max mem: 18309
[05:02:20.891300] Epoch: [127]  [450/617]  eta: 0:01:54  lr: 0.000035  loss: 0.6357 (0.6416)  time: 0.6829  data: 0.0002  max mem: 18309
[05:02:55.151014] Epoch: [127]  [500/617]  eta: 0:01:20  lr: 0.000035  loss: 0.6465 (0.6415)  time: 0.6833  data: 0.0002  max mem: 18309
[05:03:29.325656] Epoch: [127]  [550/617]  eta: 0:00:45  lr: 0.000035  loss: 0.6394 (0.6412)  time: 0.6828  data: 0.0002  max mem: 18309
[05:04:03.459068] Epoch: [127]  [600/617]  eta: 0:00:11  lr: 0.000035  loss: 0.6439 (0.6413)  time: 0.6824  data: 0.0002  max mem: 18309
[05:04:14.428008] Epoch: [127]  [616/617]  eta: 0:00:00  lr: 0.000035  loss: 0.6264 (0.6410)  time: 0.6850  data: 0.0002  max mem: 18309
[05:04:14.599944] Epoch: [127] Total time: 0:07:02 (0.6854 s / it)
[05:04:14.659972] Averaged stats: lr: 0.000035  loss: 0.6264 (0.6424)
[05:04:15.940390] Epoch: [128]  [  0/617]  eta: 0:13:04  lr: 0.000035  loss: 0.6082 (0.6082)  time: 1.2712  data: 0.3639  max mem: 18309
[05:04:50.285714] Epoch: [128]  [ 50/617]  eta: 0:06:35  lr: 0.000034  loss: 0.6318 (0.6480)  time: 0.6879  data: 0.0002  max mem: 18309
[05:05:24.516337] Epoch: [128]  [100/617]  eta: 0:05:57  lr: 0.000034  loss: 0.6454 (0.6455)  time: 0.6827  data: 0.0002  max mem: 18309
[05:05:58.652841] Epoch: [128]  [150/617]  eta: 0:05:21  lr: 0.000034  loss: 0.6586 (0.6466)  time: 0.6827  data: 0.0002  max mem: 18309
[05:06:32.800881] Epoch: [128]  [200/617]  eta: 0:04:46  lr: 0.000034  loss: 0.6353 (0.6458)  time: 0.6828  data: 0.0002  max mem: 18309
[05:07:07.139476] Epoch: [128]  [250/617]  eta: 0:04:12  lr: 0.000034  loss: 0.6424 (0.6450)  time: 0.6826  data: 0.0002  max mem: 18309
[05:07:41.281052] Epoch: [128]  [300/617]  eta: 0:03:37  lr: 0.000034  loss: 0.6419 (0.6442)  time: 0.6826  data: 0.0002  max mem: 18309
[05:08:15.409976] Epoch: [128]  [350/617]  eta: 0:03:03  lr: 0.000034  loss: 0.6335 (0.6438)  time: 0.6826  data: 0.0002  max mem: 18309
[05:08:49.681501] Epoch: [128]  [400/617]  eta: 0:02:28  lr: 0.000034  loss: 0.6616 (0.6445)  time: 0.6827  data: 0.0002  max mem: 18309
[05:09:23.890994] Epoch: [128]  [450/617]  eta: 0:01:54  lr: 0.000034  loss: 0.6287 (0.6439)  time: 0.6833  data: 0.0002  max mem: 18309
[05:09:58.125380] Epoch: [128]  [500/617]  eta: 0:01:20  lr: 0.000034  loss: 0.6386 (0.6434)  time: 0.6831  data: 0.0002  max mem: 18309
[05:10:32.268867] Epoch: [128]  [550/617]  eta: 0:00:45  lr: 0.000034  loss: 0.6423 (0.6436)  time: 0.6831  data: 0.0001  max mem: 18309
[05:11:06.425365] Epoch: [128]  [600/617]  eta: 0:00:11  lr: 0.000034  loss: 0.6353 (0.6435)  time: 0.6829  data: 0.0002  max mem: 18309
[05:11:17.424595] Epoch: [128]  [616/617]  eta: 0:00:00  lr: 0.000034  loss: 0.6243 (0.6433)  time: 0.6867  data: 0.0002  max mem: 18309
[05:11:17.605902] Epoch: [128] Total time: 0:07:02 (0.6855 s / it)
[05:11:17.650585] Averaged stats: lr: 0.000034  loss: 0.6243 (0.6424)
[05:11:18.933665] Epoch: [129]  [  0/617]  eta: 0:13:06  lr: 0.000034  loss: 0.6109 (0.6109)  time: 1.2741  data: 0.3604  max mem: 18309
[05:11:53.219478] Epoch: [129]  [ 50/617]  eta: 0:06:35  lr: 0.000034  loss: 0.6341 (0.6420)  time: 0.6871  data: 0.0002  max mem: 18309
[05:12:27.351996] Epoch: [129]  [100/617]  eta: 0:05:56  lr: 0.000034  loss: 0.6412 (0.6411)  time: 0.6827  data: 0.0002  max mem: 18309
[05:13:01.611459] Epoch: [129]  [150/617]  eta: 0:05:21  lr: 0.000034  loss: 0.6533 (0.6425)  time: 0.6882  data: 0.0002  max mem: 18309
[05:13:35.914201] Epoch: [129]  [200/617]  eta: 0:04:46  lr: 0.000033  loss: 0.6429 (0.6439)  time: 0.6857  data: 0.0002  max mem: 18309
[05:14:10.154302] Epoch: [129]  [250/617]  eta: 0:04:12  lr: 0.000033  loss: 0.6208 (0.6422)  time: 0.6878  data: 0.0001  max mem: 18309
[05:14:44.290058] Epoch: [129]  [300/617]  eta: 0:03:37  lr: 0.000033  loss: 0.6418 (0.6430)  time: 0.6826  data: 0.0002  max mem: 18309
[05:15:18.437127] Epoch: [129]  [350/617]  eta: 0:03:03  lr: 0.000033  loss: 0.6388 (0.6430)  time: 0.6826  data: 0.0002  max mem: 18309
[05:15:52.715184] Epoch: [129]  [400/617]  eta: 0:02:28  lr: 0.000033  loss: 0.6597 (0.6438)  time: 0.6826  data: 0.0002  max mem: 18309
[05:16:26.902540] Epoch: [129]  [450/617]  eta: 0:01:54  lr: 0.000033  loss: 0.6402 (0.6436)  time: 0.6823  data: 0.0002  max mem: 18309
[05:17:01.037704] Epoch: [129]  [500/617]  eta: 0:01:20  lr: 0.000033  loss: 0.6367 (0.6434)  time: 0.6826  data: 0.0002  max mem: 18309
[05:17:35.176328] Epoch: [129]  [550/617]  eta: 0:00:45  lr: 0.000033  loss: 0.6451 (0.6433)  time: 0.6824  data: 0.0002  max mem: 18309
[05:18:09.406850] Epoch: [129]  [600/617]  eta: 0:00:11  lr: 0.000033  loss: 0.6242 (0.6429)  time: 0.6870  data: 0.0002  max mem: 18309
[05:18:20.323617] Epoch: [129]  [616/617]  eta: 0:00:00  lr: 0.000033  loss: 0.6468 (0.6429)  time: 0.6822  data: 0.0002  max mem: 18309
[05:18:20.502998] Epoch: [129] Total time: 0:07:02 (0.6853 s / it)
[05:18:20.527392] Averaged stats: lr: 0.000033  loss: 0.6468 (0.6422)
[05:18:21.808902] Epoch: [130]  [  0/617]  eta: 0:13:04  lr: 0.000033  loss: 0.6204 (0.6204)  time: 1.2722  data: 0.3585  max mem: 18309
[05:18:56.013618] Epoch: [130]  [ 50/617]  eta: 0:06:34  lr: 0.000033  loss: 0.6510 (0.6423)  time: 0.6828  data: 0.0002  max mem: 18309
[05:19:30.195923] Epoch: [130]  [100/617]  eta: 0:05:56  lr: 0.000033  loss: 0.6447 (0.6406)  time: 0.6841  data: 0.0002  max mem: 18309
[05:20:04.473896] Epoch: [130]  [150/617]  eta: 0:05:21  lr: 0.000033  loss: 0.6404 (0.6406)  time: 0.6884  data: 0.0002  max mem: 18309
[05:20:38.757869] Epoch: [130]  [200/617]  eta: 0:04:46  lr: 0.000033  loss: 0.6456 (0.6408)  time: 0.6867  data: 0.0002  max mem: 18309
[05:21:12.886921] Epoch: [130]  [250/617]  eta: 0:04:11  lr: 0.000033  loss: 0.6388 (0.6405)  time: 0.6822  data: 0.0002  max mem: 18309
[05:21:47.033582] Epoch: [130]  [300/617]  eta: 0:03:37  lr: 0.000033  loss: 0.6328 (0.6410)  time: 0.6831  data: 0.0002  max mem: 18309
[05:22:21.154091] Epoch: [130]  [350/617]  eta: 0:03:03  lr: 0.000032  loss: 0.6431 (0.6417)  time: 0.6821  data: 0.0002  max mem: 18309
[05:22:55.348586] Epoch: [130]  [400/617]  eta: 0:02:28  lr: 0.000032  loss: 0.6426 (0.6420)  time: 0.6829  data: 0.0002  max mem: 18309
[05:23:29.493313] Epoch: [130]  [450/617]  eta: 0:01:54  lr: 0.000032  loss: 0.6394 (0.6421)  time: 0.6829  data: 0.0002  max mem: 18309
[05:24:03.648559] Epoch: [130]  [500/617]  eta: 0:01:20  lr: 0.000032  loss: 0.6376 (0.6419)  time: 0.6835  data: 0.0002  max mem: 18309
[05:24:37.775133] Epoch: [130]  [550/617]  eta: 0:00:45  lr: 0.000032  loss: 0.6487 (0.6422)  time: 0.6825  data: 0.0002  max mem: 18309
[05:25:12.131288] Epoch: [130]  [600/617]  eta: 0:00:11  lr: 0.000032  loss: 0.6427 (0.6421)  time: 0.6831  data: 0.0002  max mem: 18309
[05:25:23.041824] Epoch: [130]  [616/617]  eta: 0:00:00  lr: 0.000032  loss: 0.6363 (0.6419)  time: 0.6821  data: 0.0002  max mem: 18309
[05:25:23.234369] Epoch: [130] Total time: 0:07:02 (0.6851 s / it)
[05:25:23.267323] Averaged stats: lr: 0.000032  loss: 0.6363 (0.6415)
[05:25:26.529872] Test:  [ 0/33]  eta: 0:00:18  loss: 0.6475 (0.6475)  time: 0.5544  data: 0.3317  max mem: 18309
[05:25:33.526157] Test:  [32/33]  eta: 0:00:00  loss: 0.6367 (0.6423)  time: 0.2167  data: 0.0001  max mem: 18309
[05:25:33.592601] Test: Total time: 0:00:07 (0.2309 s / it)
[05:25:33.594278] * loss 0.641
[05:25:33.595105] loss on 4160 validation shape pairs: 0.641
[05:25:34.868112] Epoch: [131]  [  0/617]  eta: 0:13:01  lr: 0.000032  loss: 0.6539 (0.6539)  time: 1.2668  data: 0.3585  max mem: 18309
[05:26:08.971473] Epoch: [131]  [ 50/617]  eta: 0:06:33  lr: 0.000032  loss: 0.6531 (0.6422)  time: 0.6821  data: 0.0002  max mem: 18309
[05:26:43.174363] Epoch: [131]  [100/617]  eta: 0:05:56  lr: 0.000032  loss: 0.6492 (0.6432)  time: 0.6825  data: 0.0002  max mem: 18309
[05:27:17.319591] Epoch: [131]  [150/617]  eta: 0:05:20  lr: 0.000032  loss: 0.6519 (0.6460)  time: 0.6829  data: 0.0002  max mem: 18309
[05:27:51.539664] Epoch: [131]  [200/617]  eta: 0:04:46  lr: 0.000032  loss: 0.6400 (0.6452)  time: 0.6829  data: 0.0002  max mem: 18309
[05:28:25.677443] Epoch: [131]  [250/617]  eta: 0:04:11  lr: 0.000032  loss: 0.6391 (0.6451)  time: 0.6829  data: 0.0002  max mem: 18309
[05:28:59.815658] Epoch: [131]  [300/617]  eta: 0:03:37  lr: 0.000032  loss: 0.6643 (0.6459)  time: 0.6825  data: 0.0002  max mem: 18309
[05:29:34.173905] Epoch: [131]  [350/617]  eta: 0:03:02  lr: 0.000032  loss: 0.6382 (0.6452)  time: 0.6900  data: 0.0002  max mem: 18309
[05:30:08.330088] Epoch: [131]  [400/617]  eta: 0:02:28  lr: 0.000032  loss: 0.6379 (0.6446)  time: 0.6828  data: 0.0002  max mem: 18309
[05:30:42.486593] Epoch: [131]  [450/617]  eta: 0:01:54  lr: 0.000031  loss: 0.6421 (0.6441)  time: 0.6833  data: 0.0001  max mem: 18309
[05:31:16.698730] Epoch: [131]  [500/617]  eta: 0:01:20  lr: 0.000031  loss: 0.6380 (0.6434)  time: 0.6858  data: 0.0002  max mem: 18309
[05:31:50.853637] Epoch: [131]  [550/617]  eta: 0:00:45  lr: 0.000031  loss: 0.6491 (0.6437)  time: 0.6836  data: 0.0002  max mem: 18309
[05:32:25.085024] Epoch: [131]  [600/617]  eta: 0:00:11  lr: 0.000031  loss: 0.6378 (0.6433)  time: 0.6827  data: 0.0002  max mem: 18309
[05:32:35.999344] Epoch: [131]  [616/617]  eta: 0:00:00  lr: 0.000031  loss: 0.6378 (0.6431)  time: 0.6821  data: 0.0002  max mem: 18309
[05:32:36.186988] Epoch: [131] Total time: 0:07:02 (0.6849 s / it)
[05:32:36.229259] Averaged stats: lr: 0.000031  loss: 0.6378 (0.6421)
[05:32:37.562781] Epoch: [132]  [  0/617]  eta: 0:13:37  lr: 0.000031  loss: 0.6424 (0.6424)  time: 1.3245  data: 0.3584  max mem: 18309
[05:33:11.702071] Epoch: [132]  [ 50/617]  eta: 0:06:34  lr: 0.000031  loss: 0.6395 (0.6443)  time: 0.6832  data: 0.0002  max mem: 18309
[05:33:45.972671] Epoch: [132]  [100/617]  eta: 0:05:56  lr: 0.000031  loss: 0.6325 (0.6411)  time: 0.6896  data: 0.0002  max mem: 18309
[05:34:20.336291] Epoch: [132]  [150/617]  eta: 0:05:21  lr: 0.000031  loss: 0.6284 (0.6405)  time: 0.6872  data: 0.0002  max mem: 18309
[05:34:54.544818] Epoch: [132]  [200/617]  eta: 0:04:46  lr: 0.000031  loss: 0.6495 (0.6407)  time: 0.6831  data: 0.0002  max mem: 18309
[05:35:28.706828] Epoch: [132]  [250/617]  eta: 0:04:12  lr: 0.000031  loss: 0.6558 (0.6415)  time: 0.6829  data: 0.0002  max mem: 18309
[05:36:02.851689] Epoch: [132]  [300/617]  eta: 0:03:37  lr: 0.000031  loss: 0.6389 (0.6422)  time: 0.6828  data: 0.0002  max mem: 18309
slurmstepd: error: *** JOB 31898612 ON gpu211-18 CANCELLED AT 2024-01-29T05:36:12 ***
