WARNING:torch.distributed.run:
*****************************************
Setting OMP_NUM_THREADS environment variable for each process to be 1 in default, to avoid your system being overloaded, please further tune the variable for optimal performance in your application as needed. 
*****************************************
| distributed init (rank 1): env://, gpu 1
| distributed init (rank 0): env://, gpu 0
| distributed init (rank 3): env://, gpu 3
| distributed init (rank 2): env://, gpu 2
[14:52:36.221251] Input args:
 {
    "accum_iter": 1,
    "ae": "kl_d512_m512_l8",
    "ae_pth": "output/graph_edit/ae/ae_m512.pth",
    "batch_size": 32,
    "blr": 0.0001,
    "clip_grad": 3.0,
    "data_path": "/ibex/user/slimhy/ShapeWalk/",
    "data_type": "release",
    "dataset": "graphedits",
    "debug_mode": false,
    "debug_with_forward": false,
    "device": "cuda",
    "dist_backend": "nccl",
    "dist_eval": true,
    "dist_on_itp": false,
    "dist_url": "env://",
    "distributed": true,
    "epochs": 800,
    "eval": false,
    "exp_name": "mlp_mapper_l2__warmup",
    "fetch_keys": false,
    "gpu": 0,
    "intensity_loss": false,
    "is_mlp": true,
    "layer_decay": 0.75,
    "local_rank": -1,
    "log_dir": "output/graph_edit/dm/mlp_mapper_l2__warmup",
    "lr": 0.0001,
    "max_edge_level": 1,
    "min_lr": 1e-06,
    "model": "mlp_mapper_bert_l2",
    "num_workers": 8,
    "output_dir": "output/graph_edit/dm/mlp_mapper_l2__warmup",
    "pin_mem": true,
    "rank": 0,
    "resume": "",
    "resume_full_weights": false,
    "resume_weights": false,
    "seed": 0,
    "start_epoch": 0,
    "text_model_name": "bert-base-uncased",
    "use_clip": false,
    "use_embeds": true,
    "wandb_id": null,
    "warmup_epochs": 100,
    "weight_decay": 0.05,
    "world_size": 4
}
[14:52:36.226071] Job dir: /ibex/user/slimhy/Shape2VecSet/code
[14:52:36.245725] |Train| size = [316236]
[14:52:36.246199] |Valid| size = [4160]
[14:52:37.211281] Loading autoencoder output/graph_edit/ae/ae_m512.pth
[14:52:43.246671] Model = MLPLatentMapper(
  (dir_mlp): MLP(
    (net): Sequential(
      (0): Linear(in_features=4864, out_features=4096, bias=True)
      (1): BatchNorm1d(4096, eps=1e-05, momentum=0.1, affine=True, track_running_stats=True)
      (2): ReLU(inplace=True)
      (3): Dropout(p=0.2, inplace=False)
      (4): Linear(in_features=4096, out_features=4096, bias=False)
    )
  )
  (mag_mlp): MLP(
    (net): Sequential(
      (0): Linear(in_features=4864, out_features=256, bias=True)
      (1): BatchNorm1d(256, eps=1e-05, momentum=0.1, affine=True, track_running_stats=True)
      (2): ReLU(inplace=True)
      (3): Dropout(p=0.2, inplace=False)
      (4): Linear(in_features=256, out_features=128, bias=True)
      (5): BatchNorm1d(128, eps=1e-05, momentum=0.1, affine=True, track_running_stats=True)
      (6): ReLU(inplace=True)
      (7): Dropout(p=0.2, inplace=False)
      (8): Linear(in_features=128, out_features=64, bias=True)
      (9): BatchNorm1d(64, eps=1e-05, momentum=0.1, affine=True, track_running_stats=True)
      (10): ReLU(inplace=True)
      (11): Dropout(p=0.2, inplace=False)
      (12): Linear(in_features=64, out_features=1, bias=False)
    )
  )
)
[14:52:43.247340] Params (M): 38.00
wandb: Currently logged in as: habib-slim (shapewalk). Use `wandb login --relogin` to force relogin
wandb: Tracking run with wandb version 0.15.12
wandb: Run data is saved locally in /ibex/user/slimhy/Shape2VecSet/wandb/run-20231107_145245-sz5gosrb
wandb: Run `wandb offline` to turn off syncing.
wandb: Syncing run mlp_mapper_l2__warmup__s4ke5e4v
wandb: ⭐️ View project at https://wandb.ai/shapewalk/shape2vecset
wandb: 🚀 View run at https://wandb.ai/shapewalk/shape2vecset/runs/sz5gosrb
[14:52:50.984570] Model params:
 {
    "accum_iter": 1,
    "base_blr": 0.0001,
    "batch_size": 32,
    "clip_grad": 3.0,
    "dist_eval": true,
    "eff_batch_size": 128,
    "epochs": 800,
    "eval": false,
    "layer_decay": 0.75,
    "lr": 0.0001,
    "max_edge_level": 1,
    "min_lr": 1e-06,
    "model": "mlp_mapper_bert_l2",
    "resume": "",
    "resume_full_weights": false,
    "start_epoch": 0,
    "weight_decay": 0.05
}
[14:52:51.020505] Start training for 800 epochs
[14:52:53.836569] Epoch: [0]  [   0/9882]  eta: 7:41:48  lr: 0.000000  loss: 1.4544 (1.4544)  time: 2.8040  data: 2.0999  max mem: 1855
[14:52:54.626926] Epoch: [0]  [  50/9882]  eta: 0:11:32  lr: 0.000000  loss: 1.4947 (1.5066)  time: 0.0155  data: 0.0001  max mem: 1855
[14:52:55.364196] Epoch: [0]  [ 100/9882]  eta: 0:06:59  lr: 0.000000  loss: 1.5002 (1.5060)  time: 0.0145  data: 0.0001  max mem: 1855
[14:52:56.062911] Epoch: [0]  [ 150/9882]  eta: 0:05:23  lr: 0.000000  loss: 1.4937 (1.5057)  time: 0.0139  data: 0.0001  max mem: 1855
[14:52:56.792056] Epoch: [0]  [ 200/9882]  eta: 0:04:37  lr: 0.000000  loss: 1.4862 (1.5025)  time: 0.0146  data: 0.0001  max mem: 1855
[14:52:57.486166] Epoch: [0]  [ 250/9882]  eta: 0:04:07  lr: 0.000000  loss: 1.5165 (1.5030)  time: 0.0138  data: 0.0001  max mem: 1855
[14:52:58.192201] Epoch: [0]  [ 300/9882]  eta: 0:03:47  lr: 0.000000  loss: 1.4895 (1.5035)  time: 0.0141  data: 0.0001  max mem: 1855
[14:52:58.899265] Epoch: [0]  [ 350/9882]  eta: 0:03:33  lr: 0.000000  loss: 1.5059 (1.5035)  time: 0.0140  data: 0.0001  max mem: 1855
[14:52:59.601662] Epoch: [0]  [ 400/9882]  eta: 0:03:22  lr: 0.000000  loss: 1.5030 (1.5034)  time: 0.0140  data: 0.0001  max mem: 1855
[14:53:00.312218] Epoch: [0]  [ 450/9882]  eta: 0:03:13  lr: 0.000000  loss: 1.5138 (1.5035)  time: 0.0143  data: 0.0001  max mem: 1855
[14:53:01.012320] Epoch: [0]  [ 500/9882]  eta: 0:03:06  lr: 0.000000  loss: 1.5104 (1.5034)  time: 0.0143  data: 0.0001  max mem: 1855
[14:53:01.713351] Epoch: [0]  [ 550/9882]  eta: 0:03:00  lr: 0.000000  loss: 1.5090 (1.5035)  time: 0.0141  data: 0.0001  max mem: 1855
[14:53:02.437006] Epoch: [0]  [ 600/9882]  eta: 0:02:55  lr: 0.000000  loss: 1.5152 (1.5040)  time: 0.0144  data: 0.0001  max mem: 1855
[14:53:03.149335] Epoch: [0]  [ 650/9882]  eta: 0:02:51  lr: 0.000000  loss: 1.4942 (1.5039)  time: 0.0141  data: 0.0001  max mem: 1855
[14:53:03.848731] Epoch: [0]  [ 700/9882]  eta: 0:02:47  lr: 0.000000  loss: 1.5017 (1.5038)  time: 0.0139  data: 0.0001  max mem: 1855
[14:53:04.554932] Epoch: [0]  [ 750/9882]  eta: 0:02:44  lr: 0.000000  loss: 1.5107 (1.5042)  time: 0.0140  data: 0.0001  max mem: 1855
[14:53:05.250142] Epoch: [0]  [ 800/9882]  eta: 0:02:40  lr: 0.000000  loss: 1.5142 (1.5047)  time: 0.0141  data: 0.0001  max mem: 1855
[14:53:05.961635] Epoch: [0]  [ 850/9882]  eta: 0:02:38  lr: 0.000000  loss: 1.5138 (1.5053)  time: 0.0142  data: 0.0001  max mem: 1855
[14:53:06.662291] Epoch: [0]  [ 900/9882]  eta: 0:02:35  lr: 0.000000  loss: 1.4958 (1.5054)  time: 0.0138  data: 0.0001  max mem: 1855
[14:53:07.360594] Epoch: [0]  [ 950/9882]  eta: 0:02:33  lr: 0.000000  loss: 1.5062 (1.5057)  time: 0.0141  data: 0.0001  max mem: 1855
[14:53:08.072417] Epoch: [0]  [1000/9882]  eta: 0:02:30  lr: 0.000000  loss: 1.5056 (1.5056)  time: 0.0142  data: 0.0001  max mem: 1855
[14:53:08.773470] Epoch: [0]  [1050/9882]  eta: 0:02:28  lr: 0.000000  loss: 1.5137 (1.5058)  time: 0.0135  data: 0.0001  max mem: 1855
[14:53:09.458093] Epoch: [0]  [1100/9882]  eta: 0:02:26  lr: 0.000000  loss: 1.5124 (1.5060)  time: 0.0138  data: 0.0001  max mem: 1855
[14:53:10.151226] Epoch: [0]  [1150/9882]  eta: 0:02:24  lr: 0.000000  loss: 1.4938 (1.5059)  time: 0.0142  data: 0.0001  max mem: 1855
[14:53:10.843075] Epoch: [0]  [1200/9882]  eta: 0:02:22  lr: 0.000000  loss: 1.5109 (1.5057)  time: 0.0136  data: 0.0001  max mem: 1855
[14:53:11.520486] Epoch: [0]  [1250/9882]  eta: 0:02:21  lr: 0.000000  loss: 1.4995 (1.5054)  time: 0.0136  data: 0.0001  max mem: 1855
[14:53:12.214221] Epoch: [0]  [1300/9882]  eta: 0:02:19  lr: 0.000000  loss: 1.5139 (1.5056)  time: 0.0142  data: 0.0001  max mem: 1855
[14:53:12.894537] Epoch: [0]  [1350/9882]  eta: 0:02:17  lr: 0.000000  loss: 1.5119 (1.5058)  time: 0.0136  data: 0.0001  max mem: 1855
[14:53:13.589476] Epoch: [0]  [1400/9882]  eta: 0:02:16  lr: 0.000000  loss: 1.5119 (1.5058)  time: 0.0140  data: 0.0001  max mem: 1855
[14:53:14.278229] Epoch: [0]  [1450/9882]  eta: 0:02:14  lr: 0.000000  loss: 1.5009 (1.5058)  time: 0.0140  data: 0.0001  max mem: 1855
[14:53:14.969244] Epoch: [0]  [1500/9882]  eta: 0:02:13  lr: 0.000000  loss: 1.5114 (1.5059)  time: 0.0139  data: 0.0001  max mem: 1855
[14:53:15.708240] Epoch: [0]  [1550/9882]  eta: 0:02:12  lr: 0.000000  loss: 1.4892 (1.5058)  time: 0.0148  data: 0.0001  max mem: 1855
[14:53:16.397644] Epoch: [0]  [1600/9882]  eta: 0:02:10  lr: 0.000000  loss: 1.4936 (1.5056)  time: 0.0139  data: 0.0001  max mem: 1855
[14:53:17.128698] Epoch: [0]  [1650/9882]  eta: 0:02:09  lr: 0.000000  loss: 1.4995 (1.5054)  time: 0.0139  data: 0.0001  max mem: 1855
[14:53:17.819775] Epoch: [0]  [1700/9882]  eta: 0:02:08  lr: 0.000000  loss: 1.5101 (1.5056)  time: 0.0137  data: 0.0001  max mem: 1855
[14:53:18.510050] Epoch: [0]  [1750/9882]  eta: 0:02:07  lr: 0.000000  loss: 1.4998 (1.5055)  time: 0.0138  data: 0.0001  max mem: 1855
[14:53:19.204260] Epoch: [0]  [1800/9882]  eta: 0:02:06  lr: 0.000000  loss: 1.5048 (1.5055)  time: 0.0138  data: 0.0001  max mem: 1855
[14:53:19.891038] Epoch: [0]  [1850/9882]  eta: 0:02:04  lr: 0.000000  loss: 1.5121 (1.5055)  time: 0.0136  data: 0.0001  max mem: 1855
[14:53:20.581124] Epoch: [0]  [1900/9882]  eta: 0:02:03  lr: 0.000000  loss: 1.5039 (1.5055)  time: 0.0141  data: 0.0001  max mem: 1855
[14:53:21.268954] Epoch: [0]  [1950/9882]  eta: 0:02:02  lr: 0.000000  loss: 1.5099 (1.5054)  time: 0.0138  data: 0.0001  max mem: 1855
[14:53:21.984214] Epoch: [0]  [2000/9882]  eta: 0:02:01  lr: 0.000000  loss: 1.4927 (1.5053)  time: 0.0138  data: 0.0001  max mem: 1855
[14:53:22.691205] Epoch: [0]  [2050/9882]  eta: 0:02:00  lr: 0.000000  loss: 1.5006 (1.5053)  time: 0.0141  data: 0.0001  max mem: 1855
[14:53:23.383537] Epoch: [0]  [2100/9882]  eta: 0:01:59  lr: 0.000000  loss: 1.5082 (1.5053)  time: 0.0140  data: 0.0001  max mem: 1855
[14:53:24.068967] Epoch: [0]  [2150/9882]  eta: 0:01:58  lr: 0.000000  loss: 1.4921 (1.5054)  time: 0.0135  data: 0.0001  max mem: 1855
[14:53:24.750653] Epoch: [0]  [2200/9882]  eta: 0:01:57  lr: 0.000000  loss: 1.5038 (1.5054)  time: 0.0135  data: 0.0001  max mem: 1855
[14:53:25.460429] Epoch: [0]  [2250/9882]  eta: 0:01:56  lr: 0.000000  loss: 1.5118 (1.5054)  time: 0.0148  data: 0.0001  max mem: 1855
[14:53:26.142040] Epoch: [0]  [2300/9882]  eta: 0:01:55  lr: 0.000000  loss: 1.5099 (1.5055)  time: 0.0138  data: 0.0001  max mem: 1855
[14:53:26.823817] Epoch: [0]  [2350/9882]  eta: 0:01:54  lr: 0.000000  loss: 1.5089 (1.5057)  time: 0.0140  data: 0.0001  max mem: 1855
[14:53:27.528790] Epoch: [0]  [2400/9882]  eta: 0:01:53  lr: 0.000000  loss: 1.4994 (1.5057)  time: 0.0139  data: 0.0001  max mem: 1855
[14:53:28.249795] Epoch: [0]  [2450/9882]  eta: 0:01:52  lr: 0.000000  loss: 1.4924 (1.5056)  time: 0.0155  data: 0.0001  max mem: 1855
[14:53:28.964051] Epoch: [0]  [2500/9882]  eta: 0:01:51  lr: 0.000000  loss: 1.5035 (1.5056)  time: 0.0139  data: 0.0001  max mem: 1855
[14:53:29.657627] Epoch: [0]  [2550/9882]  eta: 0:01:50  lr: 0.000000  loss: 1.4997 (1.5055)  time: 0.0137  data: 0.0001  max mem: 1855
[14:53:30.370376] Epoch: [0]  [2600/9882]  eta: 0:01:49  lr: 0.000000  loss: 1.5182 (1.5056)  time: 0.0139  data: 0.0001  max mem: 1855
[14:53:31.051704] Epoch: [0]  [2650/9882]  eta: 0:01:48  lr: 0.000000  loss: 1.4940 (1.5056)  time: 0.0136  data: 0.0001  max mem: 1855
[14:53:31.803310] Epoch: [0]  [2700/9882]  eta: 0:01:48  lr: 0.000000  loss: 1.5175 (1.5056)  time: 0.0142  data: 0.0001  max mem: 1855
[14:53:32.518554] Epoch: [0]  [2750/9882]  eta: 0:01:47  lr: 0.000000  loss: 1.5107 (1.5057)  time: 0.0147  data: 0.0001  max mem: 1855
[14:53:33.229634] Epoch: [0]  [2800/9882]  eta: 0:01:46  lr: 0.000000  loss: 1.5014 (1.5057)  time: 0.0142  data: 0.0001  max mem: 1855
[14:53:33.941668] Epoch: [0]  [2850/9882]  eta: 0:01:45  lr: 0.000000  loss: 1.5006 (1.5056)  time: 0.0135  data: 0.0001  max mem: 1855
[14:53:34.659233] Epoch: [0]  [2900/9882]  eta: 0:01:44  lr: 0.000000  loss: 1.4988 (1.5055)  time: 0.0140  data: 0.0001  max mem: 1855
[14:53:35.366051] Epoch: [0]  [2950/9882]  eta: 0:01:43  lr: 0.000000  loss: 1.5060 (1.5055)  time: 0.0140  data: 0.0001  max mem: 1855
[14:53:36.058911] Epoch: [0]  [3000/9882]  eta: 0:01:43  lr: 0.000000  loss: 1.4999 (1.5054)  time: 0.0140  data: 0.0001  max mem: 1855
[14:53:36.757326] Epoch: [0]  [3050/9882]  eta: 0:01:42  lr: 0.000000  loss: 1.5158 (1.5055)  time: 0.0137  data: 0.0001  max mem: 1855
[14:53:37.438191] Epoch: [0]  [3100/9882]  eta: 0:01:41  lr: 0.000000  loss: 1.4963 (1.5055)  time: 0.0135  data: 0.0001  max mem: 1855
[14:53:38.134699] Epoch: [0]  [3150/9882]  eta: 0:01:40  lr: 0.000000  loss: 1.5036 (1.5055)  time: 0.0140  data: 0.0001  max mem: 1855
[14:53:38.815193] Epoch: [0]  [3200/9882]  eta: 0:01:39  lr: 0.000000  loss: 1.4946 (1.5054)  time: 0.0134  data: 0.0001  max mem: 1855
[14:53:39.519966] Epoch: [0]  [3250/9882]  eta: 0:01:38  lr: 0.000000  loss: 1.4973 (1.5054)  time: 0.0139  data: 0.0001  max mem: 1855
[14:53:40.204449] Epoch: [0]  [3300/9882]  eta: 0:01:37  lr: 0.000000  loss: 1.4971 (1.5054)  time: 0.0135  data: 0.0001  max mem: 1855
[14:53:40.881562] Epoch: [0]  [3350/9882]  eta: 0:01:36  lr: 0.000000  loss: 1.5097 (1.5054)  time: 0.0135  data: 0.0001  max mem: 1855
[14:53:41.574450] Epoch: [0]  [3400/9882]  eta: 0:01:36  lr: 0.000000  loss: 1.5001 (1.5055)  time: 0.0142  data: 0.0001  max mem: 1855
[14:53:42.274218] Epoch: [0]  [3450/9882]  eta: 0:01:35  lr: 0.000000  loss: 1.5079 (1.5054)  time: 0.0144  data: 0.0001  max mem: 1855
[14:53:42.969538] Epoch: [0]  [3500/9882]  eta: 0:01:34  lr: 0.000000  loss: 1.4947 (1.5055)  time: 0.0137  data: 0.0001  max mem: 1855
[14:53:43.668482] Epoch: [0]  [3550/9882]  eta: 0:01:33  lr: 0.000000  loss: 1.5219 (1.5055)  time: 0.0143  data: 0.0001  max mem: 1855
[14:53:44.351290] Epoch: [0]  [3600/9882]  eta: 0:01:32  lr: 0.000000  loss: 1.5080 (1.5056)  time: 0.0134  data: 0.0001  max mem: 1855
[14:53:45.041242] Epoch: [0]  [3650/9882]  eta: 0:01:31  lr: 0.000000  loss: 1.4947 (1.5056)  time: 0.0137  data: 0.0001  max mem: 1855
[14:53:45.719543] Epoch: [0]  [3700/9882]  eta: 0:01:31  lr: 0.000000  loss: 1.5132 (1.5057)  time: 0.0137  data: 0.0001  max mem: 1855
[14:53:46.409018] Epoch: [0]  [3750/9882]  eta: 0:01:30  lr: 0.000000  loss: 1.5032 (1.5057)  time: 0.0137  data: 0.0001  max mem: 1855
[14:53:47.103704] Epoch: [0]  [3800/9882]  eta: 0:01:29  lr: 0.000000  loss: 1.4949 (1.5057)  time: 0.0140  data: 0.0001  max mem: 1855
[14:53:47.839433] Epoch: [0]  [3850/9882]  eta: 0:01:28  lr: 0.000000  loss: 1.4989 (1.5057)  time: 0.0144  data: 0.0001  max mem: 1855
[14:53:48.533625] Epoch: [0]  [3900/9882]  eta: 0:01:27  lr: 0.000000  loss: 1.5016 (1.5056)  time: 0.0136  data: 0.0001  max mem: 1855
[14:53:49.233186] Epoch: [0]  [3950/9882]  eta: 0:01:27  lr: 0.000000  loss: 1.4982 (1.5055)  time: 0.0138  data: 0.0001  max mem: 1855
[14:53:49.930688] Epoch: [0]  [4000/9882]  eta: 0:01:26  lr: 0.000000  loss: 1.5031 (1.5054)  time: 0.0144  data: 0.0001  max mem: 1855
[14:53:50.614975] Epoch: [0]  [4050/9882]  eta: 0:01:25  lr: 0.000000  loss: 1.5040 (1.5055)  time: 0.0138  data: 0.0001  max mem: 1855
[14:53:51.349061] Epoch: [0]  [4100/9882]  eta: 0:01:24  lr: 0.000000  loss: 1.5026 (1.5055)  time: 0.0141  data: 0.0001  max mem: 1855
[14:53:52.031723] Epoch: [0]  [4150/9882]  eta: 0:01:24  lr: 0.000000  loss: 1.5067 (1.5055)  time: 0.0137  data: 0.0001  max mem: 1855
[14:53:52.711470] Epoch: [0]  [4200/9882]  eta: 0:01:23  lr: 0.000000  loss: 1.5025 (1.5055)  time: 0.0138  data: 0.0001  max mem: 1855
[14:53:53.407674] Epoch: [0]  [4250/9882]  eta: 0:01:22  lr: 0.000000  loss: 1.5086 (1.5056)  time: 0.0135  data: 0.0001  max mem: 1855
[14:53:54.093678] Epoch: [0]  [4300/9882]  eta: 0:01:21  lr: 0.000000  loss: 1.5068 (1.5056)  time: 0.0136  data: 0.0001  max mem: 1855
[14:53:54.767656] Epoch: [0]  [4350/9882]  eta: 0:01:20  lr: 0.000000  loss: 1.5085 (1.5056)  time: 0.0135  data: 0.0001  max mem: 1855
[14:53:55.466456] Epoch: [0]  [4400/9882]  eta: 0:01:20  lr: 0.000000  loss: 1.5036 (1.5056)  time: 0.0142  data: 0.0001  max mem: 1855
[14:53:56.164483] Epoch: [0]  [4450/9882]  eta: 0:01:19  lr: 0.000000  loss: 1.4970 (1.5056)  time: 0.0138  data: 0.0001  max mem: 1855
[14:53:56.856898] Epoch: [0]  [4500/9882]  eta: 0:01:18  lr: 0.000000  loss: 1.5046 (1.5056)  time: 0.0140  data: 0.0001  max mem: 1855
[14:53:57.540080] Epoch: [0]  [4550/9882]  eta: 0:01:17  lr: 0.000000  loss: 1.5164 (1.5057)  time: 0.0137  data: 0.0001  max mem: 1855
[14:53:58.243763] Epoch: [0]  [4600/9882]  eta: 0:01:16  lr: 0.000000  loss: 1.5145 (1.5057)  time: 0.0141  data: 0.0001  max mem: 1855
[14:53:58.944099] Epoch: [0]  [4650/9882]  eta: 0:01:16  lr: 0.000000  loss: 1.5116 (1.5057)  time: 0.0142  data: 0.0001  max mem: 1855
[14:53:59.644273] Epoch: [0]  [4700/9882]  eta: 0:01:15  lr: 0.000000  loss: 1.5032 (1.5057)  time: 0.0138  data: 0.0001  max mem: 1855
[14:54:00.357382] Epoch: [0]  [4750/9882]  eta: 0:01:14  lr: 0.000000  loss: 1.5158 (1.5057)  time: 0.0143  data: 0.0001  max mem: 1855
[14:54:01.124579] Epoch: [0]  [4800/9882]  eta: 0:01:14  lr: 0.000000  loss: 1.5005 (1.5057)  time: 0.0156  data: 0.0001  max mem: 1855
[14:54:01.834617] Epoch: [0]  [4850/9882]  eta: 0:01:13  lr: 0.000000  loss: 1.4991 (1.5057)  time: 0.0147  data: 0.0001  max mem: 1855
[14:54:02.534839] Epoch: [0]  [4900/9882]  eta: 0:01:12  lr: 0.000000  loss: 1.5101 (1.5058)  time: 0.0138  data: 0.0001  max mem: 1855
[14:54:03.219568] Epoch: [0]  [4950/9882]  eta: 0:01:11  lr: 0.000001  loss: 1.5206 (1.5058)  time: 0.0138  data: 0.0001  max mem: 1855
[14:54:03.913288] Epoch: [0]  [5000/9882]  eta: 0:01:10  lr: 0.000001  loss: 1.4926 (1.5058)  time: 0.0138  data: 0.0001  max mem: 1855
[14:54:04.654775] Epoch: [0]  [5050/9882]  eta: 0:01:10  lr: 0.000001  loss: 1.4993 (1.5057)  time: 0.0144  data: 0.0001  max mem: 1855
[14:54:05.355354] Epoch: [0]  [5100/9882]  eta: 0:01:09  lr: 0.000001  loss: 1.5137 (1.5057)  time: 0.0142  data: 0.0001  max mem: 1855
[14:54:06.055784] Epoch: [0]  [5150/9882]  eta: 0:01:08  lr: 0.000001  loss: 1.5106 (1.5057)  time: 0.0136  data: 0.0001  max mem: 1855
[14:54:06.759446] Epoch: [0]  [5200/9882]  eta: 0:01:08  lr: 0.000001  loss: 1.5024 (1.5057)  time: 0.0147  data: 0.0001  max mem: 1855
[14:54:07.445435] Epoch: [0]  [5250/9882]  eta: 0:01:07  lr: 0.000001  loss: 1.5062 (1.5057)  time: 0.0138  data: 0.0001  max mem: 1855
[14:54:08.148758] Epoch: [0]  [5300/9882]  eta: 0:01:06  lr: 0.000001  loss: 1.5154 (1.5059)  time: 0.0137  data: 0.0001  max mem: 1855
[14:54:08.824686] Epoch: [0]  [5350/9882]  eta: 0:01:05  lr: 0.000001  loss: 1.4889 (1.5058)  time: 0.0136  data: 0.0001  max mem: 1855
[14:54:09.503967] Epoch: [0]  [5400/9882]  eta: 0:01:04  lr: 0.000001  loss: 1.5043 (1.5058)  time: 0.0135  data: 0.0001  max mem: 1855
[14:54:10.229433] Epoch: [0]  [5450/9882]  eta: 0:01:04  lr: 0.000001  loss: 1.5110 (1.5057)  time: 0.0140  data: 0.0001  max mem: 1855
[14:54:10.906040] Epoch: [0]  [5500/9882]  eta: 0:01:03  lr: 0.000001  loss: 1.5095 (1.5057)  time: 0.0134  data: 0.0001  max mem: 1855
[14:54:11.594037] Epoch: [0]  [5550/9882]  eta: 0:01:02  lr: 0.000001  loss: 1.5089 (1.5057)  time: 0.0134  data: 0.0001  max mem: 1855
[14:54:12.286956] Epoch: [0]  [5600/9882]  eta: 0:01:01  lr: 0.000001  loss: 1.4986 (1.5057)  time: 0.0138  data: 0.0001  max mem: 1855
[14:54:12.993457] Epoch: [0]  [5650/9882]  eta: 0:01:01  lr: 0.000001  loss: 1.4976 (1.5056)  time: 0.0140  data: 0.0001  max mem: 1855
[14:54:13.719674] Epoch: [0]  [5700/9882]  eta: 0:01:00  lr: 0.000001  loss: 1.4945 (1.5056)  time: 0.0137  data: 0.0001  max mem: 1855
[14:54:14.414483] Epoch: [0]  [5750/9882]  eta: 0:00:59  lr: 0.000001  loss: 1.4897 (1.5056)  time: 0.0139  data: 0.0001  max mem: 1855
[14:54:15.111013] Epoch: [0]  [5800/9882]  eta: 0:00:59  lr: 0.000001  loss: 1.5057 (1.5056)  time: 0.0140  data: 0.0001  max mem: 1855
[14:54:15.815707] Epoch: [0]  [5850/9882]  eta: 0:00:58  lr: 0.000001  loss: 1.5038 (1.5055)  time: 0.0141  data: 0.0001  max mem: 1855
[14:54:16.555749] Epoch: [0]  [5900/9882]  eta: 0:00:57  lr: 0.000001  loss: 1.5076 (1.5056)  time: 0.0158  data: 0.0011  max mem: 1855
[14:54:17.267706] Epoch: [0]  [5950/9882]  eta: 0:00:56  lr: 0.000001  loss: 1.5092 (1.5056)  time: 0.0142  data: 0.0001  max mem: 1855
[14:54:17.951786] Epoch: [0]  [6000/9882]  eta: 0:00:56  lr: 0.000001  loss: 1.5056 (1.5056)  time: 0.0135  data: 0.0001  max mem: 1855
[14:54:18.645681] Epoch: [0]  [6050/9882]  eta: 0:00:55  lr: 0.000001  loss: 1.4994 (1.5056)  time: 0.0144  data: 0.0001  max mem: 1855
[14:54:19.328313] Epoch: [0]  [6100/9882]  eta: 0:00:54  lr: 0.000001  loss: 1.5085 (1.5056)  time: 0.0137  data: 0.0001  max mem: 1855
[14:54:20.040019] Epoch: [0]  [6150/9882]  eta: 0:00:53  lr: 0.000001  loss: 1.5048 (1.5056)  time: 0.0146  data: 0.0001  max mem: 1855
[14:54:20.718637] Epoch: [0]  [6200/9882]  eta: 0:00:53  lr: 0.000001  loss: 1.5016 (1.5056)  time: 0.0137  data: 0.0001  max mem: 1855
[14:54:21.458713] Epoch: [0]  [6250/9882]  eta: 0:00:52  lr: 0.000001  loss: 1.5020 (1.5055)  time: 0.0142  data: 0.0001  max mem: 1855
[14:54:22.133175] Epoch: [0]  [6300/9882]  eta: 0:00:51  lr: 0.000001  loss: 1.5100 (1.5056)  time: 0.0135  data: 0.0001  max mem: 1855
[14:54:22.845999] Epoch: [0]  [6350/9882]  eta: 0:00:50  lr: 0.000001  loss: 1.5033 (1.5056)  time: 0.0144  data: 0.0001  max mem: 1855
[14:54:23.534442] Epoch: [0]  [6400/9882]  eta: 0:00:50  lr: 0.000001  loss: 1.5198 (1.5057)  time: 0.0141  data: 0.0001  max mem: 1855
[14:54:24.237293] Epoch: [0]  [6450/9882]  eta: 0:00:49  lr: 0.000001  loss: 1.4980 (1.5056)  time: 0.0138  data: 0.0001  max mem: 1855
[14:54:24.920147] Epoch: [0]  [6500/9882]  eta: 0:00:48  lr: 0.000001  loss: 1.5036 (1.5057)  time: 0.0136  data: 0.0001  max mem: 1855
[14:54:25.641743] Epoch: [0]  [6550/9882]  eta: 0:00:48  lr: 0.000001  loss: 1.5158 (1.5057)  time: 0.0154  data: 0.0001  max mem: 1855
[14:54:26.326014] Epoch: [0]  [6600/9882]  eta: 0:00:47  lr: 0.000001  loss: 1.5215 (1.5057)  time: 0.0139  data: 0.0001  max mem: 1855
[14:54:27.009629] Epoch: [0]  [6650/9882]  eta: 0:00:46  lr: 0.000001  loss: 1.5059 (1.5058)  time: 0.0136  data: 0.0001  max mem: 1855
[14:54:27.703129] Epoch: [0]  [6700/9882]  eta: 0:00:45  lr: 0.000001  loss: 1.5116 (1.5058)  time: 0.0138  data: 0.0001  max mem: 1855
[14:54:28.403476] Epoch: [0]  [6750/9882]  eta: 0:00:45  lr: 0.000001  loss: 1.5077 (1.5058)  time: 0.0143  data: 0.0001  max mem: 1855
[14:54:29.109892] Epoch: [0]  [6800/9882]  eta: 0:00:44  lr: 0.000001  loss: 1.5089 (1.5059)  time: 0.0142  data: 0.0001  max mem: 1855
[14:54:29.789163] Epoch: [0]  [6850/9882]  eta: 0:00:43  lr: 0.000001  loss: 1.4930 (1.5059)  time: 0.0134  data: 0.0001  max mem: 1855
[14:54:30.464994] Epoch: [0]  [6900/9882]  eta: 0:00:42  lr: 0.000001  loss: 1.5091 (1.5059)  time: 0.0135  data: 0.0001  max mem: 1855
[14:54:31.178231] Epoch: [0]  [6950/9882]  eta: 0:00:42  lr: 0.000001  loss: 1.4999 (1.5059)  time: 0.0138  data: 0.0001  max mem: 1855
[14:54:31.870462] Epoch: [0]  [7000/9882]  eta: 0:00:41  lr: 0.000001  loss: 1.5038 (1.5059)  time: 0.0138  data: 0.0001  max mem: 1855
[14:54:32.554326] Epoch: [0]  [7050/9882]  eta: 0:00:40  lr: 0.000001  loss: 1.5059 (1.5058)  time: 0.0134  data: 0.0001  max mem: 1855
[14:54:33.243469] Epoch: [0]  [7100/9882]  eta: 0:00:39  lr: 0.000001  loss: 1.5214 (1.5059)  time: 0.0138  data: 0.0001  max mem: 1855
[14:54:33.946021] Epoch: [0]  [7150/9882]  eta: 0:00:39  lr: 0.000001  loss: 1.5000 (1.5059)  time: 0.0140  data: 0.0001  max mem: 1855
[14:54:34.673440] Epoch: [0]  [7200/9882]  eta: 0:00:38  lr: 0.000001  loss: 1.4862 (1.5059)  time: 0.0147  data: 0.0001  max mem: 1855
[14:54:35.367266] Epoch: [0]  [7250/9882]  eta: 0:00:37  lr: 0.000001  loss: 1.4972 (1.5059)  time: 0.0138  data: 0.0001  max mem: 1855
[14:54:36.068071] Epoch: [0]  [7300/9882]  eta: 0:00:37  lr: 0.000001  loss: 1.4986 (1.5059)  time: 0.0141  data: 0.0001  max mem: 1855
[14:54:36.782351] Epoch: [0]  [7350/9882]  eta: 0:00:36  lr: 0.000001  loss: 1.4869 (1.5059)  time: 0.0139  data: 0.0001  max mem: 1855
[14:54:37.457668] Epoch: [0]  [7400/9882]  eta: 0:00:35  lr: 0.000001  loss: 1.5083 (1.5059)  time: 0.0132  data: 0.0001  max mem: 1855
[14:54:38.139980] Epoch: [0]  [7450/9882]  eta: 0:00:34  lr: 0.000001  loss: 1.4971 (1.5059)  time: 0.0135  data: 0.0001  max mem: 1855
[14:54:38.826130] Epoch: [0]  [7500/9882]  eta: 0:00:34  lr: 0.000001  loss: 1.4898 (1.5058)  time: 0.0137  data: 0.0001  max mem: 1855
[14:54:39.522109] Epoch: [0]  [7550/9882]  eta: 0:00:33  lr: 0.000001  loss: 1.5084 (1.5058)  time: 0.0144  data: 0.0001  max mem: 1855
[14:54:40.198949] Epoch: [0]  [7600/9882]  eta: 0:00:32  lr: 0.000001  loss: 1.5063 (1.5058)  time: 0.0134  data: 0.0001  max mem: 1855
[14:54:40.881967] Epoch: [0]  [7650/9882]  eta: 0:00:31  lr: 0.000001  loss: 1.5064 (1.5058)  time: 0.0135  data: 0.0001  max mem: 1855
[14:54:41.592816] Epoch: [0]  [7700/9882]  eta: 0:00:31  lr: 0.000001  loss: 1.5064 (1.5058)  time: 0.0142  data: 0.0001  max mem: 1855
[14:54:42.294380] Epoch: [0]  [7750/9882]  eta: 0:00:30  lr: 0.000001  loss: 1.4970 (1.5058)  time: 0.0138  data: 0.0001  max mem: 1855
[14:54:42.979987] Epoch: [0]  [7800/9882]  eta: 0:00:29  lr: 0.000001  loss: 1.5039 (1.5058)  time: 0.0139  data: 0.0001  max mem: 1855
[14:54:43.686873] Epoch: [0]  [7850/9882]  eta: 0:00:29  lr: 0.000001  loss: 1.5033 (1.5058)  time: 0.0139  data: 0.0001  max mem: 1855
[14:54:44.374073] Epoch: [0]  [7900/9882]  eta: 0:00:28  lr: 0.000001  loss: 1.4860 (1.5057)  time: 0.0137  data: 0.0001  max mem: 1855
[14:54:45.053301] Epoch: [0]  [7950/9882]  eta: 0:00:27  lr: 0.000001  loss: 1.5059 (1.5057)  time: 0.0135  data: 0.0001  max mem: 1855
[14:54:45.725995] Epoch: [0]  [8000/9882]  eta: 0:00:26  lr: 0.000001  loss: 1.4946 (1.5057)  time: 0.0133  data: 0.0001  max mem: 1855
[14:54:46.403098] Epoch: [0]  [8050/9882]  eta: 0:00:26  lr: 0.000001  loss: 1.5088 (1.5058)  time: 0.0139  data: 0.0001  max mem: 1855
[14:54:47.090369] Epoch: [0]  [8100/9882]  eta: 0:00:25  lr: 0.000001  loss: 1.5059 (1.5058)  time: 0.0136  data: 0.0001  max mem: 1855
[14:54:47.773578] Epoch: [0]  [8150/9882]  eta: 0:00:24  lr: 0.000001  loss: 1.5001 (1.5058)  time: 0.0137  data: 0.0001  max mem: 1855
[14:54:48.473352] Epoch: [0]  [8200/9882]  eta: 0:00:24  lr: 0.000001  loss: 1.5012 (1.5058)  time: 0.0144  data: 0.0001  max mem: 1855
[14:54:49.165057] Epoch: [0]  [8250/9882]  eta: 0:00:23  lr: 0.000001  loss: 1.5023 (1.5058)  time: 0.0140  data: 0.0001  max mem: 1855
[14:54:49.852281] Epoch: [0]  [8300/9882]  eta: 0:00:22  lr: 0.000001  loss: 1.4977 (1.5058)  time: 0.0137  data: 0.0001  max mem: 1855
[14:54:50.528390] Epoch: [0]  [8350/9882]  eta: 0:00:21  lr: 0.000001  loss: 1.5105 (1.5057)  time: 0.0134  data: 0.0001  max mem: 1855
[14:54:51.220753] Epoch: [0]  [8400/9882]  eta: 0:00:21  lr: 0.000001  loss: 1.4872 (1.5057)  time: 0.0139  data: 0.0001  max mem: 1855
[14:54:51.917496] Epoch: [0]  [8450/9882]  eta: 0:00:20  lr: 0.000001  loss: 1.4869 (1.5057)  time: 0.0139  data: 0.0001  max mem: 1855
[14:54:52.600996] Epoch: [0]  [8500/9882]  eta: 0:00:19  lr: 0.000001  loss: 1.5075 (1.5057)  time: 0.0138  data: 0.0001  max mem: 1855
[14:54:53.299483] Epoch: [0]  [8550/9882]  eta: 0:00:19  lr: 0.000001  loss: 1.5105 (1.5057)  time: 0.0135  data: 0.0001  max mem: 1855
[14:54:53.986830] Epoch: [0]  [8600/9882]  eta: 0:00:18  lr: 0.000001  loss: 1.4909 (1.5057)  time: 0.0138  data: 0.0001  max mem: 1855
[14:54:54.692431] Epoch: [0]  [8650/9882]  eta: 0:00:17  lr: 0.000001  loss: 1.5070 (1.5057)  time: 0.0144  data: 0.0001  max mem: 1855
[14:54:55.395537] Epoch: [0]  [8700/9882]  eta: 0:00:16  lr: 0.000001  loss: 1.4885 (1.5057)  time: 0.0143  data: 0.0001  max mem: 1855
[14:54:56.098071] Epoch: [0]  [8750/9882]  eta: 0:00:16  lr: 0.000001  loss: 1.5068 (1.5058)  time: 0.0138  data: 0.0001  max mem: 1855
[14:54:56.782349] Epoch: [0]  [8800/9882]  eta: 0:00:15  lr: 0.000001  loss: 1.4947 (1.5057)  time: 0.0136  data: 0.0001  max mem: 1855
[14:54:57.491111] Epoch: [0]  [8850/9882]  eta: 0:00:14  lr: 0.000001  loss: 1.5099 (1.5057)  time: 0.0139  data: 0.0001  max mem: 1855
[14:54:58.193631] Epoch: [0]  [8900/9882]  eta: 0:00:13  lr: 0.000001  loss: 1.4990 (1.5057)  time: 0.0141  data: 0.0001  max mem: 1855
[14:54:58.885219] Epoch: [0]  [8950/9882]  eta: 0:00:13  lr: 0.000001  loss: 1.5141 (1.5057)  time: 0.0139  data: 0.0001  max mem: 1855
[14:54:59.572646] Epoch: [0]  [9000/9882]  eta: 0:00:12  lr: 0.000001  loss: 1.5192 (1.5057)  time: 0.0137  data: 0.0001  max mem: 1855
[14:55:00.276141] Epoch: [0]  [9050/9882]  eta: 0:00:11  lr: 0.000001  loss: 1.4996 (1.5057)  time: 0.0137  data: 0.0001  max mem: 1855
[14:55:00.955610] Epoch: [0]  [9100/9882]  eta: 0:00:11  lr: 0.000001  loss: 1.5115 (1.5057)  time: 0.0138  data: 0.0001  max mem: 1855
[14:55:01.644671] Epoch: [0]  [9150/9882]  eta: 0:00:10  lr: 0.000001  loss: 1.5118 (1.5057)  time: 0.0136  data: 0.0001  max mem: 1855
[14:55:02.322879] Epoch: [0]  [9200/9882]  eta: 0:00:09  lr: 0.000001  loss: 1.4977 (1.5057)  time: 0.0135  data: 0.0001  max mem: 1855
[14:55:03.021322] Epoch: [0]  [9250/9882]  eta: 0:00:08  lr: 0.000001  loss: 1.4998 (1.5057)  time: 0.0138  data: 0.0001  max mem: 1855
[14:55:03.722499] Epoch: [0]  [9300/9882]  eta: 0:00:08  lr: 0.000001  loss: 1.5055 (1.5057)  time: 0.0145  data: 0.0001  max mem: 1855
[14:55:04.434366] Epoch: [0]  [9350/9882]  eta: 0:00:07  lr: 0.000001  loss: 1.4991 (1.5057)  time: 0.0141  data: 0.0001  max mem: 1855
[14:55:05.130114] Epoch: [0]  [9400/9882]  eta: 0:00:06  lr: 0.000001  loss: 1.5050 (1.5056)  time: 0.0140  data: 0.0001  max mem: 1855
[14:55:05.848787] Epoch: [0]  [9450/9882]  eta: 0:00:06  lr: 0.000001  loss: 1.5116 (1.5057)  time: 0.0142  data: 0.0001  max mem: 1855
[14:55:06.558520] Epoch: [0]  [9500/9882]  eta: 0:00:05  lr: 0.000001  loss: 1.5073 (1.5056)  time: 0.0136  data: 0.0001  max mem: 1855
[14:55:07.261795] Epoch: [0]  [9550/9882]  eta: 0:00:04  lr: 0.000001  loss: 1.4899 (1.5056)  time: 0.0135  data: 0.0001  max mem: 1855
[14:55:07.976752] Epoch: [0]  [9600/9882]  eta: 0:00:04  lr: 0.000001  loss: 1.5128 (1.5056)  time: 0.0139  data: 0.0001  max mem: 1855
[14:55:08.680175] Epoch: [0]  [9650/9882]  eta: 0:00:03  lr: 0.000001  loss: 1.5097 (1.5056)  time: 0.0140  data: 0.0001  max mem: 1855
[14:55:09.385431] Epoch: [0]  [9700/9882]  eta: 0:00:02  lr: 0.000001  loss: 1.5068 (1.5056)  time: 0.0147  data: 0.0001  max mem: 1855
[14:55:10.087692] Epoch: [0]  [9750/9882]  eta: 0:00:01  lr: 0.000001  loss: 1.5022 (1.5056)  time: 0.0142  data: 0.0001  max mem: 1855
[14:55:10.791757] Epoch: [0]  [9800/9882]  eta: 0:00:01  lr: 0.000001  loss: 1.5090 (1.5056)  time: 0.0144  data: 0.0001  max mem: 1855
[14:55:11.471281] Epoch: [0]  [9850/9882]  eta: 0:00:00  lr: 0.000001  loss: 1.4922 (1.5056)  time: 0.0137  data: 0.0001  max mem: 1855
[14:55:11.925567] Epoch: [0]  [9881/9882]  eta: 0:00:00  lr: 0.000001  loss: 1.5090 (1.5056)  time: 0.0150  data: 0.0010  max mem: 1855
[14:55:12.444051] Epoch: [0] Total time: 0:02:21 (0.0143 s / it)
[14:55:12.450460] Averaged stats: lr: 0.000001  loss: 1.5090 (1.5058)
[14:55:14.185557] Test:  [   0/1040]  eta: 0:19:03  loss: 1.2664 (1.2664)  time: 1.0990  data: 1.0925  max mem: 1855
[14:55:14.311786] Test:  [  50/1040]  eta: 0:00:23  loss: 1.5295 (1.5153)  time: 0.0020  data: 0.0001  max mem: 1855
[14:55:14.409811] Test:  [ 100/1040]  eta: 0:00:12  loss: 1.5038 (1.5181)  time: 0.0019  data: 0.0001  max mem: 1855
[14:55:14.508675] Test:  [ 150/1040]  eta: 0:00:08  loss: 1.4173 (1.5060)  time: 0.0020  data: 0.0001  max mem: 1855
[14:55:14.606297] Test:  [ 200/1040]  eta: 0:00:06  loss: 1.5243 (1.5140)  time: 0.0019  data: 0.0001  max mem: 1855
[14:55:14.704667] Test:  [ 250/1040]  eta: 0:00:05  loss: 1.5640 (1.5167)  time: 0.0020  data: 0.0001  max mem: 1855
[14:55:14.803581] Test:  [ 300/1040]  eta: 0:00:04  loss: 1.4960 (1.5119)  time: 0.0019  data: 0.0001  max mem: 1855
[14:55:14.900355] Test:  [ 350/1040]  eta: 0:00:03  loss: 1.4564 (1.5164)  time: 0.0020  data: 0.0001  max mem: 1855
[14:55:14.996363] Test:  [ 400/1040]  eta: 0:00:03  loss: 1.5684 (1.5183)  time: 0.0019  data: 0.0001  max mem: 1855
[14:55:15.089253] Test:  [ 450/1040]  eta: 0:00:02  loss: 1.4959 (1.5164)  time: 0.0018  data: 0.0001  max mem: 1855
[14:55:15.181025] Test:  [ 500/1040]  eta: 0:00:02  loss: 1.5247 (1.5170)  time: 0.0018  data: 0.0001  max mem: 1855
[14:55:15.270000] Test:  [ 550/1040]  eta: 0:00:01  loss: 1.4499 (1.5155)  time: 0.0018  data: 0.0001  max mem: 1855
[14:55:15.360344] Test:  [ 600/1040]  eta: 0:00:01  loss: 1.5509 (1.5177)  time: 0.0018  data: 0.0001  max mem: 1855
[14:55:15.450744] Test:  [ 650/1040]  eta: 0:00:01  loss: 1.4765 (1.5169)  time: 0.0018  data: 0.0001  max mem: 1855
[14:55:15.541404] Test:  [ 700/1040]  eta: 0:00:01  loss: 1.5477 (1.5179)  time: 0.0018  data: 0.0001  max mem: 1855
[14:55:15.631418] Test:  [ 750/1040]  eta: 0:00:00  loss: 1.4432 (1.5158)  time: 0.0018  data: 0.0001  max mem: 1855
[14:55:15.722723] Test:  [ 800/1040]  eta: 0:00:00  loss: 1.4272 (1.5144)  time: 0.0018  data: 0.0001  max mem: 1855
[14:55:15.814540] Test:  [ 850/1040]  eta: 0:00:00  loss: 1.5643 (1.5135)  time: 0.0017  data: 0.0001  max mem: 1855
[14:55:15.905273] Test:  [ 900/1040]  eta: 0:00:00  loss: 1.4981 (1.5120)  time: 0.0018  data: 0.0001  max mem: 1855
[14:55:15.995225] Test:  [ 950/1040]  eta: 0:00:00  loss: 1.4656 (1.5111)  time: 0.0017  data: 0.0001  max mem: 1855
[14:55:16.084706] Test:  [1000/1040]  eta: 0:00:00  loss: 1.5717 (1.5131)  time: 0.0018  data: 0.0001  max mem: 1855
[14:55:16.146856] Test:  [1039/1040]  eta: 0:00:00  loss: 1.3811 (1.5136)  time: 0.0014  data: 0.0003  max mem: 1855
[14:55:16.450628] Test: Total time: 0:00:03 (0.0032 s / it)
[14:55:16.490836] * loss 1.505
[14:55:16.493113] loss on 4160 validation shape pairs: 1.505
[14:55:17.854534] Epoch: [1]  [   0/9882]  eta: 3:43:44  lr: 0.000001  loss: 1.4988 (1.4988)  time: 1.3584  data: 1.3008  max mem: 1855
[14:55:18.564750] Epoch: [1]  [  50/9882]  eta: 0:06:38  lr: 0.000001  loss: 1.5204 (1.5076)  time: 0.0140  data: 0.0001  max mem: 1855
[14:55:19.257589] Epoch: [1]  [ 100/9882]  eta: 0:04:27  lr: 0.000001  loss: 1.5020 (1.5015)  time: 0.0136  data: 0.0001  max mem: 1855
[14:55:19.952008] Epoch: [1]  [ 150/9882]  eta: 0:03:42  lr: 0.000001  loss: 1.5049 (1.5036)  time: 0.0139  data: 0.0001  max mem: 1855
[14:55:20.629635] Epoch: [1]  [ 200/9882]  eta: 0:03:18  lr: 0.000001  loss: 1.5144 (1.5049)  time: 0.0136  data: 0.0001  max mem: 1855
[14:55:21.332539] Epoch: [1]  [ 250/9882]  eta: 0:03:05  lr: 0.000001  loss: 1.5034 (1.5039)  time: 0.0138  data: 0.0001  max mem: 1855
[14:55:22.020256] Epoch: [1]  [ 300/9882]  eta: 0:02:55  lr: 0.000001  loss: 1.4975 (1.5046)  time: 0.0137  data: 0.0001  max mem: 1855
[14:55:22.700827] Epoch: [1]  [ 350/9882]  eta: 0:02:48  lr: 0.000001  loss: 1.4997 (1.5046)  time: 0.0138  data: 0.0001  max mem: 1855
[14:55:23.391905] Epoch: [1]  [ 400/9882]  eta: 0:02:42  lr: 0.000001  loss: 1.4761 (1.5039)  time: 0.0138  data: 0.0001  max mem: 1855
[14:55:24.066961] Epoch: [1]  [ 450/9882]  eta: 0:02:38  lr: 0.000001  loss: 1.5089 (1.5048)  time: 0.0136  data: 0.0001  max mem: 1855
[14:55:24.750653] Epoch: [1]  [ 500/9882]  eta: 0:02:34  lr: 0.000001  loss: 1.5047 (1.5050)  time: 0.0134  data: 0.0001  max mem: 1855
[14:55:25.448689] Epoch: [1]  [ 550/9882]  eta: 0:02:31  lr: 0.000001  loss: 1.5032 (1.5054)  time: 0.0141  data: 0.0001  max mem: 1855
[14:55:26.120323] Epoch: [1]  [ 600/9882]  eta: 0:02:28  lr: 0.000001  loss: 1.5137 (1.5056)  time: 0.0133  data: 0.0001  max mem: 1855
[14:55:26.802348] Epoch: [1]  [ 650/9882]  eta: 0:02:25  lr: 0.000001  loss: 1.5088 (1.5060)  time: 0.0139  data: 0.0001  max mem: 1855
[14:55:27.489656] Epoch: [1]  [ 700/9882]  eta: 0:02:23  lr: 0.000001  loss: 1.5129 (1.5061)  time: 0.0134  data: 0.0001  max mem: 1855
[14:55:28.176867] Epoch: [1]  [ 750/9882]  eta: 0:02:21  lr: 0.000001  loss: 1.5059 (1.5063)  time: 0.0135  data: 0.0001  max mem: 1855
[14:55:28.881444] Epoch: [1]  [ 800/9882]  eta: 0:02:20  lr: 0.000001  loss: 1.4924 (1.5063)  time: 0.0136  data: 0.0001  max mem: 1855
[14:55:29.568411] Epoch: [1]  [ 850/9882]  eta: 0:02:18  lr: 0.000001  loss: 1.4977 (1.5064)  time: 0.0136  data: 0.0001  max mem: 1855
[14:55:30.273316] Epoch: [1]  [ 900/9882]  eta: 0:02:17  lr: 0.000001  loss: 1.5144 (1.5063)  time: 0.0135  data: 0.0001  max mem: 1855
[14:55:30.959967] Epoch: [1]  [ 950/9882]  eta: 0:02:15  lr: 0.000001  loss: 1.5004 (1.5063)  time: 0.0137  data: 0.0001  max mem: 1855
[14:55:31.651108] Epoch: [1]  [1000/9882]  eta: 0:02:14  lr: 0.000001  loss: 1.5224 (1.5062)  time: 0.0140  data: 0.0001  max mem: 1855
[14:55:32.343064] Epoch: [1]  [1050/9882]  eta: 0:02:12  lr: 0.000001  loss: 1.5039 (1.5059)  time: 0.0138  data: 0.0001  max mem: 1855
[14:55:33.058333] Epoch: [1]  [1100/9882]  eta: 0:02:11  lr: 0.000001  loss: 1.4905 (1.5057)  time: 0.0138  data: 0.0001  max mem: 1855
[14:55:33.740676] Epoch: [1]  [1150/9882]  eta: 0:02:10  lr: 0.000001  loss: 1.4969 (1.5057)  time: 0.0134  data: 0.0001  max mem: 1855
[14:55:34.421627] Epoch: [1]  [1200/9882]  eta: 0:02:09  lr: 0.000001  loss: 1.5339 (1.5061)  time: 0.0135  data: 0.0001  max mem: 1855
[14:55:35.096238] Epoch: [1]  [1250/9882]  eta: 0:02:08  lr: 0.000001  loss: 1.5109 (1.5059)  time: 0.0134  data: 0.0001  max mem: 1855
[14:55:35.809927] Epoch: [1]  [1300/9882]  eta: 0:02:07  lr: 0.000001  loss: 1.4981 (1.5059)  time: 0.0140  data: 0.0001  max mem: 1855
[14:55:36.488682] Epoch: [1]  [1350/9882]  eta: 0:02:05  lr: 0.000001  loss: 1.5072 (1.5059)  time: 0.0135  data: 0.0001  max mem: 1855
[14:55:37.192880] Epoch: [1]  [1400/9882]  eta: 0:02:05  lr: 0.000001  loss: 1.5068 (1.5059)  time: 0.0145  data: 0.0001  max mem: 1855
[14:55:37.873343] Epoch: [1]  [1450/9882]  eta: 0:02:03  lr: 0.000001  loss: 1.5095 (1.5057)  time: 0.0137  data: 0.0001  max mem: 1855
[14:55:38.555000] Epoch: [1]  [1500/9882]  eta: 0:02:02  lr: 0.000001  loss: 1.5076 (1.5055)  time: 0.0135  data: 0.0001  max mem: 1855
[14:55:39.227165] Epoch: [1]  [1550/9882]  eta: 0:02:01  lr: 0.000001  loss: 1.4963 (1.5056)  time: 0.0133  data: 0.0001  max mem: 1855
[14:55:39.928743] Epoch: [1]  [1600/9882]  eta: 0:02:00  lr: 0.000001  loss: 1.4947 (1.5057)  time: 0.0145  data: 0.0001  max mem: 1855
[14:55:40.625872] Epoch: [1]  [1650/9882]  eta: 0:02:00  lr: 0.000001  loss: 1.5000 (1.5055)  time: 0.0138  data: 0.0001  max mem: 1855
[14:55:41.321782] Epoch: [1]  [1700/9882]  eta: 0:01:59  lr: 0.000001  loss: 1.5115 (1.5055)  time: 0.0142  data: 0.0001  max mem: 1855
[14:55:42.013742] Epoch: [1]  [1750/9882]  eta: 0:01:58  lr: 0.000001  loss: 1.5064 (1.5055)  time: 0.0136  data: 0.0001  max mem: 1855
[14:55:42.689181] Epoch: [1]  [1800/9882]  eta: 0:01:57  lr: 0.000001  loss: 1.4887 (1.5054)  time: 0.0135  data: 0.0001  max mem: 1855
[14:55:43.390741] Epoch: [1]  [1850/9882]  eta: 0:01:56  lr: 0.000001  loss: 1.5044 (1.5054)  time: 0.0138  data: 0.0001  max mem: 1855
[14:55:44.066873] Epoch: [1]  [1900/9882]  eta: 0:01:55  lr: 0.000001  loss: 1.5026 (1.5053)  time: 0.0132  data: 0.0001  max mem: 1855
[14:55:44.757235] Epoch: [1]  [1950/9882]  eta: 0:01:54  lr: 0.000001  loss: 1.5060 (1.5053)  time: 0.0141  data: 0.0001  max mem: 1855
[14:55:45.483061] Epoch: [1]  [2000/9882]  eta: 0:01:53  lr: 0.000001  loss: 1.4917 (1.5053)  time: 0.0139  data: 0.0001  max mem: 1855
[14:55:46.171387] Epoch: [1]  [2050/9882]  eta: 0:01:53  lr: 0.000001  loss: 1.5092 (1.5055)  time: 0.0135  data: 0.0001  max mem: 1855
[14:55:46.851788] Epoch: [1]  [2100/9882]  eta: 0:01:52  lr: 0.000001  loss: 1.4937 (1.5053)  time: 0.0134  data: 0.0001  max mem: 1855
[14:55:47.524982] Epoch: [1]  [2150/9882]  eta: 0:01:51  lr: 0.000001  loss: 1.5119 (1.5054)  time: 0.0133  data: 0.0001  max mem: 1855
[14:55:48.203499] Epoch: [1]  [2200/9882]  eta: 0:01:50  lr: 0.000001  loss: 1.4989 (1.5054)  time: 0.0134  data: 0.0001  max mem: 1855
[14:55:48.893503] Epoch: [1]  [2250/9882]  eta: 0:01:49  lr: 0.000001  loss: 1.5070 (1.5055)  time: 0.0135  data: 0.0001  max mem: 1855
[14:55:49.566273] Epoch: [1]  [2300/9882]  eta: 0:01:48  lr: 0.000001  loss: 1.5165 (1.5056)  time: 0.0134  data: 0.0001  max mem: 1855
[14:55:50.257268] Epoch: [1]  [2350/9882]  eta: 0:01:47  lr: 0.000001  loss: 1.5174 (1.5056)  time: 0.0134  data: 0.0001  max mem: 1855
[14:55:50.940525] Epoch: [1]  [2400/9882]  eta: 0:01:47  lr: 0.000001  loss: 1.4978 (1.5055)  time: 0.0136  data: 0.0001  max mem: 1855
[14:55:51.625260] Epoch: [1]  [2450/9882]  eta: 0:01:46  lr: 0.000001  loss: 1.4923 (1.5054)  time: 0.0140  data: 0.0001  max mem: 1855
[14:55:52.325950] Epoch: [1]  [2500/9882]  eta: 0:01:45  lr: 0.000001  loss: 1.4913 (1.5054)  time: 0.0136  data: 0.0001  max mem: 1855
[14:55:53.020752] Epoch: [1]  [2550/9882]  eta: 0:01:44  lr: 0.000001  loss: 1.5120 (1.5054)  time: 0.0142  data: 0.0001  max mem: 1855
[14:55:53.730894] Epoch: [1]  [2600/9882]  eta: 0:01:43  lr: 0.000001  loss: 1.5046 (1.5053)  time: 0.0138  data: 0.0001  max mem: 1855
[14:55:54.439531] Epoch: [1]  [2650/9882]  eta: 0:01:43  lr: 0.000001  loss: 1.4983 (1.5052)  time: 0.0138  data: 0.0001  max mem: 1855
[14:55:55.132367] Epoch: [1]  [2700/9882]  eta: 0:01:42  lr: 0.000001  loss: 1.5023 (1.5052)  time: 0.0136  data: 0.0001  max mem: 1855
[14:55:55.829141] Epoch: [1]  [2750/9882]  eta: 0:01:41  lr: 0.000001  loss: 1.5108 (1.5051)  time: 0.0144  data: 0.0001  max mem: 1855
[14:55:56.547298] Epoch: [1]  [2800/9882]  eta: 0:01:41  lr: 0.000001  loss: 1.4990 (1.5050)  time: 0.0145  data: 0.0001  max mem: 1855
[14:55:57.236317] Epoch: [1]  [2850/9882]  eta: 0:01:40  lr: 0.000001  loss: 1.4940 (1.5050)  time: 0.0138  data: 0.0001  max mem: 1855
[14:55:57.923225] Epoch: [1]  [2900/9882]  eta: 0:01:39  lr: 0.000001  loss: 1.5020 (1.5051)  time: 0.0137  data: 0.0001  max mem: 1855
[14:55:58.607593] Epoch: [1]  [2950/9882]  eta: 0:01:38  lr: 0.000001  loss: 1.5046 (1.5051)  time: 0.0133  data: 0.0001  max mem: 1855
[14:55:59.310912] Epoch: [1]  [3000/9882]  eta: 0:01:37  lr: 0.000001  loss: 1.4884 (1.5051)  time: 0.0146  data: 0.0001  max mem: 1855
[14:56:00.022729] Epoch: [1]  [3050/9882]  eta: 0:01:37  lr: 0.000001  loss: 1.5076 (1.5051)  time: 0.0142  data: 0.0001  max mem: 1855
[14:56:00.719854] Epoch: [1]  [3100/9882]  eta: 0:01:36  lr: 0.000001  loss: 1.5009 (1.5051)  time: 0.0140  data: 0.0001  max mem: 1855
[14:56:01.421114] Epoch: [1]  [3150/9882]  eta: 0:01:35  lr: 0.000001  loss: 1.5114 (1.5051)  time: 0.0142  data: 0.0001  max mem: 1855
[14:56:02.104895] Epoch: [1]  [3200/9882]  eta: 0:01:34  lr: 0.000001  loss: 1.4898 (1.5050)  time: 0.0135  data: 0.0001  max mem: 1855
[14:56:02.790251] Epoch: [1]  [3250/9882]  eta: 0:01:34  lr: 0.000001  loss: 1.4918 (1.5049)  time: 0.0138  data: 0.0001  max mem: 1855
[14:56:03.490480] Epoch: [1]  [3300/9882]  eta: 0:01:33  lr: 0.000001  loss: 1.5134 (1.5049)  time: 0.0139  data: 0.0001  max mem: 1855
[14:56:04.193556] Epoch: [1]  [3350/9882]  eta: 0:01:32  lr: 0.000001  loss: 1.5202 (1.5050)  time: 0.0139  data: 0.0001  max mem: 1855
[14:56:04.886758] Epoch: [1]  [3400/9882]  eta: 0:01:32  lr: 0.000001  loss: 1.5095 (1.5050)  time: 0.0138  data: 0.0001  max mem: 1855
[14:56:05.590239] Epoch: [1]  [3450/9882]  eta: 0:01:31  lr: 0.000001  loss: 1.4986 (1.5050)  time: 0.0140  data: 0.0001  max mem: 1855
[14:56:06.308359] Epoch: [1]  [3500/9882]  eta: 0:01:30  lr: 0.000001  loss: 1.5015 (1.5049)  time: 0.0143  data: 0.0001  max mem: 1855
[14:56:07.027123] Epoch: [1]  [3550/9882]  eta: 0:01:29  lr: 0.000001  loss: 1.4839 (1.5049)  time: 0.0142  data: 0.0001  max mem: 1855
[14:56:07.716597] Epoch: [1]  [3600/9882]  eta: 0:01:29  lr: 0.000001  loss: 1.5026 (1.5048)  time: 0.0139  data: 0.0001  max mem: 1855
[14:56:08.404240] Epoch: [1]  [3650/9882]  eta: 0:01:28  lr: 0.000001  loss: 1.4883 (1.5047)  time: 0.0136  data: 0.0001  max mem: 1855
[14:56:09.098210] Epoch: [1]  [3700/9882]  eta: 0:01:27  lr: 0.000001  loss: 1.5080 (1.5047)  time: 0.0146  data: 0.0001  max mem: 1855
[14:56:09.817048] Epoch: [1]  [3750/9882]  eta: 0:01:26  lr: 0.000001  loss: 1.5125 (1.5048)  time: 0.0147  data: 0.0001  max mem: 1855
[14:56:10.508594] Epoch: [1]  [3800/9882]  eta: 0:01:26  lr: 0.000001  loss: 1.4962 (1.5048)  time: 0.0140  data: 0.0001  max mem: 1855
[14:56:11.209987] Epoch: [1]  [3850/9882]  eta: 0:01:25  lr: 0.000001  loss: 1.4963 (1.5048)  time: 0.0137  data: 0.0001  max mem: 1855
[14:56:11.896805] Epoch: [1]  [3900/9882]  eta: 0:01:24  lr: 0.000001  loss: 1.4956 (1.5048)  time: 0.0137  data: 0.0001  max mem: 1855
[14:56:12.610265] Epoch: [1]  [3950/9882]  eta: 0:01:24  lr: 0.000001  loss: 1.4894 (1.5048)  time: 0.0143  data: 0.0001  max mem: 1855
[14:56:13.293350] Epoch: [1]  [4000/9882]  eta: 0:01:23  lr: 0.000001  loss: 1.5060 (1.5048)  time: 0.0139  data: 0.0001  max mem: 1855
[14:56:13.986761] Epoch: [1]  [4050/9882]  eta: 0:01:22  lr: 0.000001  loss: 1.4994 (1.5048)  time: 0.0138  data: 0.0001  max mem: 1855
[14:56:14.692820] Epoch: [1]  [4100/9882]  eta: 0:01:21  lr: 0.000001  loss: 1.5126 (1.5048)  time: 0.0139  data: 0.0001  max mem: 1855
[14:56:15.387378] Epoch: [1]  [4150/9882]  eta: 0:01:21  lr: 0.000001  loss: 1.4953 (1.5048)  time: 0.0137  data: 0.0001  max mem: 1855
[14:56:16.092002] Epoch: [1]  [4200/9882]  eta: 0:01:20  lr: 0.000001  loss: 1.4992 (1.5048)  time: 0.0137  data: 0.0001  max mem: 1855
[14:56:16.793126] Epoch: [1]  [4250/9882]  eta: 0:01:19  lr: 0.000001  loss: 1.5012 (1.5048)  time: 0.0141  data: 0.0001  max mem: 1855
[14:56:17.486693] Epoch: [1]  [4300/9882]  eta: 0:01:18  lr: 0.000001  loss: 1.4940 (1.5048)  time: 0.0138  data: 0.0001  max mem: 1855
[14:56:18.199250] Epoch: [1]  [4350/9882]  eta: 0:01:18  lr: 0.000001  loss: 1.5135 (1.5048)  time: 0.0138  data: 0.0001  max mem: 1855
[14:56:18.899447] Epoch: [1]  [4400/9882]  eta: 0:01:17  lr: 0.000001  loss: 1.4969 (1.5047)  time: 0.0140  data: 0.0001  max mem: 1855
[14:56:19.586437] Epoch: [1]  [4450/9882]  eta: 0:01:16  lr: 0.000001  loss: 1.4973 (1.5047)  time: 0.0141  data: 0.0001  max mem: 1855
[14:56:20.265501] Epoch: [1]  [4500/9882]  eta: 0:01:16  lr: 0.000001  loss: 1.5033 (1.5047)  time: 0.0134  data: 0.0001  max mem: 1855
[14:56:20.940624] Epoch: [1]  [4550/9882]  eta: 0:01:15  lr: 0.000001  loss: 1.5115 (1.5047)  time: 0.0134  data: 0.0001  max mem: 1855
[14:56:21.628777] Epoch: [1]  [4600/9882]  eta: 0:01:14  lr: 0.000001  loss: 1.4915 (1.5047)  time: 0.0137  data: 0.0001  max mem: 1855
[14:56:22.324766] Epoch: [1]  [4650/9882]  eta: 0:01:13  lr: 0.000001  loss: 1.5066 (1.5047)  time: 0.0139  data: 0.0001  max mem: 1855
[14:56:23.002086] Epoch: [1]  [4700/9882]  eta: 0:01:13  lr: 0.000001  loss: 1.5088 (1.5047)  time: 0.0136  data: 0.0001  max mem: 1855
[14:56:23.681604] Epoch: [1]  [4750/9882]  eta: 0:01:12  lr: 0.000001  loss: 1.5067 (1.5046)  time: 0.0136  data: 0.0001  max mem: 1855
[14:56:24.372856] Epoch: [1]  [4800/9882]  eta: 0:01:11  lr: 0.000001  loss: 1.5060 (1.5047)  time: 0.0137  data: 0.0001  max mem: 1855
[14:56:25.060780] Epoch: [1]  [4850/9882]  eta: 0:01:10  lr: 0.000001  loss: 1.5006 (1.5047)  time: 0.0140  data: 0.0001  max mem: 1855
[14:56:25.757429] Epoch: [1]  [4900/9882]  eta: 0:01:10  lr: 0.000001  loss: 1.4825 (1.5047)  time: 0.0134  data: 0.0001  max mem: 1855
[14:56:26.432324] Epoch: [1]  [4950/9882]  eta: 0:01:09  lr: 0.000002  loss: 1.4861 (1.5046)  time: 0.0136  data: 0.0001  max mem: 1855
[14:56:27.124291] Epoch: [1]  [5000/9882]  eta: 0:01:08  lr: 0.000002  loss: 1.5107 (1.5047)  time: 0.0140  data: 0.0001  max mem: 1855
[14:56:27.806010] Epoch: [1]  [5050/9882]  eta: 0:01:08  lr: 0.000002  loss: 1.5018 (1.5046)  time: 0.0137  data: 0.0001  max mem: 1855
[14:56:28.501284] Epoch: [1]  [5100/9882]  eta: 0:01:07  lr: 0.000002  loss: 1.5160 (1.5047)  time: 0.0140  data: 0.0001  max mem: 1855
[14:56:29.173354] Epoch: [1]  [5150/9882]  eta: 0:01:06  lr: 0.000002  loss: 1.4948 (1.5046)  time: 0.0134  data: 0.0001  max mem: 1855
[14:56:29.861718] Epoch: [1]  [5200/9882]  eta: 0:01:05  lr: 0.000002  loss: 1.5114 (1.5047)  time: 0.0136  data: 0.0001  max mem: 1855
[14:56:30.541230] Epoch: [1]  [5250/9882]  eta: 0:01:05  lr: 0.000002  loss: 1.4983 (1.5046)  time: 0.0136  data: 0.0001  max mem: 1855
[14:56:31.225707] Epoch: [1]  [5300/9882]  eta: 0:01:04  lr: 0.000002  loss: 1.5013 (1.5046)  time: 0.0138  data: 0.0001  max mem: 1855
[14:56:31.928049] Epoch: [1]  [5350/9882]  eta: 0:01:03  lr: 0.000002  loss: 1.5050 (1.5045)  time: 0.0142  data: 0.0001  max mem: 1855
[14:56:32.645426] Epoch: [1]  [5400/9882]  eta: 0:01:03  lr: 0.000002  loss: 1.5170 (1.5046)  time: 0.0141  data: 0.0001  max mem: 1855
[14:56:33.356402] Epoch: [1]  [5450/9882]  eta: 0:01:02  lr: 0.000002  loss: 1.5037 (1.5046)  time: 0.0138  data: 0.0001  max mem: 1855
[14:56:34.067722] Epoch: [1]  [5500/9882]  eta: 0:01:01  lr: 0.000002  loss: 1.4970 (1.5046)  time: 0.0140  data: 0.0001  max mem: 1855
[14:56:34.767433] Epoch: [1]  [5550/9882]  eta: 0:01:00  lr: 0.000002  loss: 1.5104 (1.5045)  time: 0.0141  data: 0.0001  max mem: 1855
[14:56:35.469051] Epoch: [1]  [5600/9882]  eta: 0:01:00  lr: 0.000002  loss: 1.4813 (1.5045)  time: 0.0139  data: 0.0001  max mem: 1855
[14:56:36.151569] Epoch: [1]  [5650/9882]  eta: 0:00:59  lr: 0.000002  loss: 1.5019 (1.5045)  time: 0.0136  data: 0.0001  max mem: 1855
[14:56:36.834906] Epoch: [1]  [5700/9882]  eta: 0:00:58  lr: 0.000002  loss: 1.4856 (1.5044)  time: 0.0134  data: 0.0001  max mem: 1855
[14:56:37.527970] Epoch: [1]  [5750/9882]  eta: 0:00:58  lr: 0.000002  loss: 1.5030 (1.5044)  time: 0.0135  data: 0.0001  max mem: 1855
[14:56:38.204162] Epoch: [1]  [5800/9882]  eta: 0:00:57  lr: 0.000002  loss: 1.5039 (1.5044)  time: 0.0133  data: 0.0001  max mem: 1855
[14:56:38.881304] Epoch: [1]  [5850/9882]  eta: 0:00:56  lr: 0.000002  loss: 1.5055 (1.5044)  time: 0.0138  data: 0.0001  max mem: 1855
[14:56:39.561040] Epoch: [1]  [5900/9882]  eta: 0:00:55  lr: 0.000002  loss: 1.4950 (1.5044)  time: 0.0138  data: 0.0001  max mem: 1855
[14:56:40.258857] Epoch: [1]  [5950/9882]  eta: 0:00:55  lr: 0.000002  loss: 1.5109 (1.5044)  time: 0.0145  data: 0.0001  max mem: 1855
[14:56:40.937270] Epoch: [1]  [6000/9882]  eta: 0:00:54  lr: 0.000002  loss: 1.4987 (1.5044)  time: 0.0136  data: 0.0001  max mem: 1855
[14:56:41.676236] Epoch: [1]  [6050/9882]  eta: 0:00:53  lr: 0.000002  loss: 1.5096 (1.5044)  time: 0.0147  data: 0.0001  max mem: 1855
[14:56:42.385999] Epoch: [1]  [6100/9882]  eta: 0:00:53  lr: 0.000002  loss: 1.4979 (1.5044)  time: 0.0143  data: 0.0001  max mem: 1855
[14:56:43.100623] Epoch: [1]  [6150/9882]  eta: 0:00:52  lr: 0.000002  loss: 1.4906 (1.5044)  time: 0.0141  data: 0.0001  max mem: 1855
[14:56:43.811096] Epoch: [1]  [6200/9882]  eta: 0:00:51  lr: 0.000002  loss: 1.4997 (1.5044)  time: 0.0144  data: 0.0001  max mem: 1855
[14:56:44.493567] Epoch: [1]  [6250/9882]  eta: 0:00:51  lr: 0.000002  loss: 1.5058 (1.5044)  time: 0.0135  data: 0.0001  max mem: 1855
[14:56:45.198120] Epoch: [1]  [6300/9882]  eta: 0:00:50  lr: 0.000002  loss: 1.4952 (1.5044)  time: 0.0138  data: 0.0001  max mem: 1855
[14:56:45.885203] Epoch: [1]  [6350/9882]  eta: 0:00:49  lr: 0.000002  loss: 1.4873 (1.5044)  time: 0.0135  data: 0.0001  max mem: 1855
[14:56:46.563529] Epoch: [1]  [6400/9882]  eta: 0:00:48  lr: 0.000002  loss: 1.4941 (1.5044)  time: 0.0139  data: 0.0001  max mem: 1855
[14:56:47.252813] Epoch: [1]  [6450/9882]  eta: 0:00:48  lr: 0.000002  loss: 1.5111 (1.5044)  time: 0.0137  data: 0.0001  max mem: 1855
[14:56:47.951059] Epoch: [1]  [6500/9882]  eta: 0:00:47  lr: 0.000002  loss: 1.5040 (1.5044)  time: 0.0137  data: 0.0001  max mem: 1855
[14:56:48.642034] Epoch: [1]  [6550/9882]  eta: 0:00:46  lr: 0.000002  loss: 1.4979 (1.5044)  time: 0.0137  data: 0.0001  max mem: 1855
[14:56:49.324359] Epoch: [1]  [6600/9882]  eta: 0:00:46  lr: 0.000002  loss: 1.4915 (1.5043)  time: 0.0135  data: 0.0001  max mem: 1855
[14:56:50.006603] Epoch: [1]  [6650/9882]  eta: 0:00:45  lr: 0.000002  loss: 1.4927 (1.5043)  time: 0.0139  data: 0.0001  max mem: 1855
[14:56:50.688897] Epoch: [1]  [6700/9882]  eta: 0:00:44  lr: 0.000002  loss: 1.5012 (1.5042)  time: 0.0136  data: 0.0001  max mem: 1855
[14:56:51.378471] Epoch: [1]  [6750/9882]  eta: 0:00:43  lr: 0.000002  loss: 1.4922 (1.5042)  time: 0.0137  data: 0.0001  max mem: 1855
[14:56:52.082465] Epoch: [1]  [6800/9882]  eta: 0:00:43  lr: 0.000002  loss: 1.4909 (1.5042)  time: 0.0141  data: 0.0001  max mem: 1855
[14:56:52.762405] Epoch: [1]  [6850/9882]  eta: 0:00:42  lr: 0.000002  loss: 1.5010 (1.5042)  time: 0.0136  data: 0.0001  max mem: 1855
[14:56:53.460666] Epoch: [1]  [6900/9882]  eta: 0:00:41  lr: 0.000002  loss: 1.4982 (1.5042)  time: 0.0140  data: 0.0001  max mem: 1855
[14:56:54.156234] Epoch: [1]  [6950/9882]  eta: 0:00:41  lr: 0.000002  loss: 1.4995 (1.5042)  time: 0.0141  data: 0.0001  max mem: 1855
[14:56:54.849145] Epoch: [1]  [7000/9882]  eta: 0:00:40  lr: 0.000002  loss: 1.5100 (1.5041)  time: 0.0141  data: 0.0001  max mem: 1855
[14:56:55.552268] Epoch: [1]  [7050/9882]  eta: 0:00:39  lr: 0.000002  loss: 1.4997 (1.5041)  time: 0.0136  data: 0.0001  max mem: 1855
[14:56:56.266184] Epoch: [1]  [7100/9882]  eta: 0:00:38  lr: 0.000002  loss: 1.5105 (1.5041)  time: 0.0146  data: 0.0001  max mem: 1855
[14:56:56.959602] Epoch: [1]  [7150/9882]  eta: 0:00:38  lr: 0.000002  loss: 1.5011 (1.5041)  time: 0.0141  data: 0.0001  max mem: 1855
[14:56:57.657474] Epoch: [1]  [7200/9882]  eta: 0:00:37  lr: 0.000002  loss: 1.4886 (1.5041)  time: 0.0136  data: 0.0001  max mem: 1855
[14:56:58.336383] Epoch: [1]  [7250/9882]  eta: 0:00:36  lr: 0.000002  loss: 1.4969 (1.5041)  time: 0.0134  data: 0.0001  max mem: 1855
[14:56:59.023140] Epoch: [1]  [7300/9882]  eta: 0:00:36  lr: 0.000002  loss: 1.4950 (1.5040)  time: 0.0137  data: 0.0001  max mem: 1855
[14:56:59.712270] Epoch: [1]  [7350/9882]  eta: 0:00:35  lr: 0.000002  loss: 1.4981 (1.5040)  time: 0.0135  data: 0.0001  max mem: 1855
[14:57:00.449720] Epoch: [1]  [7400/9882]  eta: 0:00:34  lr: 0.000002  loss: 1.4983 (1.5040)  time: 0.0140  data: 0.0001  max mem: 1855
[14:57:01.162843] Epoch: [1]  [7450/9882]  eta: 0:00:34  lr: 0.000002  loss: 1.4956 (1.5039)  time: 0.0142  data: 0.0001  max mem: 1855
[14:57:01.870370] Epoch: [1]  [7500/9882]  eta: 0:00:33  lr: 0.000002  loss: 1.4987 (1.5039)  time: 0.0145  data: 0.0001  max mem: 1855
[14:57:02.582506] Epoch: [1]  [7550/9882]  eta: 0:00:32  lr: 0.000002  loss: 1.4972 (1.5039)  time: 0.0138  data: 0.0001  max mem: 1855
[14:57:03.291199] Epoch: [1]  [7600/9882]  eta: 0:00:31  lr: 0.000002  loss: 1.5143 (1.5039)  time: 0.0145  data: 0.0001  max mem: 1855
[14:57:04.002525] Epoch: [1]  [7650/9882]  eta: 0:00:31  lr: 0.000002  loss: 1.5079 (1.5040)  time: 0.0147  data: 0.0001  max mem: 1855
[14:57:04.687837] Epoch: [1]  [7700/9882]  eta: 0:00:30  lr: 0.000002  loss: 1.4999 (1.5039)  time: 0.0135  data: 0.0001  max mem: 1855
[14:57:05.384102] Epoch: [1]  [7750/9882]  eta: 0:00:29  lr: 0.000002  loss: 1.5069 (1.5039)  time: 0.0135  data: 0.0001  max mem: 1855
[14:57:06.076297] Epoch: [1]  [7800/9882]  eta: 0:00:29  lr: 0.000002  loss: 1.5044 (1.5039)  time: 0.0138  data: 0.0001  max mem: 1855
[14:57:06.753353] Epoch: [1]  [7850/9882]  eta: 0:00:28  lr: 0.000002  loss: 1.5120 (1.5039)  time: 0.0133  data: 0.0001  max mem: 1855
[14:57:07.472739] Epoch: [1]  [7900/9882]  eta: 0:00:27  lr: 0.000002  loss: 1.4860 (1.5039)  time: 0.0142  data: 0.0001  max mem: 1855
[14:57:08.187316] Epoch: [1]  [7950/9882]  eta: 0:00:27  lr: 0.000002  loss: 1.5110 (1.5039)  time: 0.0149  data: 0.0001  max mem: 1855
[14:57:08.893724] Epoch: [1]  [8000/9882]  eta: 0:00:26  lr: 0.000002  loss: 1.4917 (1.5039)  time: 0.0143  data: 0.0001  max mem: 1855
[14:57:09.607217] Epoch: [1]  [8050/9882]  eta: 0:00:25  lr: 0.000002  loss: 1.4889 (1.5039)  time: 0.0143  data: 0.0001  max mem: 1855
[14:57:10.322373] Epoch: [1]  [8100/9882]  eta: 0:00:24  lr: 0.000002  loss: 1.5077 (1.5039)  time: 0.0149  data: 0.0001  max mem: 1855
[14:57:11.072460] Epoch: [1]  [8150/9882]  eta: 0:00:24  lr: 0.000002  loss: 1.5077 (1.5039)  time: 0.0151  data: 0.0001  max mem: 1855
[14:57:11.782707] Epoch: [1]  [8200/9882]  eta: 0:00:23  lr: 0.000002  loss: 1.4855 (1.5038)  time: 0.0138  data: 0.0001  max mem: 1855
[14:57:12.507565] Epoch: [1]  [8250/9882]  eta: 0:00:22  lr: 0.000002  loss: 1.5096 (1.5038)  time: 0.0140  data: 0.0001  max mem: 1855
[14:57:13.217780] Epoch: [1]  [8300/9882]  eta: 0:00:22  lr: 0.000002  loss: 1.5018 (1.5038)  time: 0.0141  data: 0.0001  max mem: 1855
[14:57:13.913549] Epoch: [1]  [8350/9882]  eta: 0:00:21  lr: 0.000002  loss: 1.5129 (1.5038)  time: 0.0141  data: 0.0001  max mem: 1855
[14:57:14.639553] Epoch: [1]  [8400/9882]  eta: 0:00:20  lr: 0.000002  loss: 1.4897 (1.5038)  time: 0.0143  data: 0.0001  max mem: 1855
[14:57:15.357563] Epoch: [1]  [8450/9882]  eta: 0:00:20  lr: 0.000002  loss: 1.5059 (1.5038)  time: 0.0137  data: 0.0001  max mem: 1855
[14:57:16.060322] Epoch: [1]  [8500/9882]  eta: 0:00:19  lr: 0.000002  loss: 1.4927 (1.5038)  time: 0.0138  data: 0.0001  max mem: 1855
[14:57:16.752633] Epoch: [1]  [8550/9882]  eta: 0:00:18  lr: 0.000002  loss: 1.4999 (1.5038)  time: 0.0136  data: 0.0001  max mem: 1855
[14:57:17.445721] Epoch: [1]  [8600/9882]  eta: 0:00:17  lr: 0.000002  loss: 1.5151 (1.5038)  time: 0.0142  data: 0.0001  max mem: 1855
[14:57:18.126230] Epoch: [1]  [8650/9882]  eta: 0:00:17  lr: 0.000002  loss: 1.4958 (1.5038)  time: 0.0137  data: 0.0001  max mem: 1855
[14:57:18.815711] Epoch: [1]  [8700/9882]  eta: 0:00:16  lr: 0.000002  loss: 1.4974 (1.5037)  time: 0.0138  data: 0.0001  max mem: 1855
[14:57:19.514900] Epoch: [1]  [8750/9882]  eta: 0:00:15  lr: 0.000002  loss: 1.4967 (1.5037)  time: 0.0139  data: 0.0001  max mem: 1855
[14:57:20.201483] Epoch: [1]  [8800/9882]  eta: 0:00:15  lr: 0.000002  loss: 1.5070 (1.5037)  time: 0.0136  data: 0.0001  max mem: 1855
[14:57:20.883288] Epoch: [1]  [8850/9882]  eta: 0:00:14  lr: 0.000002  loss: 1.4998 (1.5037)  time: 0.0137  data: 0.0001  max mem: 1855
[14:57:21.576764] Epoch: [1]  [8900/9882]  eta: 0:00:13  lr: 0.000002  loss: 1.4934 (1.5036)  time: 0.0141  data: 0.0001  max mem: 1855
[14:57:22.288476] Epoch: [1]  [8950/9882]  eta: 0:00:13  lr: 0.000002  loss: 1.4801 (1.5036)  time: 0.0144  data: 0.0001  max mem: 1855
[14:57:23.009896] Epoch: [1]  [9000/9882]  eta: 0:00:12  lr: 0.000002  loss: 1.5031 (1.5036)  time: 0.0142  data: 0.0001  max mem: 1855
[14:57:23.713615] Epoch: [1]  [9050/9882]  eta: 0:00:11  lr: 0.000002  loss: 1.5017 (1.5036)  time: 0.0139  data: 0.0001  max mem: 1855
[14:57:24.409874] Epoch: [1]  [9100/9882]  eta: 0:00:10  lr: 0.000002  loss: 1.4940 (1.5035)  time: 0.0141  data: 0.0001  max mem: 1855
[14:57:25.118585] Epoch: [1]  [9150/9882]  eta: 0:00:10  lr: 0.000002  loss: 1.4881 (1.5035)  time: 0.0141  data: 0.0001  max mem: 1855
[14:57:25.814344] Epoch: [1]  [9200/9882]  eta: 0:00:09  lr: 0.000002  loss: 1.5005 (1.5035)  time: 0.0140  data: 0.0001  max mem: 1855
[14:57:26.545715] Epoch: [1]  [9250/9882]  eta: 0:00:08  lr: 0.000002  loss: 1.4982 (1.5034)  time: 0.0161  data: 0.0001  max mem: 1855
[14:57:27.246562] Epoch: [1]  [9300/9882]  eta: 0:00:08  lr: 0.000002  loss: 1.4934 (1.5034)  time: 0.0141  data: 0.0001  max mem: 1855
[14:57:27.934486] Epoch: [1]  [9350/9882]  eta: 0:00:07  lr: 0.000002  loss: 1.4963 (1.5034)  time: 0.0137  data: 0.0001  max mem: 1855
[14:57:28.626551] Epoch: [1]  [9400/9882]  eta: 0:00:06  lr: 0.000002  loss: 1.5139 (1.5034)  time: 0.0140  data: 0.0001  max mem: 1855
[14:57:29.320054] Epoch: [1]  [9450/9882]  eta: 0:00:06  lr: 0.000002  loss: 1.4976 (1.5034)  time: 0.0139  data: 0.0001  max mem: 1855
[14:57:30.033299] Epoch: [1]  [9500/9882]  eta: 0:00:05  lr: 0.000002  loss: 1.5089 (1.5034)  time: 0.0144  data: 0.0001  max mem: 1855
[14:57:30.738004] Epoch: [1]  [9550/9882]  eta: 0:00:04  lr: 0.000002  loss: 1.4977 (1.5035)  time: 0.0146  data: 0.0001  max mem: 1855
[14:57:31.448613] Epoch: [1]  [9600/9882]  eta: 0:00:03  lr: 0.000002  loss: 1.4787 (1.5034)  time: 0.0139  data: 0.0001  max mem: 1855
[14:57:32.194229] Epoch: [1]  [9650/9882]  eta: 0:00:03  lr: 0.000002  loss: 1.5012 (1.5034)  time: 0.0156  data: 0.0001  max mem: 1855
[14:57:32.908264] Epoch: [1]  [9700/9882]  eta: 0:00:02  lr: 0.000002  loss: 1.4834 (1.5034)  time: 0.0140  data: 0.0001  max mem: 1855
[14:57:33.646609] Epoch: [1]  [9750/9882]  eta: 0:00:01  lr: 0.000002  loss: 1.4932 (1.5034)  time: 0.0144  data: 0.0001  max mem: 1855
[14:57:34.354951] Epoch: [1]  [9800/9882]  eta: 0:00:01  lr: 0.000002  loss: 1.4920 (1.5034)  time: 0.0141  data: 0.0001  max mem: 1855
[14:57:35.035451] Epoch: [1]  [9850/9882]  eta: 0:00:00  lr: 0.000002  loss: 1.5110 (1.5034)  time: 0.0136  data: 0.0001  max mem: 1855
[14:57:35.510823] Epoch: [1]  [9881/9882]  eta: 0:00:00  lr: 0.000002  loss: 1.5064 (1.5034)  time: 0.0160  data: 0.0010  max mem: 1855
[14:57:35.930831] Epoch: [1] Total time: 0:02:19 (0.0141 s / it)
[14:57:35.941730] Averaged stats: lr: 0.000002  loss: 1.5064 (1.5033)
[14:57:37.319166] Epoch: [2]  [   0/9882]  eta: 3:45:46  lr: 0.000002  loss: 1.5469 (1.5469)  time: 1.3708  data: 1.2198  max mem: 1855
[14:57:38.049371] Epoch: [2]  [  50/9882]  eta: 0:06:44  lr: 0.000002  loss: 1.4955 (1.4995)  time: 0.0143  data: 0.0001  max mem: 1855
[14:57:38.794487] Epoch: [2]  [ 100/9882]  eta: 0:04:35  lr: 0.000002  loss: 1.5068 (1.4994)  time: 0.0161  data: 0.0001  max mem: 1855
[14:57:39.485402] Epoch: [2]  [ 150/9882]  eta: 0:03:47  lr: 0.000002  loss: 1.4902 (1.4994)  time: 0.0135  data: 0.0001  max mem: 1855
[14:57:40.209121] Epoch: [2]  [ 200/9882]  eta: 0:03:24  lr: 0.000002  loss: 1.5003 (1.5009)  time: 0.0144  data: 0.0001  max mem: 1855
[14:57:40.906158] Epoch: [2]  [ 250/9882]  eta: 0:03:09  lr: 0.000002  loss: 1.4949 (1.5003)  time: 0.0140  data: 0.0001  max mem: 1855
[14:57:41.611285] Epoch: [2]  [ 300/9882]  eta: 0:02:59  lr: 0.000002  loss: 1.5002 (1.4993)  time: 0.0138  data: 0.0001  max mem: 1855
[14:57:42.312372] Epoch: [2]  [ 350/9882]  eta: 0:02:52  lr: 0.000002  loss: 1.5020 (1.4997)  time: 0.0138  data: 0.0001  max mem: 1855
[14:57:42.992019] Epoch: [2]  [ 400/9882]  eta: 0:02:46  lr: 0.000002  loss: 1.5001 (1.4995)  time: 0.0138  data: 0.0001  max mem: 1855
[14:57:43.687563] Epoch: [2]  [ 450/9882]  eta: 0:02:41  lr: 0.000002  loss: 1.4858 (1.4985)  time: 0.0135  data: 0.0001  max mem: 1855
[14:57:44.365525] Epoch: [2]  [ 500/9882]  eta: 0:02:37  lr: 0.000002  loss: 1.4977 (1.4988)  time: 0.0136  data: 0.0001  max mem: 1855
[14:57:45.072444] Epoch: [2]  [ 550/9882]  eta: 0:02:34  lr: 0.000002  loss: 1.5010 (1.4992)  time: 0.0140  data: 0.0001  max mem: 1855
[14:57:45.759786] Epoch: [2]  [ 600/9882]  eta: 0:02:31  lr: 0.000002  loss: 1.5013 (1.4991)  time: 0.0138  data: 0.0001  max mem: 1855
[14:57:46.467926] Epoch: [2]  [ 650/9882]  eta: 0:02:28  lr: 0.000002  loss: 1.4906 (1.4993)  time: 0.0140  data: 0.0001  max mem: 1855
[14:57:47.200362] Epoch: [2]  [ 700/9882]  eta: 0:02:27  lr: 0.000002  loss: 1.5142 (1.4997)  time: 0.0148  data: 0.0001  max mem: 1855
[14:57:47.887869] Epoch: [2]  [ 750/9882]  eta: 0:02:24  lr: 0.000002  loss: 1.4882 (1.4993)  time: 0.0138  data: 0.0001  max mem: 1855
slurmstepd: error: *** JOB 29243448 ON gpu210-18 CANCELLED AT 2023-11-07T14:57:47 ***
